[INFO ] 2020-07-19 10:00:30 [restartedMain] [com.kams.KAMSApplication] ====message: Starting KAMSApplication on CNHTPYHZ2 with PID 12684 (D:\TFS\Local\KAMS\target\classes started by change in D:\TFS\Local\KAMS)
[INFO ] 2020-07-19 10:00:30 [restartedMain] [com.kams.KAMSApplication] ====message: The following profiles are active: uat
[INFO ] 2020-07-19 10:00:30 [restartedMain] [o.s.b.d.restart.ChangeableUrls] ====message: The Class-Path manifest attribute in D:\JavaDevelopment\maven\maven-repository\com\mchange\c3p0\0.9.5.4\c3p0-0.9.5.4.jar referenced one or more files that do not exist: file:/D:/JavaDevelopment/maven/maven-repository/com/mchange/c3p0/0.9.5.4/mchange-commons-java-0.2.15.jar
[INFO ] 2020-07-19 10:00:30 [restartedMain] [o.s.b.d.e.DevToolsPropertyDefaultsPostProcessor] ====message: Devtools property defaults active! Set 'spring.devtools.add-properties' to 'false' to disable
[INFO ] 2020-07-19 10:00:30 [restartedMain] [o.s.b.d.e.DevToolsPropertyDefaultsPostProcessor] ====message: For additional web related logging consider setting the 'logging.level.web' property to 'DEBUG'
[INFO ] 2020-07-19 10:00:30 [restartedMain] [o.s.b.w.e.tomcat.TomcatWebServer] ====message: Tomcat initialized with port(s): 9082 (http)
[INFO ] 2020-07-19 10:00:30 [restartedMain] [o.a.coyote.http11.Http11NioProtocol] ====message: Initializing ProtocolHandler ["http-nio-9082"]
[INFO ] 2020-07-19 10:00:30 [restartedMain] [o.a.catalina.core.StandardService] ====message: Starting service [Tomcat]
[INFO ] 2020-07-19 10:00:30 [restartedMain] [o.a.catalina.core.StandardEngine] ====message: Starting Servlet engine: [Apache Tomcat/9.0.36]
[INFO ] 2020-07-19 10:00:30 [restartedMain] [o.a.c.c.C.[Tomcat].[localhost].[/]] ====message: Initializing Spring embedded WebApplicationContext
[INFO ] 2020-07-19 10:00:30 [restartedMain] [o.s.b.w.s.c.ServletWebServerApplicationContext] ====message: Root WebApplicationContext: initialization completed in 2360 ms
[INFO ] 2020-07-19 10:00:30 [MLog-Init-Reporter] [com.mchange.v2.log.MLog] ====message: MLog clients using slf4j logging.
[INFO ] 2020-07-19 10:00:30 [restartedMain] [com.mchange.v2.c3p0.C3P0Registry] ====message: Initializing c3p0-0.9.5.4 [built 23-March-2019 23:00:48 -0700; debug? true; trace: 10]
[INFO ] 2020-07-19 10:00:30 [restartedMain] [o.s.s.c.ThreadPoolTaskExecutor] ====message: Initializing ExecutorService 'applicationTaskExecutor'
[INFO ] 2020-07-19 10:00:30 [restartedMain] [org.quartz.impl.StdSchedulerFactory] ====message: Using default implementation for ThreadExecutor
[INFO ] 2020-07-19 10:00:30 [restartedMain] [o.quartz.core.SchedulerSignalerImpl] ====message: Initialized Scheduler Signaller of type: class org.quartz.core.SchedulerSignalerImpl
[INFO ] 2020-07-19 10:00:30 [restartedMain] [org.quartz.core.QuartzScheduler] ====message: Quartz Scheduler v.2.3.2 created.
[INFO ] 2020-07-19 10:00:30 [restartedMain] [org.quartz.simpl.RAMJobStore] ====message: RAMJobStore initialized.
[INFO ] 2020-07-19 10:00:30 [restartedMain] [org.quartz.core.QuartzScheduler] ====message: Scheduler meta-data: Quartz Scheduler (v2.3.2) 'quartzScheduler' with instanceId 'NON_CLUSTERED'
  Scheduler class: 'org.quartz.core.QuartzScheduler' - running locally.
  NOT STARTED.
  Currently in standby mode.
  Number of jobs executed: 0
  Using thread pool 'org.quartz.simpl.SimpleThreadPool' - with 10 threads.
  Using job-store 'org.quartz.simpl.RAMJobStore' - which does not support persistence. and is not clustered.

[INFO ] 2020-07-19 10:00:30 [restartedMain] [org.quartz.impl.StdSchedulerFactory] ====message: Quartz scheduler 'quartzScheduler' initialized from an externally provided properties instance.
[INFO ] 2020-07-19 10:00:30 [restartedMain] [org.quartz.impl.StdSchedulerFactory] ====message: Quartz scheduler version: 2.3.2
[INFO ] 2020-07-19 10:00:30 [restartedMain] [org.quartz.core.QuartzScheduler] ====message: JobFactory set to: org.springframework.scheduling.quartz.SpringBeanJobFactory@705a30d3
[INFO ] 2020-07-19 10:00:30 [restartedMain] [o.s.b.d.a.OptionalLiveReloadServer] ====message: LiveReload server is running on port 35729
[INFO ] 2020-07-19 10:00:30 [restartedMain] [o.a.coyote.http11.Http11NioProtocol] ====message: Starting ProtocolHandler ["http-nio-9082"]
[INFO ] 2020-07-19 10:00:30 [restartedMain] [o.s.b.w.e.tomcat.TomcatWebServer] ====message: Tomcat started on port(s): 9082 (http) with context path ''
[INFO ] 2020-07-19 10:00:30 [restartedMain] [o.s.s.quartz.SchedulerFactoryBean] ====message: Starting Quartz Scheduler now
[INFO ] 2020-07-19 10:00:30 [restartedMain] [org.quartz.core.QuartzScheduler] ====message: Scheduler quartzScheduler_$_NON_CLUSTERED started.
[INFO ] 2020-07-19 10:00:30 [restartedMain] [c.m.v.c.i.AbstractPoolBackedDataSource] ====message: Initializing c3p0 pool... com.mchange.v2.c3p0.ComboPooledDataSource [ acquireIncrement -> 3, acquireRetryAttempts -> 30, acquireRetryDelay -> 1000, autoCommitOnClose -> false, automaticTestTable -> null, breakAfterAcquireFailure -> false, checkoutTimeout -> 0, connectionCustomizerClassName -> null, connectionTesterClassName -> com.mchange.v2.c3p0.impl.DefaultConnectionTester, contextClassLoaderSource -> caller, dataSourceName -> 2ybz0jabryvk0xvpr9nn|5d4a8580, debugUnreturnedConnectionStackTraces -> false, description -> null, driverClass -> com.microsoft.sqlserver.jdbc.SQLServerDriver, extensions -> {}, factoryClassLocation -> null, forceIgnoreUnresolvedTransactions -> false, forceSynchronousCheckins -> false, forceUseNamedDriverClass -> false, identityToken -> 2ybz0jabryvk0xvpr9nn|5d4a8580, idleConnectionTestPeriod -> 0, initialPoolSize -> 3, jdbcUrl -> jdbc:sqlserver://10.164.4.53:1433;DatabaseName=TestEnv, maxAdministrativeTaskTime -> 0, maxConnectionAge -> 0, maxIdleTime -> 0, maxIdleTimeExcessConnections -> 0, maxPoolSize -> 15, maxStatements -> 0, maxStatementsPerConnection -> 0, minPoolSize -> 3, numHelperThreads -> 3, preferredTestQuery -> null, privilegeSpawnedThreads -> false, properties -> {user=******, password=******}, propertyCycle -> 0, statementCacheNumDeferredCloseThreads -> 0, testConnectionOnCheckin -> false, testConnectionOnCheckout -> false, unreturnedConnectionTimeout -> 0, userOverrides -> {}, usesTraditionalReflectiveProxies -> false ]
[INFO ] 2020-07-19 10:00:30 [restartedMain] [o.s.s.a.ScheduledAnnotationBeanPostProcessor] ====message: No TaskScheduler/ScheduledExecutorService bean found for scheduled processing
[INFO ] 2020-07-19 10:00:30 [restartedMain] [com.kams.KAMSApplication] ====message: Started KAMSApplication in 4.449 seconds (JVM running for 6.626)
[INFO ] 2020-07-19 10:00:30 [http-nio-9082-exec-2] [o.a.c.c.C.[Tomcat].[localhost].[/]] ====message: Initializing Spring DispatcherServlet 'dispatcherServlet'
[INFO ] 2020-07-19 10:00:30 [http-nio-9082-exec-2] [o.s.web.servlet.DispatcherServlet] ====message: Initializing Servlet 'dispatcherServlet'
[INFO ] 2020-07-19 10:00:30 [http-nio-9082-exec-2] [o.s.web.servlet.DispatcherServlet] ====message: Completed initialization in 5 ms
[INFO ] 2020-07-19 10:00:30 [http-nio-9082-exec-10] [com.kams.service.LogonService] ====message: li, kevin历史用户信息：无更新
[INFO ] 2020-07-19 10:00:30 [Thread-176] [org.quartz.core.QuartzScheduler] ====message: Scheduler quartzScheduler_$_NON_CLUSTERED paused.
[INFO ] 2020-07-19 10:00:30 [Thread-176] [o.s.s.quartz.SchedulerFactoryBean] ====message: Shutting down Quartz Scheduler
[INFO ] 2020-07-19 10:00:30 [Thread-176] [org.quartz.core.QuartzScheduler] ====message: Scheduler quartzScheduler_$_NON_CLUSTERED shutting down.
[INFO ] 2020-07-19 10:00:30 [Thread-176] [org.quartz.core.QuartzScheduler] ====message: Scheduler quartzScheduler_$_NON_CLUSTERED paused.
[INFO ] 2020-07-19 10:00:30 [Thread-176] [org.quartz.core.QuartzScheduler] ====message: Scheduler quartzScheduler_$_NON_CLUSTERED shutdown complete.
[INFO ] 2020-07-19 10:00:30 [Thread-176] [o.s.s.c.ThreadPoolTaskExecutor] ====message: Shutting down ExecutorService 'applicationTaskExecutor'
[INFO ] 2020-07-19 10:05:35 [restartedMain] [com.kams.KAMSApplication] ====message: Starting KAMSApplication on CNHTPYHZ2 with PID 12684 (D:\TFS\Local\KAMS\target\classes started by change in D:\TFS\Local\KAMS)
[INFO ] 2020-07-19 10:05:35 [restartedMain] [com.kams.KAMSApplication] ====message: The following profiles are active: uat
[INFO ] 2020-07-19 10:05:35 [restartedMain] [o.s.b.w.e.tomcat.TomcatWebServer] ====message: Tomcat initialized with port(s): 9082 (http)
[INFO ] 2020-07-19 10:05:35 [restartedMain] [o.a.coyote.http11.Http11NioProtocol] ====message: Initializing ProtocolHandler ["http-nio-9082"]
[INFO ] 2020-07-19 10:05:35 [restartedMain] [o.a.catalina.core.StandardService] ====message: Starting service [Tomcat]
[INFO ] 2020-07-19 10:05:35 [restartedMain] [o.a.catalina.core.StandardEngine] ====message: Starting Servlet engine: [Apache Tomcat/9.0.36]
[INFO ] 2020-07-19 10:05:35 [restartedMain] [o.a.c.c.C.[Tomcat].[localhost].[/]] ====message: Initializing Spring embedded WebApplicationContext
[INFO ] 2020-07-19 10:05:35 [restartedMain] [o.s.b.w.s.c.ServletWebServerApplicationContext] ====message: Root WebApplicationContext: initialization completed in 354 ms
[INFO ] 2020-07-19 10:05:35 [restartedMain] [o.s.s.c.ThreadPoolTaskExecutor] ====message: Initializing ExecutorService 'applicationTaskExecutor'
[INFO ] 2020-07-19 10:05:35 [restartedMain] [o.s.s.c.ThreadPoolTaskExecutor] ====message: Shutting down ExecutorService 'applicationTaskExecutor'
[INFO ] 2020-07-19 10:05:35 [restartedMain] [o.a.catalina.core.StandardService] ====message: Stopping service [Tomcat]
[INFO ] 2020-07-19 10:05:39 [restartedMain] [com.kams.KAMSApplication] ====message: Starting KAMSApplication on CNHTPYHZ2 with PID 12684 (D:\TFS\Local\KAMS\target\classes started by change in D:\TFS\Local\KAMS)
[INFO ] 2020-07-19 10:05:39 [restartedMain] [com.kams.KAMSApplication] ====message: The following profiles are active: uat
[INFO ] 2020-07-19 10:05:39 [restartedMain] [o.s.b.w.e.tomcat.TomcatWebServer] ====message: Tomcat initialized with port(s): 9082 (http)
[INFO ] 2020-07-19 10:05:39 [restartedMain] [o.a.coyote.http11.Http11NioProtocol] ====message: Initializing ProtocolHandler ["http-nio-9082"]
[INFO ] 2020-07-19 10:05:39 [restartedMain] [o.a.catalina.core.StandardService] ====message: Starting service [Tomcat]
[INFO ] 2020-07-19 10:05:39 [restartedMain] [o.a.catalina.core.StandardEngine] ====message: Starting Servlet engine: [Apache Tomcat/9.0.36]
[INFO ] 2020-07-19 10:05:39 [restartedMain] [o.a.c.c.C.[Tomcat-1].[localhost].[/]] ====message: Initializing Spring embedded WebApplicationContext
[INFO ] 2020-07-19 10:05:39 [restartedMain] [o.s.b.w.s.c.ServletWebServerApplicationContext] ====message: Root WebApplicationContext: initialization completed in 364 ms
[INFO ] 2020-07-19 10:05:39 [restartedMain] [o.s.s.c.ThreadPoolTaskExecutor] ====message: Initializing ExecutorService 'applicationTaskExecutor'
[INFO ] 2020-07-19 10:05:39 [restartedMain] [o.s.s.c.ThreadPoolTaskExecutor] ====message: Shutting down ExecutorService 'applicationTaskExecutor'
[INFO ] 2020-07-19 10:05:39 [restartedMain] [o.a.catalina.core.StandardService] ====message: Stopping service [Tomcat]
[INFO ] 2020-07-19 10:05:42 [restartedMain] [com.kams.KAMSApplication] ====message: Starting KAMSApplication on CNHTPYHZ2 with PID 12684 (D:\TFS\Local\KAMS\target\classes started by change in D:\TFS\Local\KAMS)
[INFO ] 2020-07-19 10:05:42 [restartedMain] [com.kams.KAMSApplication] ====message: The following profiles are active: uat
[INFO ] 2020-07-19 10:05:42 [restartedMain] [o.s.b.w.e.tomcat.TomcatWebServer] ====message: Tomcat initialized with port(s): 9082 (http)
[INFO ] 2020-07-19 10:05:42 [restartedMain] [o.a.coyote.http11.Http11NioProtocol] ====message: Initializing ProtocolHandler ["http-nio-9082"]
[INFO ] 2020-07-19 10:05:42 [restartedMain] [o.a.catalina.core.StandardService] ====message: Starting service [Tomcat]
[INFO ] 2020-07-19 10:05:42 [restartedMain] [o.a.catalina.core.StandardEngine] ====message: Starting Servlet engine: [Apache Tomcat/9.0.36]
[INFO ] 2020-07-19 10:05:42 [restartedMain] [o.a.c.c.C.[Tomcat-2].[localhost].[/]] ====message: Initializing Spring embedded WebApplicationContext
[INFO ] 2020-07-19 10:05:42 [restartedMain] [o.s.b.w.s.c.ServletWebServerApplicationContext] ====message: Root WebApplicationContext: initialization completed in 1011 ms
[INFO ] 2020-07-19 10:05:42 [restartedMain] [o.s.s.c.ThreadPoolTaskExecutor] ====message: Initializing ExecutorService 'applicationTaskExecutor'
[INFO ] 2020-07-19 10:05:42 [restartedMain] [org.quartz.impl.StdSchedulerFactory] ====message: Using default implementation for ThreadExecutor
[INFO ] 2020-07-19 10:05:42 [restartedMain] [o.quartz.core.SchedulerSignalerImpl] ====message: Initialized Scheduler Signaller of type: class org.quartz.core.SchedulerSignalerImpl
[INFO ] 2020-07-19 10:05:42 [restartedMain] [org.quartz.core.QuartzScheduler] ====message: Quartz Scheduler v.2.3.2 created.
[INFO ] 2020-07-19 10:05:42 [restartedMain] [org.quartz.simpl.RAMJobStore] ====message: RAMJobStore initialized.
[INFO ] 2020-07-19 10:05:42 [restartedMain] [org.quartz.core.QuartzScheduler] ====message: Scheduler meta-data: Quartz Scheduler (v2.3.2) 'quartzScheduler' with instanceId 'NON_CLUSTERED'
  Scheduler class: 'org.quartz.core.QuartzScheduler' - running locally.
  NOT STARTED.
  Currently in standby mode.
  Number of jobs executed: 0
  Using thread pool 'org.quartz.simpl.SimpleThreadPool' - with 10 threads.
  Using job-store 'org.quartz.simpl.RAMJobStore' - which does not support persistence. and is not clustered.

[INFO ] 2020-07-19 10:05:42 [restartedMain] [org.quartz.impl.StdSchedulerFactory] ====message: Quartz scheduler 'quartzScheduler' initialized from an externally provided properties instance.
[INFO ] 2020-07-19 10:05:42 [restartedMain] [org.quartz.impl.StdSchedulerFactory] ====message: Quartz scheduler version: 2.3.2
[INFO ] 2020-07-19 10:05:42 [restartedMain] [org.quartz.core.QuartzScheduler] ====message: JobFactory set to: org.springframework.scheduling.quartz.SpringBeanJobFactory@6bf5d2f8
[INFO ] 2020-07-19 10:05:42 [restartedMain] [o.s.b.d.a.OptionalLiveReloadServer] ====message: LiveReload server is running on port 35729
[INFO ] 2020-07-19 10:05:42 [restartedMain] [o.a.coyote.http11.Http11NioProtocol] ====message: Starting ProtocolHandler ["http-nio-9082"]
[INFO ] 2020-07-19 10:05:42 [restartedMain] [o.s.b.w.e.tomcat.TomcatWebServer] ====message: Tomcat started on port(s): 9082 (http) with context path ''
[INFO ] 2020-07-19 10:05:42 [restartedMain] [o.s.s.quartz.SchedulerFactoryBean] ====message: Starting Quartz Scheduler now
[INFO ] 2020-07-19 10:05:42 [restartedMain] [org.quartz.core.QuartzScheduler] ====message: Scheduler quartzScheduler_$_NON_CLUSTERED started.
[INFO ] 2020-07-19 10:05:42 [restartedMain] [c.m.v.c.i.AbstractPoolBackedDataSource] ====message: Initializing c3p0 pool... com.mchange.v2.c3p0.ComboPooledDataSource [ acquireIncrement -> 3, acquireRetryAttempts -> 30, acquireRetryDelay -> 1000, autoCommitOnClose -> false, automaticTestTable -> null, breakAfterAcquireFailure -> false, checkoutTimeout -> 0, connectionCustomizerClassName -> null, connectionTesterClassName -> com.mchange.v2.c3p0.impl.DefaultConnectionTester, contextClassLoaderSource -> caller, dataSourceName -> 2ybz0jabryvk0xvpr9nn|6225d5ab, debugUnreturnedConnectionStackTraces -> false, description -> null, driverClass -> com.microsoft.sqlserver.jdbc.SQLServerDriver, extensions -> {}, factoryClassLocation -> null, forceIgnoreUnresolvedTransactions -> false, forceSynchronousCheckins -> false, forceUseNamedDriverClass -> false, identityToken -> 2ybz0jabryvk0xvpr9nn|6225d5ab, idleConnectionTestPeriod -> 0, initialPoolSize -> 3, jdbcUrl -> jdbc:sqlserver://10.164.4.53:1433;DatabaseName=TestEnv, maxAdministrativeTaskTime -> 0, maxConnectionAge -> 0, maxIdleTime -> 0, maxIdleTimeExcessConnections -> 0, maxPoolSize -> 15, maxStatements -> 0, maxStatementsPerConnection -> 0, minPoolSize -> 3, numHelperThreads -> 3, preferredTestQuery -> null, privilegeSpawnedThreads -> false, properties -> {user=******, password=******}, propertyCycle -> 0, statementCacheNumDeferredCloseThreads -> 0, testConnectionOnCheckin -> false, testConnectionOnCheckout -> false, unreturnedConnectionTimeout -> 0, userOverrides -> {}, usesTraditionalReflectiveProxies -> false ]
[INFO ] 2020-07-19 10:05:42 [restartedMain] [o.s.s.a.ScheduledAnnotationBeanPostProcessor] ====message: No TaskScheduler/ScheduledExecutorService bean found for scheduled processing
[INFO ] 2020-07-19 10:05:42 [restartedMain] [com.kams.KAMSApplication] ====message: Started KAMSApplication in 1.724 seconds (JVM running for 316.757)
[INFO ] 2020-07-19 10:05:42 [restartedMain] [o.s.b.d.a.ConditionEvaluationDeltaLoggingListener] ====message: Condition evaluation unchanged
[INFO ] 2020-07-19 10:05:44 [main] [com.kams.KamsApplicationTests] ====message: Starting KamsApplicationTests on CNHTPYHZ2 with PID 1760 (started by change in D:\TFS\Local\KAMS)
[INFO ] 2020-07-19 10:05:44 [main] [com.kams.KamsApplicationTests] ====message: The following profiles are active: uat
[INFO ] 2020-07-19 10:05:44 [MLog-Init-Reporter] [com.mchange.v2.log.MLog] ====message: MLog clients using slf4j logging.
[INFO ] 2020-07-19 10:05:44 [main] [com.mchange.v2.c3p0.C3P0Registry] ====message: Initializing c3p0-0.9.5.4 [built 23-March-2019 23:00:48 -0700; debug? true; trace: 10]
[INFO ] 2020-07-19 10:05:44 [main] [o.s.s.c.ThreadPoolTaskExecutor] ====message: Initializing ExecutorService 'applicationTaskExecutor'
[INFO ] 2020-07-19 10:05:44 [main] [org.quartz.impl.StdSchedulerFactory] ====message: Using default implementation for ThreadExecutor
[INFO ] 2020-07-19 10:05:44 [main] [o.quartz.core.SchedulerSignalerImpl] ====message: Initialized Scheduler Signaller of type: class org.quartz.core.SchedulerSignalerImpl
[INFO ] 2020-07-19 10:05:44 [main] [org.quartz.core.QuartzScheduler] ====message: Quartz Scheduler v.2.3.2 created.
[INFO ] 2020-07-19 10:05:44 [main] [org.quartz.simpl.RAMJobStore] ====message: RAMJobStore initialized.
[INFO ] 2020-07-19 10:05:44 [main] [org.quartz.core.QuartzScheduler] ====message: Scheduler meta-data: Quartz Scheduler (v2.3.2) 'quartzScheduler' with instanceId 'NON_CLUSTERED'
  Scheduler class: 'org.quartz.core.QuartzScheduler' - running locally.
  NOT STARTED.
  Currently in standby mode.
  Number of jobs executed: 0
  Using thread pool 'org.quartz.simpl.SimpleThreadPool' - with 10 threads.
  Using job-store 'org.quartz.simpl.RAMJobStore' - which does not support persistence. and is not clustered.

[INFO ] 2020-07-19 10:05:44 [main] [org.quartz.impl.StdSchedulerFactory] ====message: Quartz scheduler 'quartzScheduler' initialized from an externally provided properties instance.
[INFO ] 2020-07-19 10:05:44 [main] [org.quartz.impl.StdSchedulerFactory] ====message: Quartz scheduler version: 2.3.2
[INFO ] 2020-07-19 10:05:44 [main] [org.quartz.core.QuartzScheduler] ====message: JobFactory set to: org.springframework.scheduling.quartz.SpringBeanJobFactory@7bf01cb
[INFO ] 2020-07-19 10:05:44 [main] [o.s.s.quartz.SchedulerFactoryBean] ====message: Starting Quartz Scheduler now
[INFO ] 2020-07-19 10:05:44 [main] [org.quartz.core.QuartzScheduler] ====message: Scheduler quartzScheduler_$_NON_CLUSTERED started.
[INFO ] 2020-07-19 10:05:44 [main] [c.m.v.c.i.AbstractPoolBackedDataSource] ====message: Initializing c3p0 pool... com.mchange.v2.c3p0.ComboPooledDataSource [ acquireIncrement -> 3, acquireRetryAttempts -> 30, acquireRetryDelay -> 1000, autoCommitOnClose -> false, automaticTestTable -> null, breakAfterAcquireFailure -> false, checkoutTimeout -> 0, connectionCustomizerClassName -> null, connectionTesterClassName -> com.mchange.v2.c3p0.impl.DefaultConnectionTester, contextClassLoaderSource -> caller, dataSourceName -> 2ybz0jabrz29up1574k8k|514cd540, debugUnreturnedConnectionStackTraces -> false, description -> null, driverClass -> com.microsoft.sqlserver.jdbc.SQLServerDriver, extensions -> {}, factoryClassLocation -> null, forceIgnoreUnresolvedTransactions -> false, forceSynchronousCheckins -> false, forceUseNamedDriverClass -> false, identityToken -> 2ybz0jabrz29up1574k8k|514cd540, idleConnectionTestPeriod -> 0, initialPoolSize -> 3, jdbcUrl -> jdbc:sqlserver://10.164.4.53:1433;DatabaseName=TestEnv, maxAdministrativeTaskTime -> 0, maxConnectionAge -> 0, maxIdleTime -> 0, maxIdleTimeExcessConnections -> 0, maxPoolSize -> 15, maxStatements -> 0, maxStatementsPerConnection -> 0, minPoolSize -> 3, numHelperThreads -> 3, preferredTestQuery -> null, privilegeSpawnedThreads -> false, properties -> {user=******, password=******}, propertyCycle -> 0, statementCacheNumDeferredCloseThreads -> 0, testConnectionOnCheckin -> false, testConnectionOnCheckout -> false, unreturnedConnectionTimeout -> 0, userOverrides -> {}, usesTraditionalReflectiveProxies -> false ]
[INFO ] 2020-07-19 10:05:44 [main] [o.s.s.a.ScheduledAnnotationBeanPostProcessor] ====message: No TaskScheduler/ScheduledExecutorService bean found for scheduled processing
[INFO ] 2020-07-19 10:05:44 [main] [com.kams.KamsApplicationTests] ====message: Started KamsApplicationTests in 3.564 seconds (JVM running for 4.74)
[INFO ] 2020-07-19 10:05:44 [SpringContextShutdownHook] [org.quartz.core.QuartzScheduler] ====message: Scheduler quartzScheduler_$_NON_CLUSTERED paused.
[INFO ] 2020-07-19 10:05:44 [SpringContextShutdownHook] [o.s.s.quartz.SchedulerFactoryBean] ====message: Shutting down Quartz Scheduler
[INFO ] 2020-07-19 10:05:44 [SpringContextShutdownHook] [org.quartz.core.QuartzScheduler] ====message: Scheduler quartzScheduler_$_NON_CLUSTERED shutting down.
[INFO ] 2020-07-19 10:05:44 [SpringContextShutdownHook] [org.quartz.core.QuartzScheduler] ====message: Scheduler quartzScheduler_$_NON_CLUSTERED paused.
[INFO ] 2020-07-19 10:05:44 [SpringContextShutdownHook] [org.quartz.core.QuartzScheduler] ====message: Scheduler quartzScheduler_$_NON_CLUSTERED shutdown complete.
[INFO ] 2020-07-19 10:05:44 [SpringContextShutdownHook] [o.s.s.c.ThreadPoolTaskExecutor] ====message: Shutting down ExecutorService 'applicationTaskExecutor'
[INFO ] 2020-07-19 10:05:42 [RMI TCP Connection(2)-127.0.0.1] [o.s.b.a.SpringApplicationAdminMXBeanRegistrar$SpringApplicationAdmin] ====message: Application shutdown requested.
[INFO ] 2020-07-19 10:05:42 [RMI TCP Connection(2)-127.0.0.1] [org.quartz.core.QuartzScheduler] ====message: Scheduler quartzScheduler_$_NON_CLUSTERED paused.
[INFO ] 2020-07-19 10:05:42 [RMI TCP Connection(2)-127.0.0.1] [o.s.s.quartz.SchedulerFactoryBean] ====message: Shutting down Quartz Scheduler
[INFO ] 2020-07-19 10:05:42 [RMI TCP Connection(2)-127.0.0.1] [org.quartz.core.QuartzScheduler] ====message: Scheduler quartzScheduler_$_NON_CLUSTERED shutting down.
[INFO ] 2020-07-19 10:05:42 [RMI TCP Connection(2)-127.0.0.1] [org.quartz.core.QuartzScheduler] ====message: Scheduler quartzScheduler_$_NON_CLUSTERED paused.
[INFO ] 2020-07-19 10:05:42 [RMI TCP Connection(2)-127.0.0.1] [org.quartz.core.QuartzScheduler] ====message: Scheduler quartzScheduler_$_NON_CLUSTERED shutdown complete.
[INFO ] 2020-07-19 10:05:42 [RMI TCP Connection(2)-127.0.0.1] [o.s.s.c.ThreadPoolTaskExecutor] ====message: Shutting down ExecutorService 'applicationTaskExecutor'
[INFO ] 2020-07-19 10:06:08 [main] [com.kams.KamsApplicationTests] ====message: Starting KamsApplicationTests on CNHTPYHZ2 with PID 3756 (started by change in D:\TFS\Local\KAMS)
[INFO ] 2020-07-19 10:06:08 [main] [com.kams.KamsApplicationTests] ====message: The following profiles are active: uat
[INFO ] 2020-07-19 10:06:08 [MLog-Init-Reporter] [com.mchange.v2.log.MLog] ====message: MLog clients using slf4j logging.
[INFO ] 2020-07-19 10:06:08 [main] [com.mchange.v2.c3p0.C3P0Registry] ====message: Initializing c3p0-0.9.5.4 [built 23-March-2019 23:00:48 -0700; debug? true; trace: 10]
[INFO ] 2020-07-19 10:06:08 [main] [o.s.s.c.ThreadPoolTaskExecutor] ====message: Initializing ExecutorService 'applicationTaskExecutor'
[INFO ] 2020-07-19 10:06:08 [main] [org.quartz.impl.StdSchedulerFactory] ====message: Using default implementation for ThreadExecutor
[INFO ] 2020-07-19 10:06:08 [main] [o.quartz.core.SchedulerSignalerImpl] ====message: Initialized Scheduler Signaller of type: class org.quartz.core.SchedulerSignalerImpl
[INFO ] 2020-07-19 10:06:08 [main] [org.quartz.core.QuartzScheduler] ====message: Quartz Scheduler v.2.3.2 created.
[INFO ] 2020-07-19 10:06:08 [main] [org.quartz.simpl.RAMJobStore] ====message: RAMJobStore initialized.
[INFO ] 2020-07-19 10:06:08 [main] [org.quartz.core.QuartzScheduler] ====message: Scheduler meta-data: Quartz Scheduler (v2.3.2) 'quartzScheduler' with instanceId 'NON_CLUSTERED'
  Scheduler class: 'org.quartz.core.QuartzScheduler' - running locally.
  NOT STARTED.
  Currently in standby mode.
  Number of jobs executed: 0
  Using thread pool 'org.quartz.simpl.SimpleThreadPool' - with 10 threads.
  Using job-store 'org.quartz.simpl.RAMJobStore' - which does not support persistence. and is not clustered.

[INFO ] 2020-07-19 10:06:08 [main] [org.quartz.impl.StdSchedulerFactory] ====message: Quartz scheduler 'quartzScheduler' initialized from an externally provided properties instance.
[INFO ] 2020-07-19 10:06:08 [main] [org.quartz.impl.StdSchedulerFactory] ====message: Quartz scheduler version: 2.3.2
[INFO ] 2020-07-19 10:06:08 [main] [org.quartz.core.QuartzScheduler] ====message: JobFactory set to: org.springframework.scheduling.quartz.SpringBeanJobFactory@1e4c6583
[INFO ] 2020-07-19 10:06:08 [main] [o.s.s.quartz.SchedulerFactoryBean] ====message: Starting Quartz Scheduler now
[INFO ] 2020-07-19 10:06:08 [main] [org.quartz.core.QuartzScheduler] ====message: Scheduler quartzScheduler_$_NON_CLUSTERED started.
[INFO ] 2020-07-19 10:06:08 [main] [c.m.v.c.i.AbstractPoolBackedDataSource] ====message: Initializing c3p0 pool... com.mchange.v2.c3p0.ComboPooledDataSource [ acquireIncrement -> 3, acquireRetryAttempts -> 30, acquireRetryDelay -> 1000, autoCommitOnClose -> false, automaticTestTable -> null, breakAfterAcquireFailure -> false, checkoutTimeout -> 0, connectionCustomizerClassName -> null, connectionTesterClassName -> com.mchange.v2.c3p0.impl.DefaultConnectionTester, contextClassLoaderSource -> caller, dataSourceName -> 2ybz0jabrz2ruu1uelgrp|4b2e3e8f, debugUnreturnedConnectionStackTraces -> false, description -> null, driverClass -> com.microsoft.sqlserver.jdbc.SQLServerDriver, extensions -> {}, factoryClassLocation -> null, forceIgnoreUnresolvedTransactions -> false, forceSynchronousCheckins -> false, forceUseNamedDriverClass -> false, identityToken -> 2ybz0jabrz2ruu1uelgrp|4b2e3e8f, idleConnectionTestPeriod -> 0, initialPoolSize -> 3, jdbcUrl -> jdbc:sqlserver://10.164.4.53:1433;DatabaseName=TestEnv, maxAdministrativeTaskTime -> 0, maxConnectionAge -> 0, maxIdleTime -> 0, maxIdleTimeExcessConnections -> 0, maxPoolSize -> 15, maxStatements -> 0, maxStatementsPerConnection -> 0, minPoolSize -> 3, numHelperThreads -> 3, preferredTestQuery -> null, privilegeSpawnedThreads -> false, properties -> {user=******, password=******}, propertyCycle -> 0, statementCacheNumDeferredCloseThreads -> 0, testConnectionOnCheckin -> false, testConnectionOnCheckout -> false, unreturnedConnectionTimeout -> 0, userOverrides -> {}, usesTraditionalReflectiveProxies -> false ]
[INFO ] 2020-07-19 10:06:08 [main] [o.s.s.a.ScheduledAnnotationBeanPostProcessor] ====message: No TaskScheduler/ScheduledExecutorService bean found for scheduled processing
[INFO ] 2020-07-19 10:06:08 [main] [com.kams.KamsApplicationTests] ====message: Started KamsApplicationTests in 3.882 seconds (JVM running for 4.752)
[INFO ] 2020-07-19 10:06:08 [SpringContextShutdownHook] [org.quartz.core.QuartzScheduler] ====message: Scheduler quartzScheduler_$_NON_CLUSTERED paused.
[INFO ] 2020-07-19 10:06:08 [SpringContextShutdownHook] [o.s.s.quartz.SchedulerFactoryBean] ====message: Shutting down Quartz Scheduler
[INFO ] 2020-07-19 10:06:08 [SpringContextShutdownHook] [org.quartz.core.QuartzScheduler] ====message: Scheduler quartzScheduler_$_NON_CLUSTERED shutting down.
[INFO ] 2020-07-19 10:06:08 [SpringContextShutdownHook] [org.quartz.core.QuartzScheduler] ====message: Scheduler quartzScheduler_$_NON_CLUSTERED paused.
[INFO ] 2020-07-19 10:06:08 [SpringContextShutdownHook] [org.quartz.core.QuartzScheduler] ====message: Scheduler quartzScheduler_$_NON_CLUSTERED shutdown complete.
[INFO ] 2020-07-19 10:06:08 [SpringContextShutdownHook] [o.s.s.c.ThreadPoolTaskExecutor] ====message: Shutting down ExecutorService 'applicationTaskExecutor'
