[INFO ] 2020-07-06 11:52:52 [main] [com.kams.KamsApplicationTests] ====message: Starting KamsApplicationTests on CNHTPYHZ2 with PID 4584 (started by change in D:\TFS\Local\KAMS)
[INFO ] 2020-07-06 11:52:52 [main] [com.kams.KamsApplicationTests] ====message: The following profiles are active: kprod
[INFO ] 2020-07-06 11:52:52 [MLog-Init-Reporter] [com.mchange.v2.log.MLog] ====message: MLog clients using slf4j logging.
[INFO ] 2020-07-06 11:52:52 [main] [com.mchange.v2.c3p0.C3P0Registry] ====message: Initializing c3p0-0.9.5.4 [built 23-March-2019 23:00:48 -0700; debug? true; trace: 10]
[INFO ] 2020-07-06 11:52:52 [main] [o.s.s.c.ThreadPoolTaskExecutor] ====message: Initializing ExecutorService 'applicationTaskExecutor'
[INFO ] 2020-07-06 11:52:52 [main] [org.quartz.impl.StdSchedulerFactory] ====message: Using default implementation for ThreadExecutor
[INFO ] 2020-07-06 11:52:52 [main] [o.quartz.core.SchedulerSignalerImpl] ====message: Initialized Scheduler Signaller of type: class org.quartz.core.SchedulerSignalerImpl
[INFO ] 2020-07-06 11:52:52 [main] [org.quartz.core.QuartzScheduler] ====message: Quartz Scheduler v.2.3.2 created.
[INFO ] 2020-07-06 11:52:52 [main] [org.quartz.simpl.RAMJobStore] ====message: RAMJobStore initialized.
[INFO ] 2020-07-06 11:52:52 [main] [org.quartz.core.QuartzScheduler] ====message: Scheduler meta-data: Quartz Scheduler (v2.3.2) 'quartzScheduler' with instanceId 'NON_CLUSTERED'
  Scheduler class: 'org.quartz.core.QuartzScheduler' - running locally.
  NOT STARTED.
  Currently in standby mode.
  Number of jobs executed: 0
  Using thread pool 'org.quartz.simpl.SimpleThreadPool' - with 10 threads.
  Using job-store 'org.quartz.simpl.RAMJobStore' - which does not support persistence. and is not clustered.

[INFO ] 2020-07-06 11:52:52 [main] [org.quartz.impl.StdSchedulerFactory] ====message: Quartz scheduler 'quartzScheduler' initialized from an externally provided properties instance.
[INFO ] 2020-07-06 11:52:52 [main] [org.quartz.impl.StdSchedulerFactory] ====message: Quartz scheduler version: 2.3.2
[INFO ] 2020-07-06 11:52:52 [main] [org.quartz.core.QuartzScheduler] ====message: JobFactory set to: org.springframework.scheduling.quartz.SpringBeanJobFactory@49e4c2d5
[INFO ] 2020-07-06 11:52:52 [main] [o.s.s.quartz.SchedulerFactoryBean] ====message: Starting Quartz Scheduler now
[INFO ] 2020-07-06 11:52:52 [main] [org.quartz.core.QuartzScheduler] ====message: Scheduler quartzScheduler_$_NON_CLUSTERED started.
[INFO ] 2020-07-06 11:52:52 [main] [c.m.v.c.i.AbstractPoolBackedDataSource] ====message: Initializing c3p0 pool... com.mchange.v2.c3p0.ComboPooledDataSource [ acquireIncrement -> 3, acquireRetryAttempts -> 30, acquireRetryDelay -> 1000, autoCommitOnClose -> false, automaticTestTable -> null, breakAfterAcquireFailure -> false, checkoutTimeout -> 0, connectionCustomizerClassName -> null, connectionTesterClassName -> com.mchange.v2.c3p0.impl.DefaultConnectionTester, contextClassLoaderSource -> caller, dataSourceName -> 2ybz0jab9i5ylu27qp1a|cb03411, debugUnreturnedConnectionStackTraces -> false, description -> null, driverClass -> com.mysql.cj.jdbc.Driver, extensions -> {}, factoryClassLocation -> null, forceIgnoreUnresolvedTransactions -> false, forceSynchronousCheckins -> false, forceUseNamedDriverClass -> false, identityToken -> 2ybz0jab9i5ylu27qp1a|cb03411, idleConnectionTestPeriod -> 0, initialPoolSize -> 3, jdbcUrl -> jdbc:mysql://106.14.5.129:3306/TestEnv, maxAdministrativeTaskTime -> 0, maxConnectionAge -> 0, maxIdleTime -> 0, maxIdleTimeExcessConnections -> 0, maxPoolSize -> 15, maxStatements -> 0, maxStatementsPerConnection -> 0, minPoolSize -> 3, numHelperThreads -> 3, preferredTestQuery -> null, privilegeSpawnedThreads -> false, properties -> {user=******, password=******}, propertyCycle -> 0, statementCacheNumDeferredCloseThreads -> 0, testConnectionOnCheckin -> false, testConnectionOnCheckout -> false, unreturnedConnectionTimeout -> 0, userOverrides -> {}, usesTraditionalReflectiveProxies -> false ]
[INFO ] 2020-07-06 11:52:52 [main] [org.quartz.core.QuartzScheduler] ====message: Scheduler quartzScheduler_$_NON_CLUSTERED paused.
[INFO ] 2020-07-06 11:52:52 [main] [o.s.s.quartz.SchedulerFactoryBean] ====message: Shutting down Quartz Scheduler
[INFO ] 2020-07-06 11:52:52 [main] [org.quartz.core.QuartzScheduler] ====message: Scheduler quartzScheduler_$_NON_CLUSTERED shutting down.
[INFO ] 2020-07-06 11:52:52 [main] [org.quartz.core.QuartzScheduler] ====message: Scheduler quartzScheduler_$_NON_CLUSTERED paused.
[INFO ] 2020-07-06 11:52:52 [main] [org.quartz.core.QuartzScheduler] ====message: Scheduler quartzScheduler_$_NON_CLUSTERED shutdown complete.
[INFO ] 2020-07-06 11:52:52 [main] [o.s.s.c.ThreadPoolTaskExecutor] ====message: Shutting down ExecutorService 'applicationTaskExecutor'
[INFO ] 2020-07-06 11:57:56 [main] [com.kams.KamsApplicationTests] ====message: Starting KamsApplicationTests on CNHTPYHZ2 with PID 5252 (started by change in D:\TFS\Local\KAMS)
[INFO ] 2020-07-06 11:57:56 [main] [com.kams.KamsApplicationTests] ====message: The following profiles are active: kprod
[INFO ] 2020-07-06 11:57:56 [MLog-Init-Reporter] [com.mchange.v2.log.MLog] ====message: MLog clients using slf4j logging.
[INFO ] 2020-07-06 11:57:56 [main] [com.mchange.v2.c3p0.C3P0Registry] ====message: Initializing c3p0-0.9.5.4 [built 23-March-2019 23:00:48 -0700; debug? true; trace: 10]
[INFO ] 2020-07-06 11:57:56 [main] [o.s.s.c.ThreadPoolTaskExecutor] ====message: Initializing ExecutorService 'applicationTaskExecutor'
[INFO ] 2020-07-06 11:57:56 [main] [org.quartz.impl.StdSchedulerFactory] ====message: Using default implementation for ThreadExecutor
[INFO ] 2020-07-06 11:57:56 [main] [o.quartz.core.SchedulerSignalerImpl] ====message: Initialized Scheduler Signaller of type: class org.quartz.core.SchedulerSignalerImpl
[INFO ] 2020-07-06 11:57:56 [main] [org.quartz.core.QuartzScheduler] ====message: Quartz Scheduler v.2.3.2 created.
[INFO ] 2020-07-06 11:57:56 [main] [org.quartz.simpl.RAMJobStore] ====message: RAMJobStore initialized.
[INFO ] 2020-07-06 11:57:56 [main] [org.quartz.core.QuartzScheduler] ====message: Scheduler meta-data: Quartz Scheduler (v2.3.2) 'quartzScheduler' with instanceId 'NON_CLUSTERED'
  Scheduler class: 'org.quartz.core.QuartzScheduler' - running locally.
  NOT STARTED.
  Currently in standby mode.
  Number of jobs executed: 0
  Using thread pool 'org.quartz.simpl.SimpleThreadPool' - with 10 threads.
  Using job-store 'org.quartz.simpl.RAMJobStore' - which does not support persistence. and is not clustered.

[INFO ] 2020-07-06 11:57:56 [main] [org.quartz.impl.StdSchedulerFactory] ====message: Quartz scheduler 'quartzScheduler' initialized from an externally provided properties instance.
[INFO ] 2020-07-06 11:57:56 [main] [org.quartz.impl.StdSchedulerFactory] ====message: Quartz scheduler version: 2.3.2
[INFO ] 2020-07-06 11:57:56 [main] [org.quartz.core.QuartzScheduler] ====message: JobFactory set to: org.springframework.scheduling.quartz.SpringBeanJobFactory@3d0cac1f
[INFO ] 2020-07-06 11:57:56 [main] [o.s.s.quartz.SchedulerFactoryBean] ====message: Starting Quartz Scheduler now
[INFO ] 2020-07-06 11:57:56 [main] [org.quartz.core.QuartzScheduler] ====message: Scheduler quartzScheduler_$_NON_CLUSTERED started.
[INFO ] 2020-07-06 11:57:56 [main] [c.m.v.c.i.AbstractPoolBackedDataSource] ====message: Initializing c3p0 pool... com.mchange.v2.c3p0.ComboPooledDataSource [ acquireIncrement -> 3, acquireRetryAttempts -> 30, acquireRetryDelay -> 1000, autoCommitOnClose -> false, automaticTestTable -> null, breakAfterAcquireFailure -> false, checkoutTimeout -> 0, connectionCustomizerClassName -> null, connectionTesterClassName -> com.mchange.v2.c3p0.impl.DefaultConnectionTester, contextClassLoaderSource -> caller, dataSourceName -> 2ybz0jab9ichwkevkw96|7cb8437d, debugUnreturnedConnectionStackTraces -> false, description -> null, driverClass -> com.mysql.jdbc.Driver, extensions -> {}, factoryClassLocation -> null, forceIgnoreUnresolvedTransactions -> false, forceSynchronousCheckins -> false, forceUseNamedDriverClass -> false, identityToken -> 2ybz0jab9ichwkevkw96|7cb8437d, idleConnectionTestPeriod -> 0, initialPoolSize -> 3, jdbcUrl -> jdbc:mysql://106.14.5.129:3306/TestEnv, maxAdministrativeTaskTime -> 0, maxConnectionAge -> 0, maxIdleTime -> 0, maxIdleTimeExcessConnections -> 0, maxPoolSize -> 15, maxStatements -> 0, maxStatementsPerConnection -> 0, minPoolSize -> 3, numHelperThreads -> 3, preferredTestQuery -> null, privilegeSpawnedThreads -> false, properties -> {user=******, password=******}, propertyCycle -> 0, statementCacheNumDeferredCloseThreads -> 0, testConnectionOnCheckin -> false, testConnectionOnCheckout -> false, unreturnedConnectionTimeout -> 0, userOverrides -> {}, usesTraditionalReflectiveProxies -> false ]
[INFO ] 2020-07-06 11:57:56 [main] [o.s.s.a.ScheduledAnnotationBeanPostProcessor] ====message: No TaskScheduler/ScheduledExecutorService bean found for scheduled processing
[INFO ] 2020-07-06 11:57:56 [main] [com.kams.KamsApplicationTests] ====message: Started KamsApplicationTests in 4.067 seconds (JVM running for 5.007)
[INFO ] 2020-07-06 11:57:56 [SpringContextShutdownHook] [org.quartz.core.QuartzScheduler] ====message: Scheduler quartzScheduler_$_NON_CLUSTERED paused.
[INFO ] 2020-07-06 11:57:56 [SpringContextShutdownHook] [o.s.s.quartz.SchedulerFactoryBean] ====message: Shutting down Quartz Scheduler
[INFO ] 2020-07-06 11:57:56 [SpringContextShutdownHook] [org.quartz.core.QuartzScheduler] ====message: Scheduler quartzScheduler_$_NON_CLUSTERED shutting down.
[INFO ] 2020-07-06 11:57:56 [SpringContextShutdownHook] [org.quartz.core.QuartzScheduler] ====message: Scheduler quartzScheduler_$_NON_CLUSTERED paused.
[INFO ] 2020-07-06 11:57:56 [SpringContextShutdownHook] [org.quartz.core.QuartzScheduler] ====message: Scheduler quartzScheduler_$_NON_CLUSTERED shutdown complete.
[INFO ] 2020-07-06 11:57:56 [SpringContextShutdownHook] [o.s.s.c.ThreadPoolTaskExecutor] ====message: Shutting down ExecutorService 'applicationTaskExecutor'
[INFO ] 2020-07-06 13:09:20 [restartedMain] [com.kams.KAMSApplication] ====message: Starting KAMSApplication on CNHTPYHZ2 with PID 9772 (D:\TFS\Local\KAMS\target\classes started by change in D:\TFS\Local\KAMS)
[INFO ] 2020-07-06 13:09:20 [restartedMain] [com.kams.KAMSApplication] ====message: The following profiles are active: kprod
[INFO ] 2020-07-06 13:09:20 [restartedMain] [o.s.b.d.restart.ChangeableUrls] ====message: The Class-Path manifest attribute in D:\JavaDevelopment\maven\maven-repository\com\mchange\c3p0\0.9.5.4\c3p0-0.9.5.4.jar referenced one or more files that do not exist: file:/D:/JavaDevelopment/maven/maven-repository/com/mchange/c3p0/0.9.5.4/mchange-commons-java-0.2.15.jar
[INFO ] 2020-07-06 13:09:20 [restartedMain] [o.s.b.d.e.DevToolsPropertyDefaultsPostProcessor] ====message: Devtools property defaults active! Set 'spring.devtools.add-properties' to 'false' to disable
[INFO ] 2020-07-06 13:09:20 [restartedMain] [o.s.b.d.e.DevToolsPropertyDefaultsPostProcessor] ====message: For additional web related logging consider setting the 'logging.level.web' property to 'DEBUG'
[INFO ] 2020-07-06 13:09:20 [restartedMain] [o.s.b.w.e.tomcat.TomcatWebServer] ====message: Tomcat initialized with port(s): 80 (http)
[INFO ] 2020-07-06 13:09:20 [restartedMain] [o.a.coyote.http11.Http11NioProtocol] ====message: Initializing ProtocolHandler ["http-nio-80"]
[INFO ] 2020-07-06 13:09:20 [restartedMain] [o.a.catalina.core.StandardService] ====message: Starting service [Tomcat]
[INFO ] 2020-07-06 13:09:20 [restartedMain] [o.a.catalina.core.StandardEngine] ====message: Starting Servlet engine: [Apache Tomcat/9.0.36]
[INFO ] 2020-07-06 13:09:20 [restartedMain] [o.a.c.c.C.[Tomcat].[localhost].[/]] ====message: Initializing Spring embedded WebApplicationContext
[INFO ] 2020-07-06 13:09:20 [restartedMain] [o.s.b.w.s.c.ServletWebServerApplicationContext] ====message: Root WebApplicationContext: initialization completed in 1882 ms
[INFO ] 2020-07-06 13:09:20 [MLog-Init-Reporter] [com.mchange.v2.log.MLog] ====message: MLog clients using slf4j logging.
[INFO ] 2020-07-06 13:09:20 [restartedMain] [com.mchange.v2.c3p0.C3P0Registry] ====message: Initializing c3p0-0.9.5.4 [built 23-March-2019 23:00:48 -0700; debug? true; trace: 10]
[INFO ] 2020-07-06 13:09:20 [restartedMain] [o.s.s.c.ThreadPoolTaskExecutor] ====message: Initializing ExecutorService 'applicationTaskExecutor'
[INFO ] 2020-07-06 13:09:20 [restartedMain] [org.quartz.impl.StdSchedulerFactory] ====message: Using default implementation for ThreadExecutor
[INFO ] 2020-07-06 13:09:20 [restartedMain] [o.quartz.core.SchedulerSignalerImpl] ====message: Initialized Scheduler Signaller of type: class org.quartz.core.SchedulerSignalerImpl
[INFO ] 2020-07-06 13:09:20 [restartedMain] [org.quartz.core.QuartzScheduler] ====message: Quartz Scheduler v.2.3.2 created.
[INFO ] 2020-07-06 13:09:20 [restartedMain] [org.quartz.simpl.RAMJobStore] ====message: RAMJobStore initialized.
[INFO ] 2020-07-06 13:09:20 [restartedMain] [org.quartz.core.QuartzScheduler] ====message: Scheduler meta-data: Quartz Scheduler (v2.3.2) 'quartzScheduler' with instanceId 'NON_CLUSTERED'
  Scheduler class: 'org.quartz.core.QuartzScheduler' - running locally.
  NOT STARTED.
  Currently in standby mode.
  Number of jobs executed: 0
  Using thread pool 'org.quartz.simpl.SimpleThreadPool' - with 10 threads.
  Using job-store 'org.quartz.simpl.RAMJobStore' - which does not support persistence. and is not clustered.

[INFO ] 2020-07-06 13:09:20 [restartedMain] [org.quartz.impl.StdSchedulerFactory] ====message: Quartz scheduler 'quartzScheduler' initialized from an externally provided properties instance.
[INFO ] 2020-07-06 13:09:20 [restartedMain] [org.quartz.impl.StdSchedulerFactory] ====message: Quartz scheduler version: 2.3.2
[INFO ] 2020-07-06 13:09:20 [restartedMain] [org.quartz.core.QuartzScheduler] ====message: JobFactory set to: org.springframework.scheduling.quartz.SpringBeanJobFactory@782d5aa1
[INFO ] 2020-07-06 13:09:20 [restartedMain] [o.s.b.d.a.OptionalLiveReloadServer] ====message: LiveReload server is running on port 35729
[INFO ] 2020-07-06 13:09:20 [restartedMain] [o.a.coyote.http11.Http11NioProtocol] ====message: Starting ProtocolHandler ["http-nio-80"]
[INFO ] 2020-07-06 13:09:20 [restartedMain] [o.s.b.w.e.tomcat.TomcatWebServer] ====message: Tomcat started on port(s): 80 (http) with context path ''
[INFO ] 2020-07-06 13:09:20 [restartedMain] [o.s.s.quartz.SchedulerFactoryBean] ====message: Starting Quartz Scheduler now
[INFO ] 2020-07-06 13:09:20 [restartedMain] [org.quartz.core.QuartzScheduler] ====message: Scheduler quartzScheduler_$_NON_CLUSTERED started.
[INFO ] 2020-07-06 13:09:20 [restartedMain] [c.m.v.c.i.AbstractPoolBackedDataSource] ====message: Initializing c3p0 pool... com.mchange.v2.c3p0.ComboPooledDataSource [ acquireIncrement -> 3, acquireRetryAttempts -> 30, acquireRetryDelay -> 1000, autoCommitOnClose -> false, automaticTestTable -> null, breakAfterAcquireFailure -> false, checkoutTimeout -> 0, connectionCustomizerClassName -> null, connectionTesterClassName -> com.mchange.v2.c3p0.impl.DefaultConnectionTester, contextClassLoaderSource -> caller, dataSourceName -> 2ybz0jab9kwbpepuqo1l|678e45c6, debugUnreturnedConnectionStackTraces -> false, description -> null, driverClass -> com.mysql.jdbc.Driver, extensions -> {}, factoryClassLocation -> null, forceIgnoreUnresolvedTransactions -> false, forceSynchronousCheckins -> false, forceUseNamedDriverClass -> false, identityToken -> 2ybz0jab9kwbpepuqo1l|678e45c6, idleConnectionTestPeriod -> 0, initialPoolSize -> 3, jdbcUrl -> jdbc:mysql://106.14.5.129:3306/TestEnv, maxAdministrativeTaskTime -> 0, maxConnectionAge -> 0, maxIdleTime -> 0, maxIdleTimeExcessConnections -> 0, maxPoolSize -> 15, maxStatements -> 0, maxStatementsPerConnection -> 0, minPoolSize -> 3, numHelperThreads -> 3, preferredTestQuery -> null, privilegeSpawnedThreads -> false, properties -> {user=******, password=******}, propertyCycle -> 0, statementCacheNumDeferredCloseThreads -> 0, testConnectionOnCheckin -> false, testConnectionOnCheckout -> false, unreturnedConnectionTimeout -> 0, userOverrides -> {}, usesTraditionalReflectiveProxies -> false ]
[INFO ] 2020-07-06 13:09:20 [restartedMain] [o.s.s.a.ScheduledAnnotationBeanPostProcessor] ====message: No TaskScheduler/ScheduledExecutorService bean found for scheduled processing
[INFO ] 2020-07-06 13:09:20 [restartedMain] [com.kams.KAMSApplication] ====message: Started KAMSApplication in 4.12 seconds (JVM running for 4.574)
[INFO ] 2020-07-06 13:09:20 [http-nio-80-exec-1] [o.a.c.c.C.[Tomcat].[localhost].[/]] ====message: Initializing Spring DispatcherServlet 'dispatcherServlet'
[INFO ] 2020-07-06 13:09:20 [http-nio-80-exec-1] [o.s.web.servlet.DispatcherServlet] ====message: Initializing Servlet 'dispatcherServlet'
[INFO ] 2020-07-06 13:09:20 [http-nio-80-exec-1] [o.s.web.servlet.DispatcherServlet] ====message: Completed initialization in 4 ms
[INFO ] 2020-07-06 13:09:20 [Thread-174] [org.quartz.core.QuartzScheduler] ====message: Scheduler quartzScheduler_$_NON_CLUSTERED paused.
[INFO ] 2020-07-06 13:09:20 [Thread-174] [o.s.s.quartz.SchedulerFactoryBean] ====message: Shutting down Quartz Scheduler
[INFO ] 2020-07-06 13:09:20 [Thread-174] [org.quartz.core.QuartzScheduler] ====message: Scheduler quartzScheduler_$_NON_CLUSTERED shutting down.
[INFO ] 2020-07-06 13:09:20 [Thread-174] [org.quartz.core.QuartzScheduler] ====message: Scheduler quartzScheduler_$_NON_CLUSTERED paused.
[INFO ] 2020-07-06 13:09:20 [Thread-174] [org.quartz.core.QuartzScheduler] ====message: Scheduler quartzScheduler_$_NON_CLUSTERED shutdown complete.
[INFO ] 2020-07-06 13:09:20 [Thread-174] [o.s.s.c.ThreadPoolTaskExecutor] ====message: Shutting down ExecutorService 'applicationTaskExecutor'
[INFO ] 2020-07-06 15:04:17 [restartedMain] [com.kams.KAMSApplication] ====message: Starting KAMSApplication on CNHTPYHZ2 with PID 9772 (D:\TFS\Local\KAMS\target\classes started by change in D:\TFS\Local\KAMS)
[INFO ] 2020-07-06 15:04:17 [restartedMain] [com.kams.KAMSApplication] ====message: The following profiles are active: kprod
[INFO ] 2020-07-06 15:04:17 [restartedMain] [o.s.b.w.e.tomcat.TomcatWebServer] ====message: Tomcat initialized with port(s): 80 (http)
[INFO ] 2020-07-06 15:04:17 [restartedMain] [o.a.coyote.http11.Http11NioProtocol] ====message: Initializing ProtocolHandler ["http-nio-80"]
[INFO ] 2020-07-06 15:04:17 [restartedMain] [o.a.catalina.core.StandardService] ====message: Starting service [Tomcat]
[INFO ] 2020-07-06 15:04:17 [restartedMain] [o.a.catalina.core.StandardEngine] ====message: Starting Servlet engine: [Apache Tomcat/9.0.36]
[INFO ] 2020-07-06 15:04:17 [restartedMain] [o.a.c.c.C.[Tomcat].[localhost].[/]] ====message: Initializing Spring embedded WebApplicationContext
[INFO ] 2020-07-06 15:04:17 [restartedMain] [o.s.b.w.s.c.ServletWebServerApplicationContext] ====message: Root WebApplicationContext: initialization completed in 425 ms
[INFO ] 2020-07-06 15:04:17 [restartedMain] [o.s.s.c.ThreadPoolTaskExecutor] ====message: Initializing ExecutorService 'applicationTaskExecutor'
[INFO ] 2020-07-06 15:04:17 [restartedMain] [org.quartz.impl.StdSchedulerFactory] ====message: Using default implementation for ThreadExecutor
[INFO ] 2020-07-06 15:04:17 [restartedMain] [o.quartz.core.SchedulerSignalerImpl] ====message: Initialized Scheduler Signaller of type: class org.quartz.core.SchedulerSignalerImpl
[INFO ] 2020-07-06 15:04:17 [restartedMain] [org.quartz.core.QuartzScheduler] ====message: Quartz Scheduler v.2.3.2 created.
[INFO ] 2020-07-06 15:04:17 [restartedMain] [org.quartz.simpl.RAMJobStore] ====message: RAMJobStore initialized.
[INFO ] 2020-07-06 15:04:17 [restartedMain] [org.quartz.core.QuartzScheduler] ====message: Scheduler meta-data: Quartz Scheduler (v2.3.2) 'quartzScheduler' with instanceId 'NON_CLUSTERED'
  Scheduler class: 'org.quartz.core.QuartzScheduler' - running locally.
  NOT STARTED.
  Currently in standby mode.
  Number of jobs executed: 0
  Using thread pool 'org.quartz.simpl.SimpleThreadPool' - with 10 threads.
  Using job-store 'org.quartz.simpl.RAMJobStore' - which does not support persistence. and is not clustered.

[INFO ] 2020-07-06 15:04:17 [restartedMain] [org.quartz.impl.StdSchedulerFactory] ====message: Quartz scheduler 'quartzScheduler' initialized from an externally provided properties instance.
[INFO ] 2020-07-06 15:04:17 [restartedMain] [org.quartz.impl.StdSchedulerFactory] ====message: Quartz scheduler version: 2.3.2
[INFO ] 2020-07-06 15:04:17 [restartedMain] [org.quartz.core.QuartzScheduler] ====message: JobFactory set to: org.springframework.scheduling.quartz.SpringBeanJobFactory@32435c65
[INFO ] 2020-07-06 15:04:17 [restartedMain] [o.s.b.d.a.OptionalLiveReloadServer] ====message: LiveReload server is running on port 35729
[INFO ] 2020-07-06 15:04:17 [restartedMain] [o.a.coyote.http11.Http11NioProtocol] ====message: Starting ProtocolHandler ["http-nio-80"]
[INFO ] 2020-07-06 15:04:17 [restartedMain] [o.s.b.w.e.tomcat.TomcatWebServer] ====message: Tomcat started on port(s): 80 (http) with context path ''
[INFO ] 2020-07-06 15:04:17 [restartedMain] [o.s.s.quartz.SchedulerFactoryBean] ====message: Starting Quartz Scheduler now
[INFO ] 2020-07-06 15:04:17 [restartedMain] [org.quartz.core.QuartzScheduler] ====message: Scheduler quartzScheduler_$_NON_CLUSTERED started.
[INFO ] 2020-07-06 15:04:17 [restartedMain] [c.m.v.c.i.AbstractPoolBackedDataSource] ====message: Initializing c3p0 pool... com.mchange.v2.c3p0.ComboPooledDataSource [ acquireIncrement -> 3, acquireRetryAttempts -> 30, acquireRetryDelay -> 1000, autoCommitOnClose -> false, automaticTestTable -> null, breakAfterAcquireFailure -> false, checkoutTimeout -> 0, connectionCustomizerClassName -> null, connectionTesterClassName -> com.mchange.v2.c3p0.impl.DefaultConnectionTester, contextClassLoaderSource -> caller, dataSourceName -> 2ybz0jab9kwbpepuqo1l|6024e2f8, debugUnreturnedConnectionStackTraces -> false, description -> null, driverClass -> com.mysql.jdbc.Driver, extensions -> {}, factoryClassLocation -> null, forceIgnoreUnresolvedTransactions -> false, forceSynchronousCheckins -> false, forceUseNamedDriverClass -> false, identityToken -> 2ybz0jab9kwbpepuqo1l|6024e2f8, idleConnectionTestPeriod -> 0, initialPoolSize -> 3, jdbcUrl -> jdbc:mysql://106.14.5.129:3306/TestEnv, maxAdministrativeTaskTime -> 0, maxConnectionAge -> 0, maxIdleTime -> 0, maxIdleTimeExcessConnections -> 0, maxPoolSize -> 15, maxStatements -> 0, maxStatementsPerConnection -> 0, minPoolSize -> 3, numHelperThreads -> 3, preferredTestQuery -> null, privilegeSpawnedThreads -> false, properties -> {user=******, password=******}, propertyCycle -> 0, statementCacheNumDeferredCloseThreads -> 0, testConnectionOnCheckin -> false, testConnectionOnCheckout -> false, unreturnedConnectionTimeout -> 0, userOverrides -> {}, usesTraditionalReflectiveProxies -> false ]
[INFO ] 2020-07-06 15:04:17 [restartedMain] [o.a.coyote.http11.Http11NioProtocol] ====message: Pausing ProtocolHandler ["http-nio-80"]
[INFO ] 2020-07-06 15:04:17 [restartedMain] [o.a.catalina.core.StandardService] ====message: Stopping service [Tomcat]
[INFO ] 2020-07-06 15:04:17 [restartedMain] [o.a.coyote.http11.Http11NioProtocol] ====message: Stopping ProtocolHandler ["http-nio-80"]
[INFO ] 2020-07-06 15:04:17 [restartedMain] [o.a.coyote.http11.Http11NioProtocol] ====message: Destroying ProtocolHandler ["http-nio-80"]
[INFO ] 2020-07-06 15:04:17 [restartedMain] [org.quartz.core.QuartzScheduler] ====message: Scheduler quartzScheduler_$_NON_CLUSTERED paused.
[INFO ] 2020-07-06 15:04:17 [restartedMain] [o.s.s.quartz.SchedulerFactoryBean] ====message: Shutting down Quartz Scheduler
[INFO ] 2020-07-06 15:04:17 [restartedMain] [org.quartz.core.QuartzScheduler] ====message: Scheduler quartzScheduler_$_NON_CLUSTERED shutting down.
[INFO ] 2020-07-06 15:04:17 [restartedMain] [org.quartz.core.QuartzScheduler] ====message: Scheduler quartzScheduler_$_NON_CLUSTERED paused.
[INFO ] 2020-07-06 15:04:17 [restartedMain] [org.quartz.core.QuartzScheduler] ====message: Scheduler quartzScheduler_$_NON_CLUSTERED shutdown complete.
[INFO ] 2020-07-06 15:04:17 [restartedMain] [o.s.s.c.ThreadPoolTaskExecutor] ====message: Shutting down ExecutorService 'applicationTaskExecutor'
[INFO ] 2020-07-06 15:05:08 [restartedMain] [com.kams.KAMSApplication] ====message: Starting KAMSApplication on CNHTPYHZ2 with PID 9772 (D:\TFS\Local\KAMS\target\classes started by change in D:\TFS\Local\KAMS)
[INFO ] 2020-07-06 15:05:08 [restartedMain] [com.kams.KAMSApplication] ====message: The following profiles are active: kprod
[INFO ] 2020-07-06 15:05:08 [restartedMain] [o.s.b.w.e.tomcat.TomcatWebServer] ====message: Tomcat initialized with port(s): 80 (http)
[INFO ] 2020-07-06 15:05:08 [restartedMain] [o.a.coyote.http11.Http11NioProtocol] ====message: Initializing ProtocolHandler ["http-nio-80"]
[INFO ] 2020-07-06 15:05:08 [restartedMain] [o.a.catalina.core.StandardService] ====message: Starting service [Tomcat]
[INFO ] 2020-07-06 15:05:08 [restartedMain] [o.a.catalina.core.StandardEngine] ====message: Starting Servlet engine: [Apache Tomcat/9.0.36]
[INFO ] 2020-07-06 15:05:08 [restartedMain] [o.a.c.c.C.[Tomcat].[localhost].[/]] ====message: Initializing Spring embedded WebApplicationContext
[INFO ] 2020-07-06 15:05:08 [restartedMain] [o.s.b.w.s.c.ServletWebServerApplicationContext] ====message: Root WebApplicationContext: initialization completed in 329 ms
[INFO ] 2020-07-06 15:05:08 [restartedMain] [o.s.s.c.ThreadPoolTaskExecutor] ====message: Initializing ExecutorService 'applicationTaskExecutor'
[INFO ] 2020-07-06 15:05:08 [restartedMain] [org.quartz.impl.StdSchedulerFactory] ====message: Using default implementation for ThreadExecutor
[INFO ] 2020-07-06 15:05:08 [restartedMain] [o.quartz.core.SchedulerSignalerImpl] ====message: Initialized Scheduler Signaller of type: class org.quartz.core.SchedulerSignalerImpl
[INFO ] 2020-07-06 15:05:08 [restartedMain] [org.quartz.core.QuartzScheduler] ====message: Quartz Scheduler v.2.3.2 created.
[INFO ] 2020-07-06 15:05:08 [restartedMain] [org.quartz.simpl.RAMJobStore] ====message: RAMJobStore initialized.
[INFO ] 2020-07-06 15:05:08 [restartedMain] [org.quartz.core.QuartzScheduler] ====message: Scheduler meta-data: Quartz Scheduler (v2.3.2) 'quartzScheduler' with instanceId 'NON_CLUSTERED'
  Scheduler class: 'org.quartz.core.QuartzScheduler' - running locally.
  NOT STARTED.
  Currently in standby mode.
  Number of jobs executed: 0
  Using thread pool 'org.quartz.simpl.SimpleThreadPool' - with 10 threads.
  Using job-store 'org.quartz.simpl.RAMJobStore' - which does not support persistence. and is not clustered.

[INFO ] 2020-07-06 15:05:08 [restartedMain] [org.quartz.impl.StdSchedulerFactory] ====message: Quartz scheduler 'quartzScheduler' initialized from an externally provided properties instance.
[INFO ] 2020-07-06 15:05:08 [restartedMain] [org.quartz.impl.StdSchedulerFactory] ====message: Quartz scheduler version: 2.3.2
[INFO ] 2020-07-06 15:05:08 [restartedMain] [org.quartz.core.QuartzScheduler] ====message: JobFactory set to: org.springframework.scheduling.quartz.SpringBeanJobFactory@734ac327
[INFO ] 2020-07-06 15:05:08 [restartedMain] [o.s.b.d.a.OptionalLiveReloadServer] ====message: LiveReload server is running on port 35729
[INFO ] 2020-07-06 15:05:08 [restartedMain] [o.a.coyote.http11.Http11NioProtocol] ====message: Starting ProtocolHandler ["http-nio-80"]
[INFO ] 2020-07-06 15:05:08 [restartedMain] [o.s.b.w.e.tomcat.TomcatWebServer] ====message: Tomcat started on port(s): 80 (http) with context path ''
[INFO ] 2020-07-06 15:05:08 [restartedMain] [o.s.s.quartz.SchedulerFactoryBean] ====message: Starting Quartz Scheduler now
[INFO ] 2020-07-06 15:05:08 [restartedMain] [org.quartz.core.QuartzScheduler] ====message: Scheduler quartzScheduler_$_NON_CLUSTERED started.
[INFO ] 2020-07-06 15:05:08 [restartedMain] [c.m.v.c.i.AbstractPoolBackedDataSource] ====message: Initializing c3p0 pool... com.mchange.v2.c3p0.ComboPooledDataSource [ acquireIncrement -> 3, acquireRetryAttempts -> 30, acquireRetryDelay -> 1000, autoCommitOnClose -> false, automaticTestTable -> null, breakAfterAcquireFailure -> false, checkoutTimeout -> 0, connectionCustomizerClassName -> null, connectionTesterClassName -> com.mchange.v2.c3p0.impl.DefaultConnectionTester, contextClassLoaderSource -> caller, dataSourceName -> 2ybz0jab9kwbpepuqo1l|41a57e27, debugUnreturnedConnectionStackTraces -> false, description -> null, driverClass -> com.mysql.jdbc.Driver, extensions -> {}, factoryClassLocation -> null, forceIgnoreUnresolvedTransactions -> false, forceSynchronousCheckins -> false, forceUseNamedDriverClass -> false, identityToken -> 2ybz0jab9kwbpepuqo1l|41a57e27, idleConnectionTestPeriod -> 0, initialPoolSize -> 3, jdbcUrl -> jdbc:mysql://106.14.5.129:3306/TestEnv, maxAdministrativeTaskTime -> 0, maxConnectionAge -> 0, maxIdleTime -> 0, maxIdleTimeExcessConnections -> 0, maxPoolSize -> 15, maxStatements -> 0, maxStatementsPerConnection -> 0, minPoolSize -> 3, numHelperThreads -> 3, preferredTestQuery -> null, privilegeSpawnedThreads -> false, properties -> {user=******, password=******}, propertyCycle -> 0, statementCacheNumDeferredCloseThreads -> 0, testConnectionOnCheckin -> false, testConnectionOnCheckout -> false, unreturnedConnectionTimeout -> 0, userOverrides -> {}, usesTraditionalReflectiveProxies -> false ]
[INFO ] 2020-07-06 15:05:08 [restartedMain] [o.a.coyote.http11.Http11NioProtocol] ====message: Pausing ProtocolHandler ["http-nio-80"]
[INFO ] 2020-07-06 15:05:08 [restartedMain] [o.a.catalina.core.StandardService] ====message: Stopping service [Tomcat]
[INFO ] 2020-07-06 15:05:08 [restartedMain] [o.a.coyote.http11.Http11NioProtocol] ====message: Stopping ProtocolHandler ["http-nio-80"]
[INFO ] 2020-07-06 15:05:08 [restartedMain] [o.a.coyote.http11.Http11NioProtocol] ====message: Destroying ProtocolHandler ["http-nio-80"]
[INFO ] 2020-07-06 15:05:08 [restartedMain] [org.quartz.core.QuartzScheduler] ====message: Scheduler quartzScheduler_$_NON_CLUSTERED paused.
[INFO ] 2020-07-06 15:05:08 [restartedMain] [o.s.s.quartz.SchedulerFactoryBean] ====message: Shutting down Quartz Scheduler
[INFO ] 2020-07-06 15:05:08 [restartedMain] [org.quartz.core.QuartzScheduler] ====message: Scheduler quartzScheduler_$_NON_CLUSTERED shutting down.
[INFO ] 2020-07-06 15:05:08 [restartedMain] [org.quartz.core.QuartzScheduler] ====message: Scheduler quartzScheduler_$_NON_CLUSTERED paused.
[INFO ] 2020-07-06 15:05:08 [restartedMain] [org.quartz.core.QuartzScheduler] ====message: Scheduler quartzScheduler_$_NON_CLUSTERED shutdown complete.
[INFO ] 2020-07-06 15:05:08 [restartedMain] [o.s.s.c.ThreadPoolTaskExecutor] ====message: Shutting down ExecutorService 'applicationTaskExecutor'
[INFO ] 2020-07-06 15:09:38 [restartedMain] [com.kams.KAMSApplication] ====message: Starting KAMSApplication on CNHTPYHZ2 with PID 12452 (D:\TFS\Local\KAMS\target\classes started by change in D:\TFS\Local\KAMS)
[INFO ] 2020-07-06 15:09:38 [restartedMain] [com.kams.KAMSApplication] ====message: The following profiles are active: kprod
[INFO ] 2020-07-06 15:09:38 [restartedMain] [o.s.b.d.restart.ChangeableUrls] ====message: The Class-Path manifest attribute in D:\JavaDevelopment\maven\maven-repository\com\mchange\c3p0\0.9.5.4\c3p0-0.9.5.4.jar referenced one or more files that do not exist: file:/D:/JavaDevelopment/maven/maven-repository/com/mchange/c3p0/0.9.5.4/mchange-commons-java-0.2.15.jar
[INFO ] 2020-07-06 15:09:38 [restartedMain] [o.s.b.d.e.DevToolsPropertyDefaultsPostProcessor] ====message: Devtools property defaults active! Set 'spring.devtools.add-properties' to 'false' to disable
[INFO ] 2020-07-06 15:09:38 [restartedMain] [o.s.b.d.e.DevToolsPropertyDefaultsPostProcessor] ====message: For additional web related logging consider setting the 'logging.level.web' property to 'DEBUG'
[INFO ] 2020-07-06 15:09:38 [restartedMain] [o.s.b.w.e.tomcat.TomcatWebServer] ====message: Tomcat initialized with port(s): 80 (http)
[INFO ] 2020-07-06 15:09:38 [restartedMain] [o.a.coyote.http11.Http11NioProtocol] ====message: Initializing ProtocolHandler ["http-nio-80"]
[INFO ] 2020-07-06 15:09:38 [restartedMain] [o.a.catalina.core.StandardService] ====message: Starting service [Tomcat]
[INFO ] 2020-07-06 15:09:38 [restartedMain] [o.a.catalina.core.StandardEngine] ====message: Starting Servlet engine: [Apache Tomcat/9.0.36]
[INFO ] 2020-07-06 15:09:38 [restartedMain] [o.a.c.c.C.[Tomcat].[localhost].[/]] ====message: Initializing Spring embedded WebApplicationContext
[INFO ] 2020-07-06 15:09:38 [restartedMain] [o.s.b.w.s.c.ServletWebServerApplicationContext] ====message: Root WebApplicationContext: initialization completed in 1823 ms
[INFO ] 2020-07-06 15:09:38 [MLog-Init-Reporter] [com.mchange.v2.log.MLog] ====message: MLog clients using slf4j logging.
[INFO ] 2020-07-06 15:09:38 [restartedMain] [com.mchange.v2.c3p0.C3P0Registry] ====message: Initializing c3p0-0.9.5.4 [built 23-March-2019 23:00:48 -0700; debug? true; trace: 10]
[INFO ] 2020-07-06 15:09:38 [restartedMain] [o.s.s.c.ThreadPoolTaskExecutor] ====message: Initializing ExecutorService 'applicationTaskExecutor'
[INFO ] 2020-07-06 15:09:38 [restartedMain] [org.quartz.impl.StdSchedulerFactory] ====message: Using default implementation for ThreadExecutor
[INFO ] 2020-07-06 15:09:38 [restartedMain] [o.quartz.core.SchedulerSignalerImpl] ====message: Initialized Scheduler Signaller of type: class org.quartz.core.SchedulerSignalerImpl
[INFO ] 2020-07-06 15:09:38 [restartedMain] [org.quartz.core.QuartzScheduler] ====message: Quartz Scheduler v.2.3.2 created.
[INFO ] 2020-07-06 15:09:38 [restartedMain] [org.quartz.simpl.RAMJobStore] ====message: RAMJobStore initialized.
[INFO ] 2020-07-06 15:09:38 [restartedMain] [org.quartz.core.QuartzScheduler] ====message: Scheduler meta-data: Quartz Scheduler (v2.3.2) 'quartzScheduler' with instanceId 'NON_CLUSTERED'
  Scheduler class: 'org.quartz.core.QuartzScheduler' - running locally.
  NOT STARTED.
  Currently in standby mode.
  Number of jobs executed: 0
  Using thread pool 'org.quartz.simpl.SimpleThreadPool' - with 10 threads.
  Using job-store 'org.quartz.simpl.RAMJobStore' - which does not support persistence. and is not clustered.

[INFO ] 2020-07-06 15:09:38 [restartedMain] [org.quartz.impl.StdSchedulerFactory] ====message: Quartz scheduler 'quartzScheduler' initialized from an externally provided properties instance.
[INFO ] 2020-07-06 15:09:38 [restartedMain] [org.quartz.impl.StdSchedulerFactory] ====message: Quartz scheduler version: 2.3.2
[INFO ] 2020-07-06 15:09:38 [restartedMain] [org.quartz.core.QuartzScheduler] ====message: JobFactory set to: org.springframework.scheduling.quartz.SpringBeanJobFactory@24391ed4
[INFO ] 2020-07-06 15:09:38 [restartedMain] [o.s.b.d.a.OptionalLiveReloadServer] ====message: LiveReload server is running on port 35729
[INFO ] 2020-07-06 15:09:38 [restartedMain] [o.a.coyote.http11.Http11NioProtocol] ====message: Starting ProtocolHandler ["http-nio-80"]
[INFO ] 2020-07-06 15:09:38 [restartedMain] [o.s.b.w.e.tomcat.TomcatWebServer] ====message: Tomcat started on port(s): 80 (http) with context path ''
[INFO ] 2020-07-06 15:09:38 [restartedMain] [o.s.s.quartz.SchedulerFactoryBean] ====message: Starting Quartz Scheduler now
[INFO ] 2020-07-06 15:09:38 [restartedMain] [org.quartz.core.QuartzScheduler] ====message: Scheduler quartzScheduler_$_NON_CLUSTERED started.
[INFO ] 2020-07-06 15:09:38 [restartedMain] [c.m.v.c.i.AbstractPoolBackedDataSource] ====message: Initializing c3p0 pool... com.mchange.v2.c3p0.ComboPooledDataSource [ acquireIncrement -> 3, acquireRetryAttempts -> 30, acquireRetryDelay -> 1000, autoCommitOnClose -> false, automaticTestTable -> null, breakAfterAcquireFailure -> false, checkoutTimeout -> 0, connectionCustomizerClassName -> null, connectionTesterClassName -> com.mchange.v2.c3p0.impl.DefaultConnectionTester, contextClassLoaderSource -> caller, dataSourceName -> 2ybz0jab9p70rj1v3kqnn|22be43cd, debugUnreturnedConnectionStackTraces -> false, description -> null, driverClass -> com.mysql.jdbc.Driver, extensions -> {}, factoryClassLocation -> null, forceIgnoreUnresolvedTransactions -> false, forceSynchronousCheckins -> false, forceUseNamedDriverClass -> false, identityToken -> 2ybz0jab9p70rj1v3kqnn|22be43cd, idleConnectionTestPeriod -> 0, initialPoolSize -> 3, jdbcUrl -> jdbc:mysql://106.14.5.129:3306/TestEnv, maxAdministrativeTaskTime -> 0, maxConnectionAge -> 0, maxIdleTime -> 0, maxIdleTimeExcessConnections -> 0, maxPoolSize -> 15, maxStatements -> 0, maxStatementsPerConnection -> 0, minPoolSize -> 3, numHelperThreads -> 3, preferredTestQuery -> null, privilegeSpawnedThreads -> false, properties -> {user=******, password=******}, propertyCycle -> 0, statementCacheNumDeferredCloseThreads -> 0, testConnectionOnCheckin -> false, testConnectionOnCheckout -> false, unreturnedConnectionTimeout -> 0, userOverrides -> {}, usesTraditionalReflectiveProxies -> false ]
[INFO ] 2020-07-06 15:09:38 [restartedMain] [o.a.coyote.http11.Http11NioProtocol] ====message: Pausing ProtocolHandler ["http-nio-80"]
[INFO ] 2020-07-06 15:09:38 [restartedMain] [o.a.catalina.core.StandardService] ====message: Stopping service [Tomcat]
[INFO ] 2020-07-06 15:09:38 [restartedMain] [o.a.coyote.http11.Http11NioProtocol] ====message: Stopping ProtocolHandler ["http-nio-80"]
[INFO ] 2020-07-06 15:09:38 [restartedMain] [o.a.coyote.http11.Http11NioProtocol] ====message: Destroying ProtocolHandler ["http-nio-80"]
[INFO ] 2020-07-06 15:09:38 [restartedMain] [org.quartz.core.QuartzScheduler] ====message: Scheduler quartzScheduler_$_NON_CLUSTERED paused.
[INFO ] 2020-07-06 15:09:38 [restartedMain] [o.s.s.quartz.SchedulerFactoryBean] ====message: Shutting down Quartz Scheduler
[INFO ] 2020-07-06 15:09:38 [restartedMain] [org.quartz.core.QuartzScheduler] ====message: Scheduler quartzScheduler_$_NON_CLUSTERED shutting down.
[INFO ] 2020-07-06 15:09:38 [restartedMain] [org.quartz.core.QuartzScheduler] ====message: Scheduler quartzScheduler_$_NON_CLUSTERED paused.
[INFO ] 2020-07-06 15:09:38 [restartedMain] [org.quartz.core.QuartzScheduler] ====message: Scheduler quartzScheduler_$_NON_CLUSTERED shutdown complete.
[INFO ] 2020-07-06 15:09:38 [restartedMain] [o.s.s.c.ThreadPoolTaskExecutor] ====message: Shutting down ExecutorService 'applicationTaskExecutor'
[INFO ] 2020-07-06 15:18:35 [restartedMain] [com.kams.KAMSApplication] ====message: Starting KAMSApplication on CNHTPYHZ2 with PID 12768 (D:\TFS\Local\KAMS\target\classes started by change in D:\TFS\Local\KAMS)
[INFO ] 2020-07-06 15:18:35 [restartedMain] [com.kams.KAMSApplication] ====message: The following profiles are active: kprod
[INFO ] 2020-07-06 15:18:35 [restartedMain] [o.s.b.d.restart.ChangeableUrls] ====message: The Class-Path manifest attribute in D:\JavaDevelopment\maven\maven-repository\com\mchange\c3p0\0.9.5.4\c3p0-0.9.5.4.jar referenced one or more files that do not exist: file:/D:/JavaDevelopment/maven/maven-repository/com/mchange/c3p0/0.9.5.4/mchange-commons-java-0.2.15.jar
[INFO ] 2020-07-06 15:18:35 [restartedMain] [o.s.b.d.e.DevToolsPropertyDefaultsPostProcessor] ====message: Devtools property defaults active! Set 'spring.devtools.add-properties' to 'false' to disable
[INFO ] 2020-07-06 15:18:35 [restartedMain] [o.s.b.d.e.DevToolsPropertyDefaultsPostProcessor] ====message: For additional web related logging consider setting the 'logging.level.web' property to 'DEBUG'
[INFO ] 2020-07-06 15:18:35 [restartedMain] [o.s.b.w.e.tomcat.TomcatWebServer] ====message: Tomcat initialized with port(s): 80 (http)
[INFO ] 2020-07-06 15:18:35 [restartedMain] [o.a.coyote.http11.Http11NioProtocol] ====message: Initializing ProtocolHandler ["http-nio-80"]
[INFO ] 2020-07-06 15:18:35 [restartedMain] [o.a.catalina.core.StandardService] ====message: Starting service [Tomcat]
[INFO ] 2020-07-06 15:18:35 [restartedMain] [o.a.catalina.core.StandardEngine] ====message: Starting Servlet engine: [Apache Tomcat/9.0.36]
[INFO ] 2020-07-06 15:18:35 [restartedMain] [o.a.c.c.C.[Tomcat].[localhost].[/]] ====message: Initializing Spring embedded WebApplicationContext
[INFO ] 2020-07-06 15:18:35 [restartedMain] [o.s.b.w.s.c.ServletWebServerApplicationContext] ====message: Root WebApplicationContext: initialization completed in 1858 ms
[INFO ] 2020-07-06 15:18:35 [MLog-Init-Reporter] [com.mchange.v2.log.MLog] ====message: MLog clients using slf4j logging.
[INFO ] 2020-07-06 15:18:35 [restartedMain] [com.mchange.v2.c3p0.C3P0Registry] ====message: Initializing c3p0-0.9.5.4 [built 23-March-2019 23:00:48 -0700; debug? true; trace: 10]
[INFO ] 2020-07-06 15:18:35 [restartedMain] [o.s.s.c.ThreadPoolTaskExecutor] ====message: Initializing ExecutorService 'applicationTaskExecutor'
[INFO ] 2020-07-06 15:18:35 [restartedMain] [org.quartz.impl.StdSchedulerFactory] ====message: Using default implementation for ThreadExecutor
[INFO ] 2020-07-06 15:18:35 [restartedMain] [o.quartz.core.SchedulerSignalerImpl] ====message: Initialized Scheduler Signaller of type: class org.quartz.core.SchedulerSignalerImpl
[INFO ] 2020-07-06 15:18:35 [restartedMain] [org.quartz.core.QuartzScheduler] ====message: Quartz Scheduler v.2.3.2 created.
[INFO ] 2020-07-06 15:18:35 [restartedMain] [org.quartz.simpl.RAMJobStore] ====message: RAMJobStore initialized.
[INFO ] 2020-07-06 15:18:35 [restartedMain] [org.quartz.core.QuartzScheduler] ====message: Scheduler meta-data: Quartz Scheduler (v2.3.2) 'quartzScheduler' with instanceId 'NON_CLUSTERED'
  Scheduler class: 'org.quartz.core.QuartzScheduler' - running locally.
  NOT STARTED.
  Currently in standby mode.
  Number of jobs executed: 0
  Using thread pool 'org.quartz.simpl.SimpleThreadPool' - with 10 threads.
  Using job-store 'org.quartz.simpl.RAMJobStore' - which does not support persistence. and is not clustered.

[INFO ] 2020-07-06 15:18:35 [restartedMain] [org.quartz.impl.StdSchedulerFactory] ====message: Quartz scheduler 'quartzScheduler' initialized from an externally provided properties instance.
[INFO ] 2020-07-06 15:18:35 [restartedMain] [org.quartz.impl.StdSchedulerFactory] ====message: Quartz scheduler version: 2.3.2
[INFO ] 2020-07-06 15:18:35 [restartedMain] [org.quartz.core.QuartzScheduler] ====message: JobFactory set to: org.springframework.scheduling.quartz.SpringBeanJobFactory@232e2146
[INFO ] 2020-07-06 15:18:35 [restartedMain] [o.s.b.d.a.OptionalLiveReloadServer] ====message: LiveReload server is running on port 35729
[INFO ] 2020-07-06 15:18:35 [restartedMain] [o.a.coyote.http11.Http11NioProtocol] ====message: Starting ProtocolHandler ["http-nio-80"]
[INFO ] 2020-07-06 15:18:35 [restartedMain] [o.s.b.w.e.tomcat.TomcatWebServer] ====message: Tomcat started on port(s): 80 (http) with context path ''
[INFO ] 2020-07-06 15:18:35 [restartedMain] [o.s.s.quartz.SchedulerFactoryBean] ====message: Starting Quartz Scheduler now
[INFO ] 2020-07-06 15:18:35 [restartedMain] [org.quartz.core.QuartzScheduler] ====message: Scheduler quartzScheduler_$_NON_CLUSTERED started.
[INFO ] 2020-07-06 15:18:35 [restartedMain] [c.m.v.c.i.AbstractPoolBackedDataSource] ====message: Initializing c3p0 pool... com.mchange.v2.c3p0.ComboPooledDataSource [ acquireIncrement -> 3, acquireRetryAttempts -> 30, acquireRetryDelay -> 1000, autoCommitOnClose -> false, automaticTestTable -> null, breakAfterAcquireFailure -> false, checkoutTimeout -> 0, connectionCustomizerClassName -> null, connectionTesterClassName -> com.mchange.v2.c3p0.impl.DefaultConnectionTester, contextClassLoaderSource -> caller, dataSourceName -> 2ybz0jab9pij4q10i0kk4|1afaf9e5, debugUnreturnedConnectionStackTraces -> false, description -> null, driverClass -> com.mysql.cj.jdbc.Driver, extensions -> {}, factoryClassLocation -> null, forceIgnoreUnresolvedTransactions -> false, forceSynchronousCheckins -> false, forceUseNamedDriverClass -> false, identityToken -> 2ybz0jab9pij4q10i0kk4|1afaf9e5, idleConnectionTestPeriod -> 0, initialPoolSize -> 3, jdbcUrl -> jdbc:mysql://106.14.5.129:3306/TestEnv, maxAdministrativeTaskTime -> 0, maxConnectionAge -> 0, maxIdleTime -> 0, maxIdleTimeExcessConnections -> 0, maxPoolSize -> 15, maxStatements -> 0, maxStatementsPerConnection -> 0, minPoolSize -> 3, numHelperThreads -> 3, preferredTestQuery -> null, privilegeSpawnedThreads -> false, properties -> {user=******, password=******}, propertyCycle -> 0, statementCacheNumDeferredCloseThreads -> 0, testConnectionOnCheckin -> false, testConnectionOnCheckout -> false, unreturnedConnectionTimeout -> 0, userOverrides -> {}, usesTraditionalReflectiveProxies -> false ]
[INFO ] 2020-07-06 15:18:35 [restartedMain] [o.s.s.a.ScheduledAnnotationBeanPostProcessor] ====message: No TaskScheduler/ScheduledExecutorService bean found for scheduled processing
[INFO ] 2020-07-06 15:18:35 [restartedMain] [com.kams.KAMSApplication] ====message: Started KAMSApplication in 4.538 seconds (JVM running for 5.275)
[INFO ] 2020-07-06 15:18:35 [http-nio-80-exec-1] [o.a.c.c.C.[Tomcat].[localhost].[/]] ====message: Initializing Spring DispatcherServlet 'dispatcherServlet'
[INFO ] 2020-07-06 15:18:35 [http-nio-80-exec-1] [o.s.web.servlet.DispatcherServlet] ====message: Initializing Servlet 'dispatcherServlet'
[INFO ] 2020-07-06 15:18:35 [http-nio-80-exec-1] [o.s.web.servlet.DispatcherServlet] ====message: Completed initialization in 9 ms
[INFO ] 2020-07-06 15:18:35 [Thread-174] [org.quartz.core.QuartzScheduler] ====message: Scheduler quartzScheduler_$_NON_CLUSTERED paused.
[INFO ] 2020-07-06 15:18:35 [Thread-174] [o.s.s.quartz.SchedulerFactoryBean] ====message: Shutting down Quartz Scheduler
[INFO ] 2020-07-06 15:18:35 [Thread-174] [org.quartz.core.QuartzScheduler] ====message: Scheduler quartzScheduler_$_NON_CLUSTERED shutting down.
[INFO ] 2020-07-06 15:18:35 [Thread-174] [org.quartz.core.QuartzScheduler] ====message: Scheduler quartzScheduler_$_NON_CLUSTERED paused.
[INFO ] 2020-07-06 15:18:35 [Thread-174] [org.quartz.core.QuartzScheduler] ====message: Scheduler quartzScheduler_$_NON_CLUSTERED shutdown complete.
[INFO ] 2020-07-06 15:18:35 [Thread-174] [o.s.s.c.ThreadPoolTaskExecutor] ====message: Shutting down ExecutorService 'applicationTaskExecutor'
[INFO ] 2020-07-06 15:25:14 [restartedMain] [com.kams.KAMSApplication] ====message: Starting KAMSApplication on CNHTPYHZ2 with PID 12768 (D:\TFS\Local\KAMS\target\classes started by change in D:\TFS\Local\KAMS)
[INFO ] 2020-07-06 15:25:14 [restartedMain] [com.kams.KAMSApplication] ====message: The following profiles are active: kprod
[INFO ] 2020-07-06 15:25:14 [restartedMain] [o.s.b.w.e.tomcat.TomcatWebServer] ====message: Tomcat initialized with port(s): 80 (http)
[INFO ] 2020-07-06 15:25:14 [restartedMain] [o.a.coyote.http11.Http11NioProtocol] ====message: Initializing ProtocolHandler ["http-nio-80"]
[INFO ] 2020-07-06 15:25:14 [restartedMain] [o.a.catalina.core.StandardService] ====message: Starting service [Tomcat]
[INFO ] 2020-07-06 15:25:14 [restartedMain] [o.a.catalina.core.StandardEngine] ====message: Starting Servlet engine: [Apache Tomcat/9.0.36]
[INFO ] 2020-07-06 15:25:14 [restartedMain] [o.a.c.c.C.[Tomcat].[localhost].[/]] ====message: Initializing Spring embedded WebApplicationContext
[INFO ] 2020-07-06 15:25:14 [restartedMain] [o.s.b.w.s.c.ServletWebServerApplicationContext] ====message: Root WebApplicationContext: initialization completed in 601 ms
[INFO ] 2020-07-06 15:25:14 [restartedMain] [o.s.s.c.ThreadPoolTaskExecutor] ====message: Initializing ExecutorService 'applicationTaskExecutor'
[INFO ] 2020-07-06 15:25:14 [restartedMain] [org.quartz.impl.StdSchedulerFactory] ====message: Using default implementation for ThreadExecutor
[INFO ] 2020-07-06 15:25:14 [restartedMain] [o.quartz.core.SchedulerSignalerImpl] ====message: Initialized Scheduler Signaller of type: class org.quartz.core.SchedulerSignalerImpl
[INFO ] 2020-07-06 15:25:14 [restartedMain] [org.quartz.core.QuartzScheduler] ====message: Quartz Scheduler v.2.3.2 created.
[INFO ] 2020-07-06 15:25:14 [restartedMain] [org.quartz.simpl.RAMJobStore] ====message: RAMJobStore initialized.
[INFO ] 2020-07-06 15:25:14 [restartedMain] [org.quartz.core.QuartzScheduler] ====message: Scheduler meta-data: Quartz Scheduler (v2.3.2) 'quartzScheduler' with instanceId 'NON_CLUSTERED'
  Scheduler class: 'org.quartz.core.QuartzScheduler' - running locally.
  NOT STARTED.
  Currently in standby mode.
  Number of jobs executed: 0
  Using thread pool 'org.quartz.simpl.SimpleThreadPool' - with 10 threads.
  Using job-store 'org.quartz.simpl.RAMJobStore' - which does not support persistence. and is not clustered.

[INFO ] 2020-07-06 15:25:14 [restartedMain] [org.quartz.impl.StdSchedulerFactory] ====message: Quartz scheduler 'quartzScheduler' initialized from an externally provided properties instance.
[INFO ] 2020-07-06 15:25:14 [restartedMain] [org.quartz.impl.StdSchedulerFactory] ====message: Quartz scheduler version: 2.3.2
[INFO ] 2020-07-06 15:25:14 [restartedMain] [org.quartz.core.QuartzScheduler] ====message: JobFactory set to: org.springframework.scheduling.quartz.SpringBeanJobFactory@7a322d95
[INFO ] 2020-07-06 15:25:14 [restartedMain] [o.s.b.d.a.OptionalLiveReloadServer] ====message: LiveReload server is running on port 35729
[INFO ] 2020-07-06 15:25:14 [restartedMain] [o.a.coyote.http11.Http11NioProtocol] ====message: Starting ProtocolHandler ["http-nio-80"]
[INFO ] 2020-07-06 15:25:14 [restartedMain] [o.s.b.w.e.tomcat.TomcatWebServer] ====message: Tomcat started on port(s): 80 (http) with context path ''
[INFO ] 2020-07-06 15:25:14 [restartedMain] [o.s.s.quartz.SchedulerFactoryBean] ====message: Starting Quartz Scheduler now
[INFO ] 2020-07-06 15:25:14 [restartedMain] [org.quartz.core.QuartzScheduler] ====message: Scheduler quartzScheduler_$_NON_CLUSTERED started.
[INFO ] 2020-07-06 15:25:14 [restartedMain] [c.m.v.c.i.AbstractPoolBackedDataSource] ====message: Initializing c3p0 pool... com.mchange.v2.c3p0.ComboPooledDataSource [ acquireIncrement -> 3, acquireRetryAttempts -> 30, acquireRetryDelay -> 1000, autoCommitOnClose -> false, automaticTestTable -> null, breakAfterAcquireFailure -> false, checkoutTimeout -> 0, connectionCustomizerClassName -> null, connectionTesterClassName -> com.mchange.v2.c3p0.impl.DefaultConnectionTester, contextClassLoaderSource -> caller, dataSourceName -> 2ybz0jab9pij4q10i0kk4|24c1c32b, debugUnreturnedConnectionStackTraces -> false, description -> null, driverClass -> com.mysql.cj.jdbc.Driver, extensions -> {}, factoryClassLocation -> null, forceIgnoreUnresolvedTransactions -> false, forceSynchronousCheckins -> false, forceUseNamedDriverClass -> false, identityToken -> 2ybz0jab9pij4q10i0kk4|24c1c32b, idleConnectionTestPeriod -> 0, initialPoolSize -> 3, jdbcUrl -> jdbc:mysql://106.14.5.129:3306/TestEnv, maxAdministrativeTaskTime -> 0, maxConnectionAge -> 0, maxIdleTime -> 0, maxIdleTimeExcessConnections -> 0, maxPoolSize -> 15, maxStatements -> 0, maxStatementsPerConnection -> 0, minPoolSize -> 3, numHelperThreads -> 3, preferredTestQuery -> null, privilegeSpawnedThreads -> false, properties -> {user=******, password=******}, propertyCycle -> 0, statementCacheNumDeferredCloseThreads -> 0, testConnectionOnCheckin -> false, testConnectionOnCheckout -> false, unreturnedConnectionTimeout -> 0, userOverrides -> {}, usesTraditionalReflectiveProxies -> false ]
[INFO ] 2020-07-06 15:25:14 [restartedMain] [o.s.s.a.ScheduledAnnotationBeanPostProcessor] ====message: No TaskScheduler/ScheduledExecutorService bean found for scheduled processing
[INFO ] 2020-07-06 15:25:14 [restartedMain] [com.kams.KAMSApplication] ====message: Started KAMSApplication in 1.254 seconds (JVM running for 401.261)
[INFO ] 2020-07-06 15:25:14 [restartedMain] [o.s.b.d.a.ConditionEvaluationDeltaLoggingListener] ====message: Condition evaluation unchanged
[INFO ] 2020-07-06 15:25:14 [http-nio-80-exec-1] [o.a.c.c.C.[Tomcat].[localhost].[/]] ====message: Initializing Spring DispatcherServlet 'dispatcherServlet'
[INFO ] 2020-07-06 15:25:14 [http-nio-80-exec-1] [o.s.web.servlet.DispatcherServlet] ====message: Initializing Servlet 'dispatcherServlet'
[INFO ] 2020-07-06 15:25:14 [http-nio-80-exec-1] [o.s.web.servlet.DispatcherServlet] ====message: Completed initialization in 3 ms
[INFO ] 2020-07-06 15:25:14 [Thread-181] [org.quartz.core.QuartzScheduler] ====message: Scheduler quartzScheduler_$_NON_CLUSTERED paused.
[INFO ] 2020-07-06 15:25:14 [Thread-181] [o.s.s.quartz.SchedulerFactoryBean] ====message: Shutting down Quartz Scheduler
[INFO ] 2020-07-06 15:25:14 [Thread-181] [org.quartz.core.QuartzScheduler] ====message: Scheduler quartzScheduler_$_NON_CLUSTERED shutting down.
[INFO ] 2020-07-06 15:25:14 [Thread-181] [org.quartz.core.QuartzScheduler] ====message: Scheduler quartzScheduler_$_NON_CLUSTERED paused.
[INFO ] 2020-07-06 15:25:14 [Thread-181] [org.quartz.core.QuartzScheduler] ====message: Scheduler quartzScheduler_$_NON_CLUSTERED shutdown complete.
[INFO ] 2020-07-06 15:25:14 [Thread-181] [o.s.s.c.ThreadPoolTaskExecutor] ====message: Shutting down ExecutorService 'applicationTaskExecutor'
[INFO ] 2020-07-06 15:26:28 [restartedMain] [com.kams.KAMSApplication] ====message: Starting KAMSApplication on CNHTPYHZ2 with PID 12768 (D:\TFS\Local\KAMS\target\classes started by change in D:\TFS\Local\KAMS)
[INFO ] 2020-07-06 15:26:28 [restartedMain] [com.kams.KAMSApplication] ====message: The following profiles are active: kprod
[INFO ] 2020-07-06 15:26:28 [restartedMain] [o.s.b.w.e.tomcat.TomcatWebServer] ====message: Tomcat initialized with port(s): 80 (http)
[INFO ] 2020-07-06 15:26:28 [restartedMain] [o.a.coyote.http11.Http11NioProtocol] ====message: Initializing ProtocolHandler ["http-nio-80"]
[INFO ] 2020-07-06 15:26:28 [restartedMain] [o.a.catalina.core.StandardService] ====message: Starting service [Tomcat]
[INFO ] 2020-07-06 15:26:28 [restartedMain] [o.a.catalina.core.StandardEngine] ====message: Starting Servlet engine: [Apache Tomcat/9.0.36]
[INFO ] 2020-07-06 15:26:28 [restartedMain] [o.a.c.c.C.[Tomcat].[localhost].[/]] ====message: Initializing Spring embedded WebApplicationContext
[INFO ] 2020-07-06 15:26:28 [restartedMain] [o.s.b.w.s.c.ServletWebServerApplicationContext] ====message: Root WebApplicationContext: initialization completed in 503 ms
[INFO ] 2020-07-06 15:26:28 [restartedMain] [o.s.s.c.ThreadPoolTaskExecutor] ====message: Initializing ExecutorService 'applicationTaskExecutor'
[INFO ] 2020-07-06 15:26:28 [restartedMain] [org.quartz.impl.StdSchedulerFactory] ====message: Using default implementation for ThreadExecutor
[INFO ] 2020-07-06 15:26:28 [restartedMain] [o.quartz.core.SchedulerSignalerImpl] ====message: Initialized Scheduler Signaller of type: class org.quartz.core.SchedulerSignalerImpl
[INFO ] 2020-07-06 15:26:28 [restartedMain] [org.quartz.core.QuartzScheduler] ====message: Quartz Scheduler v.2.3.2 created.
[INFO ] 2020-07-06 15:26:28 [restartedMain] [org.quartz.simpl.RAMJobStore] ====message: RAMJobStore initialized.
[INFO ] 2020-07-06 15:26:28 [restartedMain] [org.quartz.core.QuartzScheduler] ====message: Scheduler meta-data: Quartz Scheduler (v2.3.2) 'quartzScheduler' with instanceId 'NON_CLUSTERED'
  Scheduler class: 'org.quartz.core.QuartzScheduler' - running locally.
  NOT STARTED.
  Currently in standby mode.
  Number of jobs executed: 0
  Using thread pool 'org.quartz.simpl.SimpleThreadPool' - with 10 threads.
  Using job-store 'org.quartz.simpl.RAMJobStore' - which does not support persistence. and is not clustered.

[INFO ] 2020-07-06 15:26:28 [restartedMain] [org.quartz.impl.StdSchedulerFactory] ====message: Quartz scheduler 'quartzScheduler' initialized from an externally provided properties instance.
[INFO ] 2020-07-06 15:26:28 [restartedMain] [org.quartz.impl.StdSchedulerFactory] ====message: Quartz scheduler version: 2.3.2
[INFO ] 2020-07-06 15:26:28 [restartedMain] [org.quartz.core.QuartzScheduler] ====message: JobFactory set to: org.springframework.scheduling.quartz.SpringBeanJobFactory@149513bb
[INFO ] 2020-07-06 15:26:28 [restartedMain] [o.s.b.d.a.OptionalLiveReloadServer] ====message: LiveReload server is running on port 35729
[INFO ] 2020-07-06 15:26:28 [restartedMain] [o.a.coyote.http11.Http11NioProtocol] ====message: Starting ProtocolHandler ["http-nio-80"]
[INFO ] 2020-07-06 15:26:28 [restartedMain] [o.s.b.w.e.tomcat.TomcatWebServer] ====message: Tomcat started on port(s): 80 (http) with context path ''
[INFO ] 2020-07-06 15:26:28 [restartedMain] [o.s.s.quartz.SchedulerFactoryBean] ====message: Starting Quartz Scheduler now
[INFO ] 2020-07-06 15:26:28 [restartedMain] [org.quartz.core.QuartzScheduler] ====message: Scheduler quartzScheduler_$_NON_CLUSTERED started.
[INFO ] 2020-07-06 15:26:28 [restartedMain] [c.m.v.c.i.AbstractPoolBackedDataSource] ====message: Initializing c3p0 pool... com.mchange.v2.c3p0.ComboPooledDataSource [ acquireIncrement -> 3, acquireRetryAttempts -> 30, acquireRetryDelay -> 1000, autoCommitOnClose -> false, automaticTestTable -> null, breakAfterAcquireFailure -> false, checkoutTimeout -> 0, connectionCustomizerClassName -> null, connectionTesterClassName -> com.mchange.v2.c3p0.impl.DefaultConnectionTester, contextClassLoaderSource -> caller, dataSourceName -> 2ybz0jab9pij4q10i0kk4|7f74765a, debugUnreturnedConnectionStackTraces -> false, description -> null, driverClass -> com.mysql.cj.jdbc.Driver, extensions -> {}, factoryClassLocation -> null, forceIgnoreUnresolvedTransactions -> false, forceSynchronousCheckins -> false, forceUseNamedDriverClass -> false, identityToken -> 2ybz0jab9pij4q10i0kk4|7f74765a, idleConnectionTestPeriod -> 0, initialPoolSize -> 3, jdbcUrl -> jdbc:mysql://106.14.5.129:3306/TestEnv, maxAdministrativeTaskTime -> 0, maxConnectionAge -> 0, maxIdleTime -> 0, maxIdleTimeExcessConnections -> 0, maxPoolSize -> 15, maxStatements -> 0, maxStatementsPerConnection -> 0, minPoolSize -> 3, numHelperThreads -> 3, preferredTestQuery -> null, privilegeSpawnedThreads -> false, properties -> {user=******, password=******}, propertyCycle -> 0, statementCacheNumDeferredCloseThreads -> 0, testConnectionOnCheckin -> false, testConnectionOnCheckout -> false, unreturnedConnectionTimeout -> 0, userOverrides -> {}, usesTraditionalReflectiveProxies -> false ]
[INFO ] 2020-07-06 15:26:28 [restartedMain] [o.s.s.a.ScheduledAnnotationBeanPostProcessor] ====message: No TaskScheduler/ScheduledExecutorService bean found for scheduled processing
[INFO ] 2020-07-06 15:26:28 [restartedMain] [com.kams.KAMSApplication] ====message: Started KAMSApplication in 1.045 seconds (JVM running for 475.653)
[INFO ] 2020-07-06 15:26:28 [restartedMain] [o.s.b.d.a.ConditionEvaluationDeltaLoggingListener] ====message: Condition evaluation unchanged
[INFO ] 2020-07-06 15:26:28 [Thread-358] [org.quartz.core.QuartzScheduler] ====message: Scheduler quartzScheduler_$_NON_CLUSTERED paused.
[INFO ] 2020-07-06 15:26:28 [Thread-358] [o.s.s.quartz.SchedulerFactoryBean] ====message: Shutting down Quartz Scheduler
[INFO ] 2020-07-06 15:26:28 [Thread-358] [org.quartz.core.QuartzScheduler] ====message: Scheduler quartzScheduler_$_NON_CLUSTERED shutting down.
[INFO ] 2020-07-06 15:26:28 [Thread-358] [org.quartz.core.QuartzScheduler] ====message: Scheduler quartzScheduler_$_NON_CLUSTERED paused.
[INFO ] 2020-07-06 15:26:28 [Thread-358] [org.quartz.core.QuartzScheduler] ====message: Scheduler quartzScheduler_$_NON_CLUSTERED shutdown complete.
[INFO ] 2020-07-06 15:26:28 [Thread-358] [o.s.s.c.ThreadPoolTaskExecutor] ====message: Shutting down ExecutorService 'applicationTaskExecutor'
[INFO ] 2020-07-06 15:28:05 [restartedMain] [com.kams.KAMSApplication] ====message: Starting KAMSApplication on CNHTPYHZ2 with PID 12768 (D:\TFS\Local\KAMS\target\classes started by change in D:\TFS\Local\KAMS)
[INFO ] 2020-07-06 15:28:05 [restartedMain] [com.kams.KAMSApplication] ====message: The following profiles are active: kprod
[INFO ] 2020-07-06 15:28:05 [restartedMain] [o.s.b.w.e.tomcat.TomcatWebServer] ====message: Tomcat initialized with port(s): 80 (http)
[INFO ] 2020-07-06 15:28:05 [restartedMain] [o.a.coyote.http11.Http11NioProtocol] ====message: Initializing ProtocolHandler ["http-nio-80"]
[INFO ] 2020-07-06 15:28:05 [restartedMain] [o.a.catalina.core.StandardService] ====message: Starting service [Tomcat]
[INFO ] 2020-07-06 15:28:05 [restartedMain] [o.a.catalina.core.StandardEngine] ====message: Starting Servlet engine: [Apache Tomcat/9.0.36]
[INFO ] 2020-07-06 15:28:05 [restartedMain] [o.a.c.c.C.[Tomcat].[localhost].[/]] ====message: Initializing Spring embedded WebApplicationContext
[INFO ] 2020-07-06 15:28:05 [restartedMain] [o.s.b.w.s.c.ServletWebServerApplicationContext] ====message: Root WebApplicationContext: initialization completed in 511 ms
[INFO ] 2020-07-06 15:28:05 [restartedMain] [o.s.s.c.ThreadPoolTaskExecutor] ====message: Initializing ExecutorService 'applicationTaskExecutor'
[INFO ] 2020-07-06 15:28:05 [restartedMain] [org.quartz.impl.StdSchedulerFactory] ====message: Using default implementation for ThreadExecutor
[INFO ] 2020-07-06 15:28:05 [restartedMain] [o.quartz.core.SchedulerSignalerImpl] ====message: Initialized Scheduler Signaller of type: class org.quartz.core.SchedulerSignalerImpl
[INFO ] 2020-07-06 15:28:05 [restartedMain] [org.quartz.core.QuartzScheduler] ====message: Quartz Scheduler v.2.3.2 created.
[INFO ] 2020-07-06 15:28:05 [restartedMain] [org.quartz.simpl.RAMJobStore] ====message: RAMJobStore initialized.
[INFO ] 2020-07-06 15:28:05 [restartedMain] [org.quartz.core.QuartzScheduler] ====message: Scheduler meta-data: Quartz Scheduler (v2.3.2) 'quartzScheduler' with instanceId 'NON_CLUSTERED'
  Scheduler class: 'org.quartz.core.QuartzScheduler' - running locally.
  NOT STARTED.
  Currently in standby mode.
  Number of jobs executed: 0
  Using thread pool 'org.quartz.simpl.SimpleThreadPool' - with 10 threads.
  Using job-store 'org.quartz.simpl.RAMJobStore' - which does not support persistence. and is not clustered.

[INFO ] 2020-07-06 15:28:05 [restartedMain] [org.quartz.impl.StdSchedulerFactory] ====message: Quartz scheduler 'quartzScheduler' initialized from an externally provided properties instance.
[INFO ] 2020-07-06 15:28:05 [restartedMain] [org.quartz.impl.StdSchedulerFactory] ====message: Quartz scheduler version: 2.3.2
[INFO ] 2020-07-06 15:28:05 [restartedMain] [org.quartz.core.QuartzScheduler] ====message: JobFactory set to: org.springframework.scheduling.quartz.SpringBeanJobFactory@13bddac
[INFO ] 2020-07-06 15:28:05 [restartedMain] [o.s.b.d.a.OptionalLiveReloadServer] ====message: LiveReload server is running on port 35729
[INFO ] 2020-07-06 15:28:05 [restartedMain] [o.a.coyote.http11.Http11NioProtocol] ====message: Starting ProtocolHandler ["http-nio-80"]
[INFO ] 2020-07-06 15:28:05 [restartedMain] [o.s.b.w.e.tomcat.TomcatWebServer] ====message: Tomcat started on port(s): 80 (http) with context path ''
[INFO ] 2020-07-06 15:28:05 [restartedMain] [o.s.s.quartz.SchedulerFactoryBean] ====message: Starting Quartz Scheduler now
[INFO ] 2020-07-06 15:28:05 [restartedMain] [org.quartz.core.QuartzScheduler] ====message: Scheduler quartzScheduler_$_NON_CLUSTERED started.
[INFO ] 2020-07-06 15:28:05 [restartedMain] [c.m.v.c.i.AbstractPoolBackedDataSource] ====message: Initializing c3p0 pool... com.mchange.v2.c3p0.ComboPooledDataSource [ acquireIncrement -> 3, acquireRetryAttempts -> 30, acquireRetryDelay -> 1000, autoCommitOnClose -> false, automaticTestTable -> null, breakAfterAcquireFailure -> false, checkoutTimeout -> 0, connectionCustomizerClassName -> null, connectionTesterClassName -> com.mchange.v2.c3p0.impl.DefaultConnectionTester, contextClassLoaderSource -> caller, dataSourceName -> 2ybz0jab9pij4q10i0kk4|5d776e9, debugUnreturnedConnectionStackTraces -> false, description -> null, driverClass -> com.mysql.cj.jdbc.Driver, extensions -> {}, factoryClassLocation -> null, forceIgnoreUnresolvedTransactions -> false, forceSynchronousCheckins -> false, forceUseNamedDriverClass -> false, identityToken -> 2ybz0jab9pij4q10i0kk4|5d776e9, idleConnectionTestPeriod -> 0, initialPoolSize -> 3, jdbcUrl -> jdbc:mysql://106.14.5.129:3306/TestEnv, maxAdministrativeTaskTime -> 0, maxConnectionAge -> 0, maxIdleTime -> 0, maxIdleTimeExcessConnections -> 0, maxPoolSize -> 15, maxStatements -> 0, maxStatementsPerConnection -> 0, minPoolSize -> 3, numHelperThreads -> 3, preferredTestQuery -> null, privilegeSpawnedThreads -> false, properties -> {user=******, password=******}, propertyCycle -> 0, statementCacheNumDeferredCloseThreads -> 0, testConnectionOnCheckin -> false, testConnectionOnCheckout -> false, unreturnedConnectionTimeout -> 0, userOverrides -> {}, usesTraditionalReflectiveProxies -> false ]
[INFO ] 2020-07-06 15:28:05 [restartedMain] [o.s.s.a.ScheduledAnnotationBeanPostProcessor] ====message: No TaskScheduler/ScheduledExecutorService bean found for scheduled processing
[INFO ] 2020-07-06 15:28:05 [restartedMain] [com.kams.KAMSApplication] ====message: Started KAMSApplication in 1.026 seconds (JVM running for 572.909)
[INFO ] 2020-07-06 15:28:05 [restartedMain] [o.s.b.d.a.ConditionEvaluationDeltaLoggingListener] ====message: Condition evaluation unchanged
[INFO ] 2020-07-06 15:28:05 [Thread-535] [org.quartz.core.QuartzScheduler] ====message: Scheduler quartzScheduler_$_NON_CLUSTERED paused.
[INFO ] 2020-07-06 15:28:05 [Thread-535] [o.s.s.quartz.SchedulerFactoryBean] ====message: Shutting down Quartz Scheduler
[INFO ] 2020-07-06 15:28:05 [Thread-535] [org.quartz.core.QuartzScheduler] ====message: Scheduler quartzScheduler_$_NON_CLUSTERED shutting down.
[INFO ] 2020-07-06 15:28:05 [Thread-535] [org.quartz.core.QuartzScheduler] ====message: Scheduler quartzScheduler_$_NON_CLUSTERED paused.
[INFO ] 2020-07-06 15:28:05 [Thread-535] [org.quartz.core.QuartzScheduler] ====message: Scheduler quartzScheduler_$_NON_CLUSTERED shutdown complete.
[INFO ] 2020-07-06 15:28:05 [Thread-535] [o.s.s.c.ThreadPoolTaskExecutor] ====message: Shutting down ExecutorService 'applicationTaskExecutor'
[INFO ] 2020-07-06 15:33:42 [restartedMain] [com.kams.KAMSApplication] ====message: Starting KAMSApplication on CNHTPYHZ2 with PID 12768 (D:\TFS\Local\KAMS\target\classes started by change in D:\TFS\Local\KAMS)
[INFO ] 2020-07-06 15:33:42 [restartedMain] [com.kams.KAMSApplication] ====message: The following profiles are active: kprod
[INFO ] 2020-07-06 15:33:42 [restartedMain] [o.s.b.w.e.tomcat.TomcatWebServer] ====message: Tomcat initialized with port(s): 80 (http)
[INFO ] 2020-07-06 15:33:42 [restartedMain] [o.a.coyote.http11.Http11NioProtocol] ====message: Initializing ProtocolHandler ["http-nio-80"]
[INFO ] 2020-07-06 15:33:42 [restartedMain] [o.a.catalina.core.StandardService] ====message: Starting service [Tomcat]
[INFO ] 2020-07-06 15:33:42 [restartedMain] [o.a.catalina.core.StandardEngine] ====message: Starting Servlet engine: [Apache Tomcat/9.0.36]
[INFO ] 2020-07-06 15:33:42 [restartedMain] [o.a.c.c.C.[Tomcat].[localhost].[/]] ====message: Initializing Spring embedded WebApplicationContext
[INFO ] 2020-07-06 15:33:42 [restartedMain] [o.s.b.w.s.c.ServletWebServerApplicationContext] ====message: Root WebApplicationContext: initialization completed in 401 ms
[INFO ] 2020-07-06 15:33:42 [restartedMain] [o.a.catalina.core.StandardService] ====message: Stopping service [Tomcat]
[INFO ] 2020-07-06 15:35:32 [restartedMain] [com.kams.KAMSApplication] ====message: Starting KAMSApplication on CNHTPYHZ2 with PID 11520 (D:\TFS\Local\KAMS\target\classes started by change in D:\TFS\Local\KAMS)
[INFO ] 2020-07-06 15:35:32 [restartedMain] [com.kams.KAMSApplication] ====message: The following profiles are active: kprod
[INFO ] 2020-07-06 15:35:32 [restartedMain] [o.s.b.d.restart.ChangeableUrls] ====message: The Class-Path manifest attribute in D:\JavaDevelopment\maven\maven-repository\com\mchange\c3p0\0.9.5.4\c3p0-0.9.5.4.jar referenced one or more files that do not exist: file:/D:/JavaDevelopment/maven/maven-repository/com/mchange/c3p0/0.9.5.4/mchange-commons-java-0.2.15.jar
[INFO ] 2020-07-06 15:35:32 [restartedMain] [o.s.b.d.e.DevToolsPropertyDefaultsPostProcessor] ====message: Devtools property defaults active! Set 'spring.devtools.add-properties' to 'false' to disable
[INFO ] 2020-07-06 15:35:32 [restartedMain] [o.s.b.d.e.DevToolsPropertyDefaultsPostProcessor] ====message: For additional web related logging consider setting the 'logging.level.web' property to 'DEBUG'
[INFO ] 2020-07-06 15:35:32 [restartedMain] [o.s.b.w.e.tomcat.TomcatWebServer] ====message: Tomcat initialized with port(s): 80 (http)
[INFO ] 2020-07-06 15:35:32 [restartedMain] [o.a.coyote.http11.Http11NioProtocol] ====message: Initializing ProtocolHandler ["http-nio-80"]
[INFO ] 2020-07-06 15:35:32 [restartedMain] [o.a.catalina.core.StandardService] ====message: Starting service [Tomcat]
[INFO ] 2020-07-06 15:35:32 [restartedMain] [o.a.catalina.core.StandardEngine] ====message: Starting Servlet engine: [Apache Tomcat/9.0.36]
[INFO ] 2020-07-06 15:35:32 [restartedMain] [o.a.c.c.C.[Tomcat].[localhost].[/]] ====message: Initializing Spring embedded WebApplicationContext
[INFO ] 2020-07-06 15:35:32 [restartedMain] [o.s.b.w.s.c.ServletWebServerApplicationContext] ====message: Root WebApplicationContext: initialization completed in 1914 ms
[INFO ] 2020-07-06 15:35:32 [MLog-Init-Reporter] [com.mchange.v2.log.MLog] ====message: MLog clients using slf4j logging.
[INFO ] 2020-07-06 15:35:32 [restartedMain] [com.mchange.v2.c3p0.C3P0Registry] ====message: Initializing c3p0-0.9.5.4 [built 23-March-2019 23:00:48 -0700; debug? true; trace: 10]
[INFO ] 2020-07-06 15:35:32 [restartedMain] [o.a.catalina.core.StandardService] ====message: Stopping service [Tomcat]
[INFO ] 2020-07-06 15:37:00 [restartedMain] [com.kams.KAMSApplication] ====message: Starting KAMSApplication on CNHTPYHZ2 with PID 13072 (D:\TFS\Local\KAMS\target\classes started by change in D:\TFS\Local\KAMS)
[INFO ] 2020-07-06 15:37:00 [restartedMain] [com.kams.KAMSApplication] ====message: The following profiles are active: kprod
[INFO ] 2020-07-06 15:37:00 [restartedMain] [o.s.b.d.restart.ChangeableUrls] ====message: The Class-Path manifest attribute in D:\JavaDevelopment\maven\maven-repository\com\mchange\c3p0\0.9.5.4\c3p0-0.9.5.4.jar referenced one or more files that do not exist: file:/D:/JavaDevelopment/maven/maven-repository/com/mchange/c3p0/0.9.5.4/mchange-commons-java-0.2.15.jar
[INFO ] 2020-07-06 15:37:00 [restartedMain] [o.s.b.d.e.DevToolsPropertyDefaultsPostProcessor] ====message: Devtools property defaults active! Set 'spring.devtools.add-properties' to 'false' to disable
[INFO ] 2020-07-06 15:37:00 [restartedMain] [o.s.b.d.e.DevToolsPropertyDefaultsPostProcessor] ====message: For additional web related logging consider setting the 'logging.level.web' property to 'DEBUG'
[INFO ] 2020-07-06 15:37:00 [restartedMain] [o.s.b.w.e.tomcat.TomcatWebServer] ====message: Tomcat initialized with port(s): 80 (http)
[INFO ] 2020-07-06 15:37:00 [restartedMain] [o.a.coyote.http11.Http11NioProtocol] ====message: Initializing ProtocolHandler ["http-nio-80"]
[INFO ] 2020-07-06 15:37:00 [restartedMain] [o.a.catalina.core.StandardService] ====message: Starting service [Tomcat]
[INFO ] 2020-07-06 15:37:00 [restartedMain] [o.a.catalina.core.StandardEngine] ====message: Starting Servlet engine: [Apache Tomcat/9.0.36]
[INFO ] 2020-07-06 15:37:00 [restartedMain] [o.a.c.c.C.[Tomcat].[localhost].[/]] ====message: Initializing Spring embedded WebApplicationContext
[INFO ] 2020-07-06 15:37:00 [restartedMain] [o.s.b.w.s.c.ServletWebServerApplicationContext] ====message: Root WebApplicationContext: initialization completed in 1751 ms
[INFO ] 2020-07-06 15:37:00 [MLog-Init-Reporter] [com.mchange.v2.log.MLog] ====message: MLog clients using slf4j logging.
[INFO ] 2020-07-06 15:37:00 [restartedMain] [com.mchange.v2.c3p0.C3P0Registry] ====message: Initializing c3p0-0.9.5.4 [built 23-March-2019 23:00:48 -0700; debug? true; trace: 10]
[INFO ] 2020-07-06 15:37:00 [restartedMain] [o.s.s.c.ThreadPoolTaskExecutor] ====message: Initializing ExecutorService 'applicationTaskExecutor'
[INFO ] 2020-07-06 15:37:00 [restartedMain] [org.quartz.impl.StdSchedulerFactory] ====message: Using default implementation for ThreadExecutor
[INFO ] 2020-07-06 15:37:00 [restartedMain] [o.quartz.core.SchedulerSignalerImpl] ====message: Initialized Scheduler Signaller of type: class org.quartz.core.SchedulerSignalerImpl
[INFO ] 2020-07-06 15:37:00 [restartedMain] [org.quartz.core.QuartzScheduler] ====message: Quartz Scheduler v.2.3.2 created.
[INFO ] 2020-07-06 15:37:00 [restartedMain] [org.quartz.simpl.RAMJobStore] ====message: RAMJobStore initialized.
[INFO ] 2020-07-06 15:37:00 [restartedMain] [org.quartz.core.QuartzScheduler] ====message: Scheduler meta-data: Quartz Scheduler (v2.3.2) 'quartzScheduler' with instanceId 'NON_CLUSTERED'
  Scheduler class: 'org.quartz.core.QuartzScheduler' - running locally.
  NOT STARTED.
  Currently in standby mode.
  Number of jobs executed: 0
  Using thread pool 'org.quartz.simpl.SimpleThreadPool' - with 10 threads.
  Using job-store 'org.quartz.simpl.RAMJobStore' - which does not support persistence. and is not clustered.

[INFO ] 2020-07-06 15:37:00 [restartedMain] [org.quartz.impl.StdSchedulerFactory] ====message: Quartz scheduler 'quartzScheduler' initialized from an externally provided properties instance.
[INFO ] 2020-07-06 15:37:00 [restartedMain] [org.quartz.impl.StdSchedulerFactory] ====message: Quartz scheduler version: 2.3.2
[INFO ] 2020-07-06 15:37:00 [restartedMain] [org.quartz.core.QuartzScheduler] ====message: JobFactory set to: org.springframework.scheduling.quartz.SpringBeanJobFactory@1233630e
[INFO ] 2020-07-06 15:37:00 [restartedMain] [o.s.b.d.a.OptionalLiveReloadServer] ====message: LiveReload server is running on port 35729
[INFO ] 2020-07-06 15:37:00 [restartedMain] [o.a.coyote.http11.Http11NioProtocol] ====message: Starting ProtocolHandler ["http-nio-80"]
[INFO ] 2020-07-06 15:37:00 [restartedMain] [o.s.b.w.e.tomcat.TomcatWebServer] ====message: Tomcat started on port(s): 80 (http) with context path ''
[INFO ] 2020-07-06 15:37:00 [restartedMain] [o.s.s.quartz.SchedulerFactoryBean] ====message: Starting Quartz Scheduler now
[INFO ] 2020-07-06 15:37:00 [restartedMain] [org.quartz.core.QuartzScheduler] ====message: Scheduler quartzScheduler_$_NON_CLUSTERED started.
[INFO ] 2020-07-06 15:37:00 [restartedMain] [c.m.v.c.i.AbstractPoolBackedDataSource] ====message: Initializing c3p0 pool... com.mchange.v2.c3p0.ComboPooledDataSource [ acquireIncrement -> 3, acquireRetryAttempts -> 30, acquireRetryDelay -> 1000, autoCommitOnClose -> false, automaticTestTable -> null, breakAfterAcquireFailure -> false, checkoutTimeout -> 0, connectionCustomizerClassName -> null, connectionTesterClassName -> com.mchange.v2.c3p0.impl.DefaultConnectionTester, contextClassLoaderSource -> caller, dataSourceName -> 2ybz0jab9q688t1fs3k6p|2ca4ccc2, debugUnreturnedConnectionStackTraces -> false, description -> null, driverClass -> com.mysql.cj.jdbc.Driver, extensions -> {}, factoryClassLocation -> null, forceIgnoreUnresolvedTransactions -> false, forceSynchronousCheckins -> false, forceUseNamedDriverClass -> false, identityToken -> 2ybz0jab9q688t1fs3k6p|2ca4ccc2, idleConnectionTestPeriod -> 0, initialPoolSize -> 3, jdbcUrl -> jdbc:mysql://106.14.5.129:3306/TestEnv, maxAdministrativeTaskTime -> 0, maxConnectionAge -> 0, maxIdleTime -> 0, maxIdleTimeExcessConnections -> 0, maxPoolSize -> 15, maxStatements -> 0, maxStatementsPerConnection -> 0, minPoolSize -> 3, numHelperThreads -> 3, preferredTestQuery -> null, privilegeSpawnedThreads -> false, properties -> {user=******, password=******}, propertyCycle -> 0, statementCacheNumDeferredCloseThreads -> 0, testConnectionOnCheckin -> false, testConnectionOnCheckout -> false, unreturnedConnectionTimeout -> 0, userOverrides -> {}, usesTraditionalReflectiveProxies -> false ]
[INFO ] 2020-07-06 15:37:00 [restartedMain] [o.s.s.a.ScheduledAnnotationBeanPostProcessor] ====message: No TaskScheduler/ScheduledExecutorService bean found for scheduled processing
[INFO ] 2020-07-06 15:37:00 [restartedMain] [com.kams.KAMSApplication] ====message: Started KAMSApplication in 4.513 seconds (JVM running for 5.27)
[INFO ] 2020-07-06 15:37:00 [http-nio-80-exec-2] [o.a.c.c.C.[Tomcat].[localhost].[/]] ====message: Initializing Spring DispatcherServlet 'dispatcherServlet'
[INFO ] 2020-07-06 15:37:00 [http-nio-80-exec-2] [o.s.web.servlet.DispatcherServlet] ====message: Initializing Servlet 'dispatcherServlet'
[INFO ] 2020-07-06 15:37:00 [http-nio-80-exec-2] [o.s.web.servlet.DispatcherServlet] ====message: Completed initialization in 9 ms
[INFO ] 2020-07-06 15:49:54 [restartedMain] [com.kams.KAMSApplication] ====message: Starting KAMSApplication on CNHTPYHZ2 with PID 1784 (D:\TFS\Local\KAMS\target\classes started by change in D:\TFS\Local\KAMS)
[INFO ] 2020-07-06 15:49:54 [restartedMain] [com.kams.KAMSApplication] ====message: The following profiles are active: kprod
[INFO ] 2020-07-06 15:49:54 [restartedMain] [o.s.b.d.restart.ChangeableUrls] ====message: The Class-Path manifest attribute in D:\JavaDevelopment\maven\maven-repository\com\mchange\c3p0\0.9.5.4\c3p0-0.9.5.4.jar referenced one or more files that do not exist: file:/D:/JavaDevelopment/maven/maven-repository/com/mchange/c3p0/0.9.5.4/mchange-commons-java-0.2.15.jar
[INFO ] 2020-07-06 15:49:54 [restartedMain] [o.s.b.d.e.DevToolsPropertyDefaultsPostProcessor] ====message: Devtools property defaults active! Set 'spring.devtools.add-properties' to 'false' to disable
[INFO ] 2020-07-06 15:49:54 [restartedMain] [o.s.b.d.e.DevToolsPropertyDefaultsPostProcessor] ====message: For additional web related logging consider setting the 'logging.level.web' property to 'DEBUG'
[INFO ] 2020-07-06 15:49:54 [restartedMain] [o.s.b.w.e.tomcat.TomcatWebServer] ====message: Tomcat initialized with port(s): 80 (http)
[INFO ] 2020-07-06 15:49:54 [restartedMain] [o.a.coyote.http11.Http11NioProtocol] ====message: Initializing ProtocolHandler ["http-nio-80"]
[INFO ] 2020-07-06 15:49:54 [restartedMain] [o.a.catalina.core.StandardService] ====message: Starting service [Tomcat]
[INFO ] 2020-07-06 15:49:54 [restartedMain] [o.a.catalina.core.StandardEngine] ====message: Starting Servlet engine: [Apache Tomcat/9.0.36]
[INFO ] 2020-07-06 15:49:54 [restartedMain] [o.a.c.c.C.[Tomcat].[localhost].[/]] ====message: Initializing Spring embedded WebApplicationContext
[INFO ] 2020-07-06 15:49:54 [restartedMain] [o.s.b.w.s.c.ServletWebServerApplicationContext] ====message: Root WebApplicationContext: initialization completed in 1725 ms
[INFO ] 2020-07-06 15:49:54 [MLog-Init-Reporter] [com.mchange.v2.log.MLog] ====message: MLog clients using slf4j logging.
[INFO ] 2020-07-06 15:49:54 [restartedMain] [com.mchange.v2.c3p0.C3P0Registry] ====message: Initializing c3p0-0.9.5.4 [built 23-March-2019 23:00:48 -0700; debug? true; trace: 10]
[INFO ] 2020-07-06 15:49:54 [restartedMain] [o.s.s.c.ThreadPoolTaskExecutor] ====message: Initializing ExecutorService 'applicationTaskExecutor'
[INFO ] 2020-07-06 15:49:54 [restartedMain] [org.quartz.impl.StdSchedulerFactory] ====message: Using default implementation for ThreadExecutor
[INFO ] 2020-07-06 15:49:54 [restartedMain] [o.quartz.core.SchedulerSignalerImpl] ====message: Initialized Scheduler Signaller of type: class org.quartz.core.SchedulerSignalerImpl
[INFO ] 2020-07-06 15:49:54 [restartedMain] [org.quartz.core.QuartzScheduler] ====message: Quartz Scheduler v.2.3.2 created.
[INFO ] 2020-07-06 15:49:54 [restartedMain] [org.quartz.simpl.RAMJobStore] ====message: RAMJobStore initialized.
[INFO ] 2020-07-06 15:49:54 [restartedMain] [org.quartz.core.QuartzScheduler] ====message: Scheduler meta-data: Quartz Scheduler (v2.3.2) 'quartzScheduler' with instanceId 'NON_CLUSTERED'
  Scheduler class: 'org.quartz.core.QuartzScheduler' - running locally.
  NOT STARTED.
  Currently in standby mode.
  Number of jobs executed: 0
  Using thread pool 'org.quartz.simpl.SimpleThreadPool' - with 10 threads.
  Using job-store 'org.quartz.simpl.RAMJobStore' - which does not support persistence. and is not clustered.

[INFO ] 2020-07-06 15:49:54 [restartedMain] [org.quartz.impl.StdSchedulerFactory] ====message: Quartz scheduler 'quartzScheduler' initialized from an externally provided properties instance.
[INFO ] 2020-07-06 15:49:54 [restartedMain] [org.quartz.impl.StdSchedulerFactory] ====message: Quartz scheduler version: 2.3.2
[INFO ] 2020-07-06 15:49:54 [restartedMain] [org.quartz.core.QuartzScheduler] ====message: JobFactory set to: org.springframework.scheduling.quartz.SpringBeanJobFactory@5cfd224b
[INFO ] 2020-07-06 15:49:54 [restartedMain] [o.s.b.d.a.OptionalLiveReloadServer] ====message: LiveReload server is running on port 35729
[INFO ] 2020-07-06 15:49:54 [restartedMain] [o.a.coyote.http11.Http11NioProtocol] ====message: Starting ProtocolHandler ["http-nio-80"]
[INFO ] 2020-07-06 15:49:54 [restartedMain] [o.s.b.w.e.tomcat.TomcatWebServer] ====message: Tomcat started on port(s): 80 (http) with context path ''
[INFO ] 2020-07-06 15:49:54 [restartedMain] [o.s.s.quartz.SchedulerFactoryBean] ====message: Starting Quartz Scheduler now
[INFO ] 2020-07-06 15:49:54 [restartedMain] [org.quartz.core.QuartzScheduler] ====message: Scheduler quartzScheduler_$_NON_CLUSTERED started.
[INFO ] 2020-07-06 15:49:54 [restartedMain] [c.m.v.c.i.AbstractPoolBackedDataSource] ====message: Initializing c3p0 pool... com.mchange.v2.c3p0.ComboPooledDataSource [ acquireIncrement -> 3, acquireRetryAttempts -> 30, acquireRetryDelay -> 1000, autoCommitOnClose -> false, automaticTestTable -> null, breakAfterAcquireFailure -> false, checkoutTimeout -> 0, connectionCustomizerClassName -> null, connectionTesterClassName -> com.mchange.v2.c3p0.impl.DefaultConnectionTester, contextClassLoaderSource -> caller, dataSourceName -> 2ybz0jab9qmtio4n7g4g|62e8c7b4, debugUnreturnedConnectionStackTraces -> false, description -> null, driverClass -> com.mysql.cj.jdbc.Driver, extensions -> {}, factoryClassLocation -> null, forceIgnoreUnresolvedTransactions -> false, forceSynchronousCheckins -> false, forceUseNamedDriverClass -> false, identityToken -> 2ybz0jab9qmtio4n7g4g|62e8c7b4, idleConnectionTestPeriod -> 0, initialPoolSize -> 3, jdbcUrl -> jdbc:mysql://106.14.5.129:3306/TestEnv, maxAdministrativeTaskTime -> 0, maxConnectionAge -> 0, maxIdleTime -> 0, maxIdleTimeExcessConnections -> 0, maxPoolSize -> 15, maxStatements -> 0, maxStatementsPerConnection -> 0, minPoolSize -> 3, numHelperThreads -> 3, preferredTestQuery -> null, privilegeSpawnedThreads -> false, properties -> {user=******, password=******}, propertyCycle -> 0, statementCacheNumDeferredCloseThreads -> 0, testConnectionOnCheckin -> false, testConnectionOnCheckout -> false, unreturnedConnectionTimeout -> 0, userOverrides -> {}, usesTraditionalReflectiveProxies -> false ]
[INFO ] 2020-07-06 15:49:54 [restartedMain] [o.s.s.a.ScheduledAnnotationBeanPostProcessor] ====message: No TaskScheduler/ScheduledExecutorService bean found for scheduled processing
[INFO ] 2020-07-06 15:49:54 [restartedMain] [com.kams.KAMSApplication] ====message: Started KAMSApplication in 4.43 seconds (JVM running for 5.21)
[INFO ] 2020-07-06 15:49:54 [http-nio-80-exec-1] [o.a.c.c.C.[Tomcat].[localhost].[/]] ====message: Initializing Spring DispatcherServlet 'dispatcherServlet'
[INFO ] 2020-07-06 15:49:54 [http-nio-80-exec-1] [o.s.web.servlet.DispatcherServlet] ====message: Initializing Servlet 'dispatcherServlet'
[INFO ] 2020-07-06 15:49:54 [http-nio-80-exec-1] [o.s.web.servlet.DispatcherServlet] ====message: Completed initialization in 6 ms
