[INFO ] 2020-07-30 23:55:34 [pool-3-thread-1] [com.kams.scheduler.DakaReset] ====message: 重置打卡情况
[INFO ] 2020-07-30 23:55:34 [pool-3-thread-1] [com.kams.scheduler.DakaReset] ====message: 重置完成！
[INFO ] 2020-07-30 23:55:34 [http-nio-9082-exec-9] [com.kams.service.ArticalService] ====message: 距离上次查阅是：41775分钟
[INFO ] 2020-07-30 23:55:34 [http-nio-9082-exec-8] [com.kams.service.ArticalService] ====message: 距离上次查阅是：0分钟
[INFO ] 2020-07-30 23:55:34 [http-nio-9082-exec-8] [com.kams.service.ArticalService] ====message: 距离上次查阅时间不足6小时，不累加时间！
[INFO ] 2020-07-30 23:55:34 [http-nio-9082-exec-9] [com.kams.service.ArticalService] ====message: 距离上次查阅是：0分钟
[INFO ] 2020-07-30 23:55:34 [http-nio-9082-exec-9] [com.kams.service.ArticalService] ====message: 距离上次查阅时间不足6小时，不累加时间！
[INFO ] 2020-07-30 23:55:34 [http-nio-9082-exec-2] [com.kams.service.ArticalService] ====message: 距离上次查阅是：1分钟
[INFO ] 2020-07-30 23:55:34 [http-nio-9082-exec-2] [com.kams.service.ArticalService] ====message: 距离上次查阅时间不足6小时，不累加时间！
[INFO ] 2020-07-30 23:55:34 [http-nio-9082-exec-5] [com.kams.service.ArticalService] ====message: 距离上次查阅是：2分钟
[INFO ] 2020-07-30 23:55:34 [http-nio-9082-exec-5] [com.kams.service.ArticalService] ====message: 距离上次查阅时间不足6小时，不累加时间！
[INFO ] 2020-07-30 23:55:34 [http-nio-9082-exec-4] [com.kams.service.ArticalService] ====message: 距离上次查阅是：2分钟
[INFO ] 2020-07-30 23:55:34 [http-nio-9082-exec-4] [com.kams.service.ArticalService] ====message: 距离上次查阅时间不足6小时，不累加时间！
[INFO ] 2020-07-30 23:55:34 [http-nio-9082-exec-8] [com.kams.service.ArticalService] ====message: 距离上次查阅是：41852分钟
[INFO ] 2020-07-30 23:55:34 [Thread-176] [org.quartz.core.QuartzScheduler] ====message: Scheduler quartzScheduler_$_NON_CLUSTERED paused.
[INFO ] 2020-07-30 23:55:34 [Thread-176] [o.s.s.quartz.SchedulerFactoryBean] ====message: Shutting down Quartz Scheduler
[INFO ] 2020-07-30 23:55:34 [Thread-176] [org.quartz.core.QuartzScheduler] ====message: Scheduler quartzScheduler_$_NON_CLUSTERED shutting down.
[INFO ] 2020-07-30 23:55:34 [Thread-176] [org.quartz.core.QuartzScheduler] ====message: Scheduler quartzScheduler_$_NON_CLUSTERED paused.
[INFO ] 2020-07-30 23:55:34 [Thread-176] [org.quartz.core.QuartzScheduler] ====message: Scheduler quartzScheduler_$_NON_CLUSTERED shutdown complete.
[INFO ] 2020-07-30 23:55:34 [Thread-176] [o.s.s.c.ThreadPoolTaskExecutor] ====message: Shutting down ExecutorService 'applicationTaskExecutor'
[INFO ] 2020-07-31 00:13:21 [restartedMain] [com.kams.KAMSApplication] ====message: Starting KAMSApplication on CNHTPYHZ2 with PID 13092 (D:\TFS\Local\KAMS\target\classes started by change in D:\TFS\Local\KAMS)
[INFO ] 2020-07-31 00:13:21 [restartedMain] [com.kams.KAMSApplication] ====message: The following profiles are active: uat
[INFO ] 2020-07-31 00:13:21 [restartedMain] [o.s.b.w.e.tomcat.TomcatWebServer] ====message: Tomcat initialized with port(s): 9082 (http)
[INFO ] 2020-07-31 00:13:21 [restartedMain] [o.a.coyote.http11.Http11NioProtocol] ====message: Initializing ProtocolHandler ["http-nio-9082"]
[INFO ] 2020-07-31 00:13:21 [restartedMain] [o.a.catalina.core.StandardService] ====message: Starting service [Tomcat]
[INFO ] 2020-07-31 00:13:21 [restartedMain] [o.a.catalina.core.StandardEngine] ====message: Starting Servlet engine: [Apache Tomcat/9.0.36]
[INFO ] 2020-07-31 00:13:21 [restartedMain] [o.a.c.c.C.[Tomcat].[localhost].[/]] ====message: Initializing Spring embedded WebApplicationContext
[INFO ] 2020-07-31 00:13:21 [restartedMain] [o.s.b.w.s.c.ServletWebServerApplicationContext] ====message: Root WebApplicationContext: initialization completed in 568 ms
[INFO ] 2020-07-31 00:13:21 [restartedMain] [o.s.s.c.ThreadPoolTaskExecutor] ====message: Initializing ExecutorService 'applicationTaskExecutor'
[INFO ] 2020-07-31 00:13:21 [restartedMain] [org.quartz.impl.StdSchedulerFactory] ====message: Using default implementation for ThreadExecutor
[INFO ] 2020-07-31 00:13:21 [restartedMain] [o.quartz.core.SchedulerSignalerImpl] ====message: Initialized Scheduler Signaller of type: class org.quartz.core.SchedulerSignalerImpl
[INFO ] 2020-07-31 00:13:21 [restartedMain] [org.quartz.core.QuartzScheduler] ====message: Quartz Scheduler v.2.3.2 created.
[INFO ] 2020-07-31 00:13:21 [restartedMain] [org.quartz.simpl.RAMJobStore] ====message: RAMJobStore initialized.
[INFO ] 2020-07-31 00:13:21 [restartedMain] [org.quartz.core.QuartzScheduler] ====message: Scheduler meta-data: Quartz Scheduler (v2.3.2) 'quartzScheduler' with instanceId 'NON_CLUSTERED'
  Scheduler class: 'org.quartz.core.QuartzScheduler' - running locally.
  NOT STARTED.
  Currently in standby mode.
  Number of jobs executed: 0
  Using thread pool 'org.quartz.simpl.SimpleThreadPool' - with 10 threads.
  Using job-store 'org.quartz.simpl.RAMJobStore' - which does not support persistence. and is not clustered.

[INFO ] 2020-07-31 00:13:21 [restartedMain] [org.quartz.impl.StdSchedulerFactory] ====message: Quartz scheduler 'quartzScheduler' initialized from an externally provided properties instance.
[INFO ] 2020-07-31 00:13:21 [restartedMain] [org.quartz.impl.StdSchedulerFactory] ====message: Quartz scheduler version: 2.3.2
[INFO ] 2020-07-31 00:13:21 [restartedMain] [org.quartz.core.QuartzScheduler] ====message: JobFactory set to: org.springframework.scheduling.quartz.SpringBeanJobFactory@da2cf26
[INFO ] 2020-07-31 00:13:21 [restartedMain] [o.s.b.d.a.OptionalLiveReloadServer] ====message: LiveReload server is running on port 35729
[INFO ] 2020-07-31 00:13:21 [restartedMain] [o.a.coyote.http11.Http11NioProtocol] ====message: Starting ProtocolHandler ["http-nio-9082"]
[INFO ] 2020-07-31 00:13:21 [restartedMain] [o.s.b.w.e.tomcat.TomcatWebServer] ====message: Tomcat started on port(s): 9082 (http) with context path ''
[INFO ] 2020-07-31 00:13:21 [restartedMain] [o.s.s.quartz.SchedulerFactoryBean] ====message: Starting Quartz Scheduler now
[INFO ] 2020-07-31 00:13:21 [restartedMain] [org.quartz.core.QuartzScheduler] ====message: Scheduler quartzScheduler_$_NON_CLUSTERED started.
[INFO ] 2020-07-31 00:13:21 [restartedMain] [c.m.v.c.i.AbstractPoolBackedDataSource] ====message: Initializing c3p0 pool... com.mchange.v2.c3p0.ComboPooledDataSource [ acquireIncrement -> 3, acquireRetryAttempts -> 30, acquireRetryDelay -> 1000, autoCommitOnClose -> false, automaticTestTable -> null, breakAfterAcquireFailure -> false, checkoutTimeout -> 0, connectionCustomizerClassName -> null, connectionTesterClassName -> com.mchange.v2.c3p0.impl.DefaultConnectionTester, contextClassLoaderSource -> caller, dataSourceName -> 2ybz0jab18ijtrt1vrkr8v|14828b60, debugUnreturnedConnectionStackTraces -> false, description -> null, driverClass -> com.microsoft.sqlserver.jdbc.SQLServerDriver, extensions -> {}, factoryClassLocation -> null, forceIgnoreUnresolvedTransactions -> false, forceSynchronousCheckins -> false, forceUseNamedDriverClass -> false, identityToken -> 2ybz0jab18ijtrt1vrkr8v|14828b60, idleConnectionTestPeriod -> 0, initialPoolSize -> 3, jdbcUrl -> jdbc:sqlserver://10.164.4.53:1433;DatabaseName=TestEnv, maxAdministrativeTaskTime -> 0, maxConnectionAge -> 0, maxIdleTime -> 0, maxIdleTimeExcessConnections -> 0, maxPoolSize -> 15, maxStatements -> 0, maxStatementsPerConnection -> 0, minPoolSize -> 3, numHelperThreads -> 3, preferredTestQuery -> null, privilegeSpawnedThreads -> false, properties -> {user=******, password=******}, propertyCycle -> 0, statementCacheNumDeferredCloseThreads -> 0, testConnectionOnCheckin -> false, testConnectionOnCheckout -> false, unreturnedConnectionTimeout -> 0, userOverrides -> {}, usesTraditionalReflectiveProxies -> false ]
[INFO ] 2020-07-31 00:13:21 [restartedMain] [o.s.s.a.ScheduledAnnotationBeanPostProcessor] ====message: No TaskScheduler/ScheduledExecutorService bean found for scheduled processing
[INFO ] 2020-07-31 00:13:21 [restartedMain] [com.kams.KAMSApplication] ====message: Started KAMSApplication in 1.148 seconds (JVM running for 1069.307)
[INFO ] 2020-07-31 00:13:21 [restartedMain] [o.s.b.d.a.ConditionEvaluationDeltaLoggingListener] ====message: Condition evaluation unchanged
[INFO ] 2020-07-31 00:13:21 [http-nio-9082-exec-1] [o.a.c.c.C.[Tomcat].[localhost].[/]] ====message: Initializing Spring DispatcherServlet 'dispatcherServlet'
[INFO ] 2020-07-31 00:13:21 [http-nio-9082-exec-1] [o.s.web.servlet.DispatcherServlet] ====message: Initializing Servlet 'dispatcherServlet'
[INFO ] 2020-07-31 00:13:21 [http-nio-9082-exec-1] [o.s.web.servlet.DispatcherServlet] ====message: Completed initialization in 6 ms
[INFO ] 2020-07-31 00:13:21 [http-nio-9082-exec-8] [com.kams.service.ArticalService] ====message: 距离上次查阅是：12分钟
[INFO ] 2020-07-31 00:13:21 [http-nio-9082-exec-8] [com.kams.service.ArticalService] ====message: 距离上次查阅时间不足6小时，不累加时间！
[INFO ] 2020-07-31 00:13:21 [http-nio-9082-exec-2] [com.kams.service.ArticalService] ====message: 距离上次查阅是：12分钟
[INFO ] 2020-07-31 00:13:21 [http-nio-9082-exec-2] [com.kams.service.ArticalService] ====message: 距离上次查阅时间不足6小时，不累加时间！
[INFO ] 2020-07-31 00:13:21 [http-nio-9082-exec-2] [com.kams.service.LogonService] ====message: li, kevin历史用户信息：无更新
[INFO ] 2020-07-31 00:13:21 [http-nio-9082-exec-5] [com.kams.service.ArticalService] ====message: 距离上次查阅是：41809分钟
[INFO ] 2020-07-31 00:13:21 [http-nio-9082-exec-4] [com.kams.service.ArticalService] ====message: 距离上次查阅是：0分钟
[INFO ] 2020-07-31 00:13:21 [http-nio-9082-exec-4] [com.kams.service.ArticalService] ====message: 距离上次查阅时间不足6小时，不累加时间！
[INFO ] 2020-07-31 00:13:21 [http-nio-9082-exec-8] [com.kams.service.ArticalService] ====message: 距离上次查阅是：0分钟
[INFO ] 2020-07-31 00:13:21 [http-nio-9082-exec-8] [com.kams.service.ArticalService] ====message: 距离上次查阅时间不足6小时，不累加时间！
[INFO ] 2020-07-31 00:13:21 [http-nio-9082-exec-4] [com.kams.service.ArticalService] ====message: 距离上次查阅是：1分钟
[INFO ] 2020-07-31 00:13:21 [http-nio-9082-exec-4] [com.kams.service.ArticalService] ====message: 距离上次查阅时间不足6小时，不累加时间！
[INFO ] 2020-07-31 00:13:21 [http-nio-9082-exec-4] [com.kams.service.LogonService] ====message: chan, george历史用户信息：无更新
[INFO ] 2020-07-31 00:13:21 [http-nio-9082-exec-9] [com.kams.service.ArticalService] ====message: 距离上次查阅是：42305分钟
[INFO ] 2020-07-31 00:13:21 [http-nio-9082-exec-5] [com.kams.service.ArticalService] ====message: 距离上次查阅是：1分钟
[INFO ] 2020-07-31 00:13:21 [http-nio-9082-exec-5] [com.kams.service.ArticalService] ====message: 距离上次查阅时间不足6小时，不累加时间！
[INFO ] 2020-07-31 00:13:21 [http-nio-9082-exec-1] [com.kams.service.LogonService] ====message: chan, george历史用户信息：无更新
[INFO ] 2020-07-31 00:13:21 [http-nio-9082-exec-5] [com.kams.service.ArticalService] ====message: 距离上次查阅是：587分钟
[INFO ] 2020-07-31 00:13:21 [http-nio-9082-exec-8] [com.kams.service.ArticalService] ====message: 距离上次查阅是：2分钟
[INFO ] 2020-07-31 00:13:21 [http-nio-9082-exec-8] [com.kams.service.ArticalService] ====message: 距离上次查阅时间不足6小时，不累加时间！
[INFO ] 2020-07-31 00:13:21 [http-nio-9082-exec-3] [com.kams.service.ArticalService] ====message: 距离上次查阅是：604分钟
[INFO ] 2020-07-31 00:13:21 [http-nio-9082-exec-5] [com.kams.service.ArticalService] ====message: 距离上次查阅是：0分钟
[INFO ] 2020-07-31 00:13:21 [http-nio-9082-exec-5] [com.kams.service.ArticalService] ====message: 距离上次查阅时间不足6小时，不累加时间！
[INFO ] 2020-07-31 00:13:21 [Thread-183] [org.quartz.core.QuartzScheduler] ====message: Scheduler quartzScheduler_$_NON_CLUSTERED paused.
[INFO ] 2020-07-31 00:13:21 [Thread-183] [o.s.s.quartz.SchedulerFactoryBean] ====message: Shutting down Quartz Scheduler
[INFO ] 2020-07-31 00:13:21 [Thread-183] [org.quartz.core.QuartzScheduler] ====message: Scheduler quartzScheduler_$_NON_CLUSTERED shutting down.
[INFO ] 2020-07-31 00:13:21 [Thread-183] [org.quartz.core.QuartzScheduler] ====message: Scheduler quartzScheduler_$_NON_CLUSTERED paused.
[INFO ] 2020-07-31 00:13:21 [Thread-183] [org.quartz.core.QuartzScheduler] ====message: Scheduler quartzScheduler_$_NON_CLUSTERED shutdown complete.
[INFO ] 2020-07-31 00:13:21 [Thread-183] [o.s.s.c.ThreadPoolTaskExecutor] ====message: Shutting down ExecutorService 'applicationTaskExecutor'
[INFO ] 2020-07-31 10:11:02 [restartedMain] [com.kams.KAMSApplication] ====message: Starting KAMSApplication on CNHTPYHZ2 with PID 13092 (D:\TFS\Local\KAMS\target\classes started by change in D:\TFS\Local\KAMS)
[INFO ] 2020-07-31 10:11:02 [restartedMain] [com.kams.KAMSApplication] ====message: The following profiles are active: uat
[INFO ] 2020-07-31 10:11:02 [restartedMain] [o.s.b.w.e.tomcat.TomcatWebServer] ====message: Tomcat initialized with port(s): 9082 (http)
[INFO ] 2020-07-31 10:11:02 [restartedMain] [o.a.coyote.http11.Http11NioProtocol] ====message: Initializing ProtocolHandler ["http-nio-9082"]
[INFO ] 2020-07-31 10:11:02 [restartedMain] [o.a.catalina.core.StandardService] ====message: Starting service [Tomcat]
[INFO ] 2020-07-31 10:11:02 [restartedMain] [o.a.catalina.core.StandardEngine] ====message: Starting Servlet engine: [Apache Tomcat/9.0.36]
[INFO ] 2020-07-31 10:11:02 [restartedMain] [o.a.c.c.C.[Tomcat].[localhost].[/]] ====message: Initializing Spring embedded WebApplicationContext
[INFO ] 2020-07-31 10:11:02 [restartedMain] [o.s.b.w.s.c.ServletWebServerApplicationContext] ====message: Root WebApplicationContext: initialization completed in 1144 ms
[INFO ] 2020-07-31 10:11:02 [restartedMain] [o.s.s.c.ThreadPoolTaskExecutor] ====message: Initializing ExecutorService 'applicationTaskExecutor'
[INFO ] 2020-07-31 10:11:02 [restartedMain] [org.quartz.impl.StdSchedulerFactory] ====message: Using default implementation for ThreadExecutor
[INFO ] 2020-07-31 10:11:02 [restartedMain] [o.quartz.core.SchedulerSignalerImpl] ====message: Initialized Scheduler Signaller of type: class org.quartz.core.SchedulerSignalerImpl
[INFO ] 2020-07-31 10:11:02 [restartedMain] [org.quartz.core.QuartzScheduler] ====message: Quartz Scheduler v.2.3.2 created.
[INFO ] 2020-07-31 10:11:02 [restartedMain] [org.quartz.simpl.RAMJobStore] ====message: RAMJobStore initialized.
[INFO ] 2020-07-31 10:11:02 [restartedMain] [org.quartz.core.QuartzScheduler] ====message: Scheduler meta-data: Quartz Scheduler (v2.3.2) 'quartzScheduler' with instanceId 'NON_CLUSTERED'
  Scheduler class: 'org.quartz.core.QuartzScheduler' - running locally.
  NOT STARTED.
  Currently in standby mode.
  Number of jobs executed: 0
  Using thread pool 'org.quartz.simpl.SimpleThreadPool' - with 10 threads.
  Using job-store 'org.quartz.simpl.RAMJobStore' - which does not support persistence. and is not clustered.

[INFO ] 2020-07-31 10:11:02 [restartedMain] [org.quartz.impl.StdSchedulerFactory] ====message: Quartz scheduler 'quartzScheduler' initialized from an externally provided properties instance.
[INFO ] 2020-07-31 10:11:02 [restartedMain] [org.quartz.impl.StdSchedulerFactory] ====message: Quartz scheduler version: 2.3.2
[INFO ] 2020-07-31 10:11:02 [restartedMain] [org.quartz.core.QuartzScheduler] ====message: JobFactory set to: org.springframework.scheduling.quartz.SpringBeanJobFactory@75d08778
[INFO ] 2020-07-31 10:11:02 [restartedMain] [o.s.b.d.a.OptionalLiveReloadServer] ====message: LiveReload server is running on port 35729
[INFO ] 2020-07-31 10:11:02 [restartedMain] [o.a.coyote.http11.Http11NioProtocol] ====message: Starting ProtocolHandler ["http-nio-9082"]
[INFO ] 2020-07-31 10:11:02 [restartedMain] [o.s.b.w.e.tomcat.TomcatWebServer] ====message: Tomcat started on port(s): 9082 (http) with context path ''
[INFO ] 2020-07-31 10:11:02 [restartedMain] [o.s.s.quartz.SchedulerFactoryBean] ====message: Starting Quartz Scheduler now
[INFO ] 2020-07-31 10:11:02 [restartedMain] [org.quartz.core.QuartzScheduler] ====message: Scheduler quartzScheduler_$_NON_CLUSTERED started.
[INFO ] 2020-07-31 10:11:02 [restartedMain] [c.m.v.c.i.AbstractPoolBackedDataSource] ====message: Initializing c3p0 pool... com.mchange.v2.c3p0.ComboPooledDataSource [ acquireIncrement -> 3, acquireRetryAttempts -> 30, acquireRetryDelay -> 1000, autoCommitOnClose -> false, automaticTestTable -> null, breakAfterAcquireFailure -> false, checkoutTimeout -> 0, connectionCustomizerClassName -> null, connectionTesterClassName -> com.mchange.v2.c3p0.impl.DefaultConnectionTester, contextClassLoaderSource -> caller, dataSourceName -> 2ybz0jab18ijtrt1vrkr8v|30f88793, debugUnreturnedConnectionStackTraces -> false, description -> null, driverClass -> com.microsoft.sqlserver.jdbc.SQLServerDriver, extensions -> {}, factoryClassLocation -> null, forceIgnoreUnresolvedTransactions -> false, forceSynchronousCheckins -> false, forceUseNamedDriverClass -> false, identityToken -> 2ybz0jab18ijtrt1vrkr8v|30f88793, idleConnectionTestPeriod -> 0, initialPoolSize -> 3, jdbcUrl -> jdbc:sqlserver://10.164.4.53:1433;DatabaseName=TestEnv, maxAdministrativeTaskTime -> 0, maxConnectionAge -> 0, maxIdleTime -> 0, maxIdleTimeExcessConnections -> 0, maxPoolSize -> 15, maxStatements -> 0, maxStatementsPerConnection -> 0, minPoolSize -> 3, numHelperThreads -> 3, preferredTestQuery -> null, privilegeSpawnedThreads -> false, properties -> {user=******, password=******}, propertyCycle -> 0, statementCacheNumDeferredCloseThreads -> 0, testConnectionOnCheckin -> false, testConnectionOnCheckout -> false, unreturnedConnectionTimeout -> 0, userOverrides -> {}, usesTraditionalReflectiveProxies -> false ]
[INFO ] 2020-07-31 10:11:02 [restartedMain] [o.s.s.a.ScheduledAnnotationBeanPostProcessor] ====message: No TaskScheduler/ScheduledExecutorService bean found for scheduled processing
[INFO ] 2020-07-31 10:11:02 [restartedMain] [com.kams.KAMSApplication] ====message: Started KAMSApplication in 1.927 seconds (JVM running for 36930.412)
[INFO ] 2020-07-31 10:11:02 [restartedMain] [o.s.b.d.a.ConditionEvaluationDeltaLoggingListener] ====message: Condition evaluation unchanged
[INFO ] 2020-07-31 10:11:02 [Thread-365] [org.quartz.core.QuartzScheduler] ====message: Scheduler quartzScheduler_$_NON_CLUSTERED paused.
[INFO ] 2020-07-31 10:11:02 [Thread-365] [o.s.s.quartz.SchedulerFactoryBean] ====message: Shutting down Quartz Scheduler
[INFO ] 2020-07-31 10:11:02 [Thread-365] [org.quartz.core.QuartzScheduler] ====message: Scheduler quartzScheduler_$_NON_CLUSTERED shutting down.
[INFO ] 2020-07-31 10:11:02 [Thread-365] [org.quartz.core.QuartzScheduler] ====message: Scheduler quartzScheduler_$_NON_CLUSTERED paused.
[INFO ] 2020-07-31 10:11:02 [Thread-365] [org.quartz.core.QuartzScheduler] ====message: Scheduler quartzScheduler_$_NON_CLUSTERED shutdown complete.
[INFO ] 2020-07-31 10:11:02 [Thread-365] [o.s.s.c.ThreadPoolTaskExecutor] ====message: Shutting down ExecutorService 'applicationTaskExecutor'
[INFO ] 2020-07-31 10:11:16 [restartedMain] [com.kams.KAMSApplication] ====message: Starting KAMSApplication on CNHTPYHZ2 with PID 13092 (D:\TFS\Local\KAMS\target\classes started by change in D:\TFS\Local\KAMS)
[INFO ] 2020-07-31 10:11:16 [restartedMain] [com.kams.KAMSApplication] ====message: The following profiles are active: uat
[INFO ] 2020-07-31 10:11:16 [restartedMain] [o.s.b.w.e.tomcat.TomcatWebServer] ====message: Tomcat initialized with port(s): 9082 (http)
[INFO ] 2020-07-31 10:11:16 [restartedMain] [o.a.coyote.http11.Http11NioProtocol] ====message: Initializing ProtocolHandler ["http-nio-9082"]
[INFO ] 2020-07-31 10:11:16 [restartedMain] [o.a.catalina.core.StandardService] ====message: Starting service [Tomcat]
[INFO ] 2020-07-31 10:11:16 [restartedMain] [o.a.catalina.core.StandardEngine] ====message: Starting Servlet engine: [Apache Tomcat/9.0.36]
[INFO ] 2020-07-31 10:11:16 [restartedMain] [o.a.c.c.C.[Tomcat].[localhost].[/]] ====message: Initializing Spring embedded WebApplicationContext
[INFO ] 2020-07-31 10:11:16 [restartedMain] [o.s.b.w.s.c.ServletWebServerApplicationContext] ====message: Root WebApplicationContext: initialization completed in 383 ms
[INFO ] 2020-07-31 10:11:16 [restartedMain] [o.s.s.c.ThreadPoolTaskExecutor] ====message: Initializing ExecutorService 'applicationTaskExecutor'
[INFO ] 2020-07-31 10:11:16 [restartedMain] [org.quartz.impl.StdSchedulerFactory] ====message: Using default implementation for ThreadExecutor
[INFO ] 2020-07-31 10:11:16 [restartedMain] [o.quartz.core.SchedulerSignalerImpl] ====message: Initialized Scheduler Signaller of type: class org.quartz.core.SchedulerSignalerImpl
[INFO ] 2020-07-31 10:11:16 [restartedMain] [org.quartz.core.QuartzScheduler] ====message: Quartz Scheduler v.2.3.2 created.
[INFO ] 2020-07-31 10:11:16 [restartedMain] [org.quartz.simpl.RAMJobStore] ====message: RAMJobStore initialized.
[INFO ] 2020-07-31 10:11:16 [restartedMain] [org.quartz.core.QuartzScheduler] ====message: Scheduler meta-data: Quartz Scheduler (v2.3.2) 'quartzScheduler' with instanceId 'NON_CLUSTERED'
  Scheduler class: 'org.quartz.core.QuartzScheduler' - running locally.
  NOT STARTED.
  Currently in standby mode.
  Number of jobs executed: 0
  Using thread pool 'org.quartz.simpl.SimpleThreadPool' - with 10 threads.
  Using job-store 'org.quartz.simpl.RAMJobStore' - which does not support persistence. and is not clustered.

[INFO ] 2020-07-31 10:11:16 [restartedMain] [org.quartz.impl.StdSchedulerFactory] ====message: Quartz scheduler 'quartzScheduler' initialized from an externally provided properties instance.
[INFO ] 2020-07-31 10:11:16 [restartedMain] [org.quartz.impl.StdSchedulerFactory] ====message: Quartz scheduler version: 2.3.2
[INFO ] 2020-07-31 10:11:16 [restartedMain] [org.quartz.core.QuartzScheduler] ====message: JobFactory set to: org.springframework.scheduling.quartz.SpringBeanJobFactory@1daf34e2
[INFO ] 2020-07-31 10:11:16 [restartedMain] [o.s.b.d.a.OptionalLiveReloadServer] ====message: LiveReload server is running on port 35729
[INFO ] 2020-07-31 10:11:16 [restartedMain] [o.a.coyote.http11.Http11NioProtocol] ====message: Starting ProtocolHandler ["http-nio-9082"]
[INFO ] 2020-07-31 10:11:16 [restartedMain] [o.s.b.w.e.tomcat.TomcatWebServer] ====message: Tomcat started on port(s): 9082 (http) with context path ''
[INFO ] 2020-07-31 10:11:16 [restartedMain] [o.s.s.quartz.SchedulerFactoryBean] ====message: Starting Quartz Scheduler now
[INFO ] 2020-07-31 10:11:16 [restartedMain] [org.quartz.core.QuartzScheduler] ====message: Scheduler quartzScheduler_$_NON_CLUSTERED started.
[INFO ] 2020-07-31 10:11:16 [restartedMain] [c.m.v.c.i.AbstractPoolBackedDataSource] ====message: Initializing c3p0 pool... com.mchange.v2.c3p0.ComboPooledDataSource [ acquireIncrement -> 3, acquireRetryAttempts -> 30, acquireRetryDelay -> 1000, autoCommitOnClose -> false, automaticTestTable -> null, breakAfterAcquireFailure -> false, checkoutTimeout -> 0, connectionCustomizerClassName -> null, connectionTesterClassName -> com.mchange.v2.c3p0.impl.DefaultConnectionTester, contextClassLoaderSource -> caller, dataSourceName -> 2ybz0jab18ijtrt1vrkr8v|5dcc72b, debugUnreturnedConnectionStackTraces -> false, description -> null, driverClass -> com.microsoft.sqlserver.jdbc.SQLServerDriver, extensions -> {}, factoryClassLocation -> null, forceIgnoreUnresolvedTransactions -> false, forceSynchronousCheckins -> false, forceUseNamedDriverClass -> false, identityToken -> 2ybz0jab18ijtrt1vrkr8v|5dcc72b, idleConnectionTestPeriod -> 0, initialPoolSize -> 3, jdbcUrl -> jdbc:sqlserver://10.164.4.53:1433;DatabaseName=TestEnv, maxAdministrativeTaskTime -> 0, maxConnectionAge -> 0, maxIdleTime -> 0, maxIdleTimeExcessConnections -> 0, maxPoolSize -> 15, maxStatements -> 0, maxStatementsPerConnection -> 0, minPoolSize -> 3, numHelperThreads -> 3, preferredTestQuery -> null, privilegeSpawnedThreads -> false, properties -> {user=******, password=******}, propertyCycle -> 0, statementCacheNumDeferredCloseThreads -> 0, testConnectionOnCheckin -> false, testConnectionOnCheckout -> false, unreturnedConnectionTimeout -> 0, userOverrides -> {}, usesTraditionalReflectiveProxies -> false ]
[INFO ] 2020-07-31 10:11:16 [restartedMain] [o.s.s.a.ScheduledAnnotationBeanPostProcessor] ====message: No TaskScheduler/ScheduledExecutorService bean found for scheduled processing
[INFO ] 2020-07-31 10:11:16 [restartedMain] [com.kams.KAMSApplication] ====message: Started KAMSApplication in 0.924 seconds (JVM running for 36943.724)
[INFO ] 2020-07-31 10:11:16 [restartedMain] [o.s.b.d.a.ConditionEvaluationDeltaLoggingListener] ====message: Condition evaluation unchanged
[INFO ] 2020-07-31 10:11:16 [Thread-544] [org.quartz.core.QuartzScheduler] ====message: Scheduler quartzScheduler_$_NON_CLUSTERED paused.
[INFO ] 2020-07-31 10:11:16 [Thread-544] [o.s.s.quartz.SchedulerFactoryBean] ====message: Shutting down Quartz Scheduler
[INFO ] 2020-07-31 10:11:16 [Thread-544] [org.quartz.core.QuartzScheduler] ====message: Scheduler quartzScheduler_$_NON_CLUSTERED shutting down.
[INFO ] 2020-07-31 10:11:16 [Thread-544] [org.quartz.core.QuartzScheduler] ====message: Scheduler quartzScheduler_$_NON_CLUSTERED paused.
[INFO ] 2020-07-31 10:11:16 [Thread-544] [org.quartz.core.QuartzScheduler] ====message: Scheduler quartzScheduler_$_NON_CLUSTERED shutdown complete.
[INFO ] 2020-07-31 10:11:16 [Thread-544] [o.s.s.c.ThreadPoolTaskExecutor] ====message: Shutting down ExecutorService 'applicationTaskExecutor'
[INFO ] 2020-07-31 10:12:14 [restartedMain] [com.kams.KAMSApplication] ====message: Starting KAMSApplication on CNHTPYHZ2 with PID 13092 (D:\TFS\Local\KAMS\target\classes started by change in D:\TFS\Local\KAMS)
[INFO ] 2020-07-31 10:12:14 [restartedMain] [com.kams.KAMSApplication] ====message: The following profiles are active: uat
[INFO ] 2020-07-31 10:12:14 [restartedMain] [o.s.b.w.e.tomcat.TomcatWebServer] ====message: Tomcat initialized with port(s): 9082 (http)
[INFO ] 2020-07-31 10:12:14 [restartedMain] [o.a.coyote.http11.Http11NioProtocol] ====message: Initializing ProtocolHandler ["http-nio-9082"]
[INFO ] 2020-07-31 10:12:14 [restartedMain] [o.a.catalina.core.StandardService] ====message: Starting service [Tomcat]
[INFO ] 2020-07-31 10:12:14 [restartedMain] [o.a.catalina.core.StandardEngine] ====message: Starting Servlet engine: [Apache Tomcat/9.0.36]
[INFO ] 2020-07-31 10:12:14 [restartedMain] [o.a.c.c.C.[Tomcat].[localhost].[/]] ====message: Initializing Spring embedded WebApplicationContext
[INFO ] 2020-07-31 10:12:14 [restartedMain] [o.s.b.w.s.c.ServletWebServerApplicationContext] ====message: Root WebApplicationContext: initialization completed in 975 ms
[INFO ] 2020-07-31 10:12:14 [restartedMain] [o.s.s.c.ThreadPoolTaskExecutor] ====message: Initializing ExecutorService 'applicationTaskExecutor'
[INFO ] 2020-07-31 10:12:14 [restartedMain] [org.quartz.impl.StdSchedulerFactory] ====message: Using default implementation for ThreadExecutor
[INFO ] 2020-07-31 10:12:14 [restartedMain] [o.quartz.core.SchedulerSignalerImpl] ====message: Initialized Scheduler Signaller of type: class org.quartz.core.SchedulerSignalerImpl
[INFO ] 2020-07-31 10:12:14 [restartedMain] [org.quartz.core.QuartzScheduler] ====message: Quartz Scheduler v.2.3.2 created.
[INFO ] 2020-07-31 10:12:14 [restartedMain] [org.quartz.simpl.RAMJobStore] ====message: RAMJobStore initialized.
[INFO ] 2020-07-31 10:12:14 [restartedMain] [org.quartz.core.QuartzScheduler] ====message: Scheduler meta-data: Quartz Scheduler (v2.3.2) 'quartzScheduler' with instanceId 'NON_CLUSTERED'
  Scheduler class: 'org.quartz.core.QuartzScheduler' - running locally.
  NOT STARTED.
  Currently in standby mode.
  Number of jobs executed: 0
  Using thread pool 'org.quartz.simpl.SimpleThreadPool' - with 10 threads.
  Using job-store 'org.quartz.simpl.RAMJobStore' - which does not support persistence. and is not clustered.

[INFO ] 2020-07-31 10:12:14 [restartedMain] [org.quartz.impl.StdSchedulerFactory] ====message: Quartz scheduler 'quartzScheduler' initialized from an externally provided properties instance.
[INFO ] 2020-07-31 10:12:14 [restartedMain] [org.quartz.impl.StdSchedulerFactory] ====message: Quartz scheduler version: 2.3.2
[INFO ] 2020-07-31 10:12:14 [restartedMain] [org.quartz.core.QuartzScheduler] ====message: JobFactory set to: org.springframework.scheduling.quartz.SpringBeanJobFactory@28515f46
[INFO ] 2020-07-31 10:12:14 [restartedMain] [o.s.b.d.a.OptionalLiveReloadServer] ====message: LiveReload server is running on port 35729
[INFO ] 2020-07-31 10:12:14 [restartedMain] [o.a.coyote.http11.Http11NioProtocol] ====message: Starting ProtocolHandler ["http-nio-9082"]
[INFO ] 2020-07-31 10:12:14 [restartedMain] [o.s.b.w.e.tomcat.TomcatWebServer] ====message: Tomcat started on port(s): 9082 (http) with context path ''
[INFO ] 2020-07-31 10:12:14 [restartedMain] [o.s.s.quartz.SchedulerFactoryBean] ====message: Starting Quartz Scheduler now
[INFO ] 2020-07-31 10:12:14 [restartedMain] [org.quartz.core.QuartzScheduler] ====message: Scheduler quartzScheduler_$_NON_CLUSTERED started.
[INFO ] 2020-07-31 10:12:14 [restartedMain] [c.m.v.c.i.AbstractPoolBackedDataSource] ====message: Initializing c3p0 pool... com.mchange.v2.c3p0.ComboPooledDataSource [ acquireIncrement -> 3, acquireRetryAttempts -> 30, acquireRetryDelay -> 1000, autoCommitOnClose -> false, automaticTestTable -> null, breakAfterAcquireFailure -> false, checkoutTimeout -> 0, connectionCustomizerClassName -> null, connectionTesterClassName -> com.mchange.v2.c3p0.impl.DefaultConnectionTester, contextClassLoaderSource -> caller, dataSourceName -> 2ybz0jab18ijtrt1vrkr8v|52a48e2d, debugUnreturnedConnectionStackTraces -> false, description -> null, driverClass -> com.microsoft.sqlserver.jdbc.SQLServerDriver, extensions -> {}, factoryClassLocation -> null, forceIgnoreUnresolvedTransactions -> false, forceSynchronousCheckins -> false, forceUseNamedDriverClass -> false, identityToken -> 2ybz0jab18ijtrt1vrkr8v|52a48e2d, idleConnectionTestPeriod -> 0, initialPoolSize -> 3, jdbcUrl -> jdbc:sqlserver://10.164.4.53:1433;DatabaseName=TestEnv, maxAdministrativeTaskTime -> 0, maxConnectionAge -> 0, maxIdleTime -> 0, maxIdleTimeExcessConnections -> 0, maxPoolSize -> 15, maxStatements -> 0, maxStatementsPerConnection -> 0, minPoolSize -> 3, numHelperThreads -> 3, preferredTestQuery -> null, privilegeSpawnedThreads -> false, properties -> {user=******, password=******}, propertyCycle -> 0, statementCacheNumDeferredCloseThreads -> 0, testConnectionOnCheckin -> false, testConnectionOnCheckout -> false, unreturnedConnectionTimeout -> 0, userOverrides -> {}, usesTraditionalReflectiveProxies -> false ]
[INFO ] 2020-07-31 10:12:14 [restartedMain] [o.s.s.a.ScheduledAnnotationBeanPostProcessor] ====message: No TaskScheduler/ScheduledExecutorService bean found for scheduled processing
[INFO ] 2020-07-31 10:12:14 [restartedMain] [com.kams.KAMSApplication] ====message: Started KAMSApplication in 1.583 seconds (JVM running for 37002.85)
[INFO ] 2020-07-31 10:12:14 [restartedMain] [o.s.b.d.a.ConditionEvaluationDeltaLoggingListener] ====message: Condition evaluation unchanged
[INFO ] 2020-07-31 10:12:14 [Thread-723] [org.quartz.core.QuartzScheduler] ====message: Scheduler quartzScheduler_$_NON_CLUSTERED paused.
[INFO ] 2020-07-31 10:12:14 [Thread-723] [o.s.s.quartz.SchedulerFactoryBean] ====message: Shutting down Quartz Scheduler
[INFO ] 2020-07-31 10:12:14 [Thread-723] [org.quartz.core.QuartzScheduler] ====message: Scheduler quartzScheduler_$_NON_CLUSTERED shutting down.
[INFO ] 2020-07-31 10:12:14 [Thread-723] [org.quartz.core.QuartzScheduler] ====message: Scheduler quartzScheduler_$_NON_CLUSTERED paused.
[INFO ] 2020-07-31 10:12:14 [Thread-723] [org.quartz.core.QuartzScheduler] ====message: Scheduler quartzScheduler_$_NON_CLUSTERED shutdown complete.
[INFO ] 2020-07-31 10:12:14 [Thread-723] [o.s.s.c.ThreadPoolTaskExecutor] ====message: Shutting down ExecutorService 'applicationTaskExecutor'
[INFO ] 2020-07-31 10:12:22 [restartedMain] [com.kams.KAMSApplication] ====message: Starting KAMSApplication on CNHTPYHZ2 with PID 13092 (D:\TFS\Local\KAMS\target\classes started by change in D:\TFS\Local\KAMS)
[INFO ] 2020-07-31 10:12:22 [restartedMain] [com.kams.KAMSApplication] ====message: The following profiles are active: uat
[INFO ] 2020-07-31 10:12:22 [restartedMain] [o.s.b.w.e.tomcat.TomcatWebServer] ====message: Tomcat initialized with port(s): 9082 (http)
[INFO ] 2020-07-31 10:12:22 [restartedMain] [o.a.coyote.http11.Http11NioProtocol] ====message: Initializing ProtocolHandler ["http-nio-9082"]
[INFO ] 2020-07-31 10:12:22 [restartedMain] [o.a.catalina.core.StandardService] ====message: Starting service [Tomcat]
[INFO ] 2020-07-31 10:12:22 [restartedMain] [o.a.catalina.core.StandardEngine] ====message: Starting Servlet engine: [Apache Tomcat/9.0.36]
[INFO ] 2020-07-31 10:12:22 [restartedMain] [o.a.c.c.C.[Tomcat].[localhost].[/]] ====message: Initializing Spring embedded WebApplicationContext
[INFO ] 2020-07-31 10:12:22 [restartedMain] [o.s.b.w.s.c.ServletWebServerApplicationContext] ====message: Root WebApplicationContext: initialization completed in 392 ms
[INFO ] 2020-07-31 10:12:22 [restartedMain] [o.s.s.c.ThreadPoolTaskExecutor] ====message: Initializing ExecutorService 'applicationTaskExecutor'
[INFO ] 2020-07-31 10:12:22 [restartedMain] [org.quartz.impl.StdSchedulerFactory] ====message: Using default implementation for ThreadExecutor
[INFO ] 2020-07-31 10:12:22 [restartedMain] [o.quartz.core.SchedulerSignalerImpl] ====message: Initialized Scheduler Signaller of type: class org.quartz.core.SchedulerSignalerImpl
[INFO ] 2020-07-31 10:12:22 [restartedMain] [org.quartz.core.QuartzScheduler] ====message: Quartz Scheduler v.2.3.2 created.
[INFO ] 2020-07-31 10:12:22 [restartedMain] [org.quartz.simpl.RAMJobStore] ====message: RAMJobStore initialized.
[INFO ] 2020-07-31 10:12:22 [restartedMain] [org.quartz.core.QuartzScheduler] ====message: Scheduler meta-data: Quartz Scheduler (v2.3.2) 'quartzScheduler' with instanceId 'NON_CLUSTERED'
  Scheduler class: 'org.quartz.core.QuartzScheduler' - running locally.
  NOT STARTED.
  Currently in standby mode.
  Number of jobs executed: 0
  Using thread pool 'org.quartz.simpl.SimpleThreadPool' - with 10 threads.
  Using job-store 'org.quartz.simpl.RAMJobStore' - which does not support persistence. and is not clustered.

[INFO ] 2020-07-31 10:12:22 [restartedMain] [org.quartz.impl.StdSchedulerFactory] ====message: Quartz scheduler 'quartzScheduler' initialized from an externally provided properties instance.
[INFO ] 2020-07-31 10:12:22 [restartedMain] [org.quartz.impl.StdSchedulerFactory] ====message: Quartz scheduler version: 2.3.2
[INFO ] 2020-07-31 10:12:22 [restartedMain] [org.quartz.core.QuartzScheduler] ====message: JobFactory set to: org.springframework.scheduling.quartz.SpringBeanJobFactory@49f41e36
[INFO ] 2020-07-31 10:12:22 [restartedMain] [o.s.b.d.a.OptionalLiveReloadServer] ====message: LiveReload server is running on port 35729
[INFO ] 2020-07-31 10:12:22 [restartedMain] [o.a.coyote.http11.Http11NioProtocol] ====message: Starting ProtocolHandler ["http-nio-9082"]
[INFO ] 2020-07-31 10:12:22 [restartedMain] [o.s.b.w.e.tomcat.TomcatWebServer] ====message: Tomcat started on port(s): 9082 (http) with context path ''
[INFO ] 2020-07-31 10:12:22 [restartedMain] [o.s.s.quartz.SchedulerFactoryBean] ====message: Starting Quartz Scheduler now
[INFO ] 2020-07-31 10:12:22 [restartedMain] [org.quartz.core.QuartzScheduler] ====message: Scheduler quartzScheduler_$_NON_CLUSTERED started.
[INFO ] 2020-07-31 10:12:22 [restartedMain] [c.m.v.c.i.AbstractPoolBackedDataSource] ====message: Initializing c3p0 pool... com.mchange.v2.c3p0.ComboPooledDataSource [ acquireIncrement -> 3, acquireRetryAttempts -> 30, acquireRetryDelay -> 1000, autoCommitOnClose -> false, automaticTestTable -> null, breakAfterAcquireFailure -> false, checkoutTimeout -> 0, connectionCustomizerClassName -> null, connectionTesterClassName -> com.mchange.v2.c3p0.impl.DefaultConnectionTester, contextClassLoaderSource -> caller, dataSourceName -> 2ybz0jab18ijtrt1vrkr8v|2cd9043f, debugUnreturnedConnectionStackTraces -> false, description -> null, driverClass -> com.microsoft.sqlserver.jdbc.SQLServerDriver, extensions -> {}, factoryClassLocation -> null, forceIgnoreUnresolvedTransactions -> false, forceSynchronousCheckins -> false, forceUseNamedDriverClass -> false, identityToken -> 2ybz0jab18ijtrt1vrkr8v|2cd9043f, idleConnectionTestPeriod -> 0, initialPoolSize -> 3, jdbcUrl -> jdbc:sqlserver://10.164.4.53:1433;DatabaseName=TestEnv, maxAdministrativeTaskTime -> 0, maxConnectionAge -> 0, maxIdleTime -> 0, maxIdleTimeExcessConnections -> 0, maxPoolSize -> 15, maxStatements -> 0, maxStatementsPerConnection -> 0, minPoolSize -> 3, numHelperThreads -> 3, preferredTestQuery -> null, privilegeSpawnedThreads -> false, properties -> {user=******, password=******}, propertyCycle -> 0, statementCacheNumDeferredCloseThreads -> 0, testConnectionOnCheckin -> false, testConnectionOnCheckout -> false, unreturnedConnectionTimeout -> 0, userOverrides -> {}, usesTraditionalReflectiveProxies -> false ]
[INFO ] 2020-07-31 10:12:22 [restartedMain] [o.s.s.a.ScheduledAnnotationBeanPostProcessor] ====message: No TaskScheduler/ScheduledExecutorService bean found for scheduled processing
[INFO ] 2020-07-31 10:12:22 [restartedMain] [com.kams.KAMSApplication] ====message: Started KAMSApplication in 0.889 seconds (JVM running for 37009.754)
[INFO ] 2020-07-31 10:12:22 [restartedMain] [o.s.b.d.a.ConditionEvaluationDeltaLoggingListener] ====message: Condition evaluation unchanged
[INFO ] 2020-07-31 10:12:22 [http-nio-9082-exec-1] [o.a.c.c.C.[Tomcat].[localhost].[/]] ====message: Initializing Spring DispatcherServlet 'dispatcherServlet'
[INFO ] 2020-07-31 10:12:22 [http-nio-9082-exec-1] [o.s.web.servlet.DispatcherServlet] ====message: Initializing Servlet 'dispatcherServlet'
[INFO ] 2020-07-31 10:12:22 [http-nio-9082-exec-1] [o.s.web.servlet.DispatcherServlet] ====message: Completed initialization in 2 ms
[INFO ] 2020-07-31 10:12:22 [http-nio-9082-exec-4] [com.kams.service.ArticalService] ====message: 距离上次查阅是：5分钟
[INFO ] 2020-07-31 10:12:22 [http-nio-9082-exec-4] [com.kams.service.ArticalService] ====message: 距离上次查阅时间不足6小时，不累加时间！
[INFO ] 2020-07-31 10:12:22 [http-nio-9082-exec-9] [com.kams.service.ArticalService] ====message: 距离上次查阅是：5分钟
[INFO ] 2020-07-31 10:12:22 [http-nio-9082-exec-9] [com.kams.service.ArticalService] ====message: 距离上次查阅时间不足6小时，不累加时间！
[INFO ] 2020-07-31 10:12:22 [http-nio-9082-exec-7] [com.kams.service.ArticalService] ====message: 距离上次查阅是：7分钟
[INFO ] 2020-07-31 10:12:22 [http-nio-9082-exec-7] [com.kams.service.ArticalService] ====message: 距离上次查阅时间不足6小时，不累加时间！
[INFO ] 2020-07-31 10:12:22 [http-nio-9082-exec-5] [com.kams.service.ArticalService] ====message: 距离上次查阅是：8分钟
[INFO ] 2020-07-31 10:12:22 [http-nio-9082-exec-5] [com.kams.service.ArticalService] ====message: 距离上次查阅时间不足6小时，不累加时间！
[INFO ] 2020-07-31 10:12:22 [http-nio-9082-exec-9] [com.kams.service.ArticalService] ====message: 距离上次查阅是：9分钟
[INFO ] 2020-07-31 10:12:22 [http-nio-9082-exec-9] [com.kams.service.ArticalService] ====message: 距离上次查阅时间不足6小时，不累加时间！
[INFO ] 2020-07-31 10:12:22 [http-nio-9082-exec-2] [com.kams.service.ArticalService] ====message: 距离上次查阅是：10分钟
[INFO ] 2020-07-31 10:12:22 [http-nio-9082-exec-2] [com.kams.service.ArticalService] ====message: 距离上次查阅时间不足6小时，不累加时间！
[INFO ] 2020-07-31 10:12:22 [http-nio-9082-exec-8] [com.kams.service.ArticalService] ====message: 距离上次查阅是：13分钟
[INFO ] 2020-07-31 10:12:22 [http-nio-9082-exec-8] [com.kams.service.ArticalService] ====message: 距离上次查阅时间不足6小时，不累加时间！
[INFO ] 2020-07-31 10:12:22 [http-nio-9082-exec-1] [com.kams.service.ArticalService] ====message: 距离上次查阅是：14分钟
[INFO ] 2020-07-31 10:12:22 [http-nio-9082-exec-1] [com.kams.service.ArticalService] ====message: 距离上次查阅时间不足6小时，不累加时间！
[INFO ] 2020-07-31 10:12:22 [http-nio-9082-exec-8] [com.kams.service.ArticalService] ====message: 距离上次查阅是：17分钟
[INFO ] 2020-07-31 10:12:22 [http-nio-9082-exec-8] [com.kams.service.ArticalService] ====message: 距离上次查阅时间不足6小时，不累加时间！
[INFO ] 2020-07-31 10:12:22 [http-nio-9082-exec-7] [com.kams.service.ArticalService] ====message: 距离上次查阅是：18分钟
[INFO ] 2020-07-31 10:12:22 [http-nio-9082-exec-7] [com.kams.service.ArticalService] ====message: 距离上次查阅时间不足6小时，不累加时间！
[INFO ] 2020-07-31 10:12:22 [http-nio-9082-exec-7] [com.kams.service.ArticalService] ====message: 距离上次查阅是：18分钟
[INFO ] 2020-07-31 10:12:22 [http-nio-9082-exec-7] [com.kams.service.ArticalService] ====message: 距离上次查阅时间不足6小时，不累加时间！
[INFO ] 2020-07-31 10:12:22 [http-nio-9082-exec-1] [com.kams.service.ArticalService] ====message: 距离上次查阅是：18分钟
[INFO ] 2020-07-31 10:12:22 [http-nio-9082-exec-1] [com.kams.service.ArticalService] ====message: 距离上次查阅时间不足6小时，不累加时间！
[INFO ] 2020-07-31 10:12:22 [http-nio-9082-exec-2] [com.kams.service.ArticalService] ====message: 距离上次查阅是：19分钟
[INFO ] 2020-07-31 10:12:22 [http-nio-9082-exec-2] [com.kams.service.ArticalService] ====message: 距离上次查阅时间不足6小时，不累加时间！
[INFO ] 2020-07-31 10:12:22 [http-nio-9082-exec-4] [com.kams.service.ArticalService] ====message: 距离上次查阅是：20分钟
[INFO ] 2020-07-31 10:12:22 [http-nio-9082-exec-4] [com.kams.service.ArticalService] ====message: 距离上次查阅时间不足6小时，不累加时间！
[INFO ] 2020-07-31 10:12:22 [http-nio-9082-exec-2] [com.kams.service.ArticalService] ====message: 距离上次查阅是：21分钟
[INFO ] 2020-07-31 10:12:22 [http-nio-9082-exec-2] [com.kams.service.ArticalService] ====message: 距离上次查阅时间不足6小时，不累加时间！
[INFO ] 2020-07-31 10:12:22 [http-nio-9082-exec-2] [com.kams.service.ArticalService] ====message: 距离上次查阅是：43分钟
[INFO ] 2020-07-31 10:12:22 [http-nio-9082-exec-2] [com.kams.service.ArticalService] ====message: 距离上次查阅时间不足6小时，不累加时间！
[INFO ] 2020-07-31 10:12:22 [http-nio-9082-exec-2] [com.kams.service.ArticalService] ====message: 距离上次查阅是：140分钟
[INFO ] 2020-07-31 10:12:22 [http-nio-9082-exec-2] [com.kams.service.ArticalService] ====message: 距离上次查阅时间不足6小时，不累加时间！
[INFO ] 2020-07-31 10:12:22 [http-nio-9082-exec-6] [com.kams.service.ArticalService] ====message: 距离上次查阅是：140分钟
[INFO ] 2020-07-31 10:12:22 [http-nio-9082-exec-6] [com.kams.service.ArticalService] ====message: 距离上次查阅时间不足6小时，不累加时间！
[INFO ] 2020-07-31 10:12:22 [http-nio-9082-exec-9] [com.kams.service.ArticalService] ====message: 距离上次查阅是：166分钟
[INFO ] 2020-07-31 10:12:22 [http-nio-9082-exec-9] [com.kams.service.ArticalService] ====message: 距离上次查阅时间不足6小时，不累加时间！
[INFO ] 2020-07-31 10:12:22 [http-nio-9082-exec-3] [com.kams.service.ArticalService] ====message: 距离上次查阅是：166分钟
[INFO ] 2020-07-31 10:12:22 [http-nio-9082-exec-3] [com.kams.service.ArticalService] ====message: 距离上次查阅时间不足6小时，不累加时间！
[INFO ] 2020-07-31 10:12:22 [http-nio-9082-exec-7] [com.kams.service.ArticalService] ====message: 距离上次查阅是：166分钟
[INFO ] 2020-07-31 10:12:22 [http-nio-9082-exec-7] [com.kams.service.ArticalService] ====message: 距离上次查阅时间不足6小时，不累加时间！
[INFO ] 2020-07-31 10:12:22 [http-nio-9082-exec-1] [com.kams.service.ArticalService] ====message: 距离上次查阅是：167分钟
[INFO ] 2020-07-31 10:12:22 [http-nio-9082-exec-1] [com.kams.service.ArticalService] ====message: 距离上次查阅时间不足6小时，不累加时间！
[INFO ] 2020-07-31 10:12:22 [http-nio-9082-exec-1] [com.kams.service.ArticalService] ====message: 距离上次查阅是：168分钟
[INFO ] 2020-07-31 10:12:22 [http-nio-9082-exec-1] [com.kams.service.ArticalService] ====message: 距离上次查阅时间不足6小时，不累加时间！
[INFO ] 2020-07-31 10:12:22 [http-nio-9082-exec-6] [com.kams.service.ArticalService] ====message: 距离上次查阅是：168分钟
[INFO ] 2020-07-31 10:12:22 [http-nio-9082-exec-6] [com.kams.service.ArticalService] ====message: 距离上次查阅时间不足6小时，不累加时间！
[INFO ] 2020-07-31 10:12:22 [http-nio-9082-exec-10] [com.kams.service.ArticalService] ====message: 距离上次查阅是：169分钟
[INFO ] 2020-07-31 10:12:22 [http-nio-9082-exec-10] [com.kams.service.ArticalService] ====message: 距离上次查阅时间不足6小时，不累加时间！
[INFO ] 2020-07-31 10:12:22 [Thread-902] [org.quartz.core.QuartzScheduler] ====message: Scheduler quartzScheduler_$_NON_CLUSTERED paused.
[INFO ] 2020-07-31 10:12:22 [Thread-902] [o.s.s.quartz.SchedulerFactoryBean] ====message: Shutting down Quartz Scheduler
[INFO ] 2020-07-31 10:12:22 [Thread-902] [org.quartz.core.QuartzScheduler] ====message: Scheduler quartzScheduler_$_NON_CLUSTERED shutting down.
[INFO ] 2020-07-31 10:12:22 [Thread-902] [org.quartz.core.QuartzScheduler] ====message: Scheduler quartzScheduler_$_NON_CLUSTERED paused.
[INFO ] 2020-07-31 10:12:22 [Thread-902] [org.quartz.core.QuartzScheduler] ====message: Scheduler quartzScheduler_$_NON_CLUSTERED shutdown complete.
[INFO ] 2020-07-31 10:12:22 [Thread-902] [o.s.s.c.ThreadPoolTaskExecutor] ====message: Shutting down ExecutorService 'applicationTaskExecutor'
[INFO ] 2020-07-31 13:09:41 [restartedMain] [com.kams.KAMSApplication] ====message: Starting KAMSApplication on CNHTPYHZ2 with PID 13092 (D:\TFS\Local\KAMS\target\classes started by change in D:\TFS\Local\KAMS)
[INFO ] 2020-07-31 13:09:41 [restartedMain] [com.kams.KAMSApplication] ====message: The following profiles are active: uat
[INFO ] 2020-07-31 13:09:41 [restartedMain] [o.s.b.w.e.tomcat.TomcatWebServer] ====message: Tomcat initialized with port(s): 9082 (http)
[INFO ] 2020-07-31 13:09:41 [restartedMain] [o.a.coyote.http11.Http11NioProtocol] ====message: Initializing ProtocolHandler ["http-nio-9082"]
[INFO ] 2020-07-31 13:09:41 [restartedMain] [o.a.catalina.core.StandardService] ====message: Starting service [Tomcat]
[INFO ] 2020-07-31 13:09:41 [restartedMain] [o.a.catalina.core.StandardEngine] ====message: Starting Servlet engine: [Apache Tomcat/9.0.36]
[INFO ] 2020-07-31 13:09:41 [restartedMain] [o.a.c.c.C.[Tomcat].[localhost].[/]] ====message: Initializing Spring embedded WebApplicationContext
[INFO ] 2020-07-31 13:09:41 [restartedMain] [o.s.b.w.s.c.ServletWebServerApplicationContext] ====message: Root WebApplicationContext: initialization completed in 1133 ms
[INFO ] 2020-07-31 13:09:41 [restartedMain] [o.s.s.c.ThreadPoolTaskExecutor] ====message: Initializing ExecutorService 'applicationTaskExecutor'
[INFO ] 2020-07-31 13:09:41 [restartedMain] [org.quartz.impl.StdSchedulerFactory] ====message: Using default implementation for ThreadExecutor
[INFO ] 2020-07-31 13:09:41 [restartedMain] [o.quartz.core.SchedulerSignalerImpl] ====message: Initialized Scheduler Signaller of type: class org.quartz.core.SchedulerSignalerImpl
[INFO ] 2020-07-31 13:09:41 [restartedMain] [org.quartz.core.QuartzScheduler] ====message: Quartz Scheduler v.2.3.2 created.
[INFO ] 2020-07-31 13:09:41 [restartedMain] [org.quartz.simpl.RAMJobStore] ====message: RAMJobStore initialized.
[INFO ] 2020-07-31 13:09:41 [restartedMain] [org.quartz.core.QuartzScheduler] ====message: Scheduler meta-data: Quartz Scheduler (v2.3.2) 'quartzScheduler' with instanceId 'NON_CLUSTERED'
  Scheduler class: 'org.quartz.core.QuartzScheduler' - running locally.
  NOT STARTED.
  Currently in standby mode.
  Number of jobs executed: 0
  Using thread pool 'org.quartz.simpl.SimpleThreadPool' - with 10 threads.
  Using job-store 'org.quartz.simpl.RAMJobStore' - which does not support persistence. and is not clustered.

[INFO ] 2020-07-31 13:09:41 [restartedMain] [org.quartz.impl.StdSchedulerFactory] ====message: Quartz scheduler 'quartzScheduler' initialized from an externally provided properties instance.
[INFO ] 2020-07-31 13:09:41 [restartedMain] [org.quartz.impl.StdSchedulerFactory] ====message: Quartz scheduler version: 2.3.2
[INFO ] 2020-07-31 13:09:41 [restartedMain] [org.quartz.core.QuartzScheduler] ====message: JobFactory set to: org.springframework.scheduling.quartz.SpringBeanJobFactory@3da4453c
[INFO ] 2020-07-31 13:09:41 [restartedMain] [o.s.b.d.a.OptionalLiveReloadServer] ====message: LiveReload server is running on port 35729
[INFO ] 2020-07-31 13:09:41 [restartedMain] [o.a.coyote.http11.Http11NioProtocol] ====message: Starting ProtocolHandler ["http-nio-9082"]
[INFO ] 2020-07-31 13:09:41 [restartedMain] [o.s.b.w.e.tomcat.TomcatWebServer] ====message: Tomcat started on port(s): 9082 (http) with context path ''
[INFO ] 2020-07-31 13:09:41 [restartedMain] [o.s.s.quartz.SchedulerFactoryBean] ====message: Starting Quartz Scheduler now
[INFO ] 2020-07-31 13:09:41 [restartedMain] [org.quartz.core.QuartzScheduler] ====message: Scheduler quartzScheduler_$_NON_CLUSTERED started.
[INFO ] 2020-07-31 13:09:41 [restartedMain] [c.m.v.c.i.AbstractPoolBackedDataSource] ====message: Initializing c3p0 pool... com.mchange.v2.c3p0.ComboPooledDataSource [ acquireIncrement -> 3, acquireRetryAttempts -> 30, acquireRetryDelay -> 1000, autoCommitOnClose -> false, automaticTestTable -> null, breakAfterAcquireFailure -> false, checkoutTimeout -> 0, connectionCustomizerClassName -> null, connectionTesterClassName -> com.mchange.v2.c3p0.impl.DefaultConnectionTester, contextClassLoaderSource -> caller, dataSourceName -> 2ybz0jab18ijtrt1vrkr8v|7b1ee0d3, debugUnreturnedConnectionStackTraces -> false, description -> null, driverClass -> com.microsoft.sqlserver.jdbc.SQLServerDriver, extensions -> {}, factoryClassLocation -> null, forceIgnoreUnresolvedTransactions -> false, forceSynchronousCheckins -> false, forceUseNamedDriverClass -> false, identityToken -> 2ybz0jab18ijtrt1vrkr8v|7b1ee0d3, idleConnectionTestPeriod -> 0, initialPoolSize -> 3, jdbcUrl -> jdbc:sqlserver://10.164.4.53:1433;DatabaseName=TestEnv, maxAdministrativeTaskTime -> 0, maxConnectionAge -> 0, maxIdleTime -> 0, maxIdleTimeExcessConnections -> 0, maxPoolSize -> 15, maxStatements -> 0, maxStatementsPerConnection -> 0, minPoolSize -> 3, numHelperThreads -> 3, preferredTestQuery -> null, privilegeSpawnedThreads -> false, properties -> {user=******, password=******}, propertyCycle -> 0, statementCacheNumDeferredCloseThreads -> 0, testConnectionOnCheckin -> false, testConnectionOnCheckout -> false, unreturnedConnectionTimeout -> 0, userOverrides -> {}, usesTraditionalReflectiveProxies -> false ]
[INFO ] 2020-07-31 13:09:41 [restartedMain] [o.s.s.a.ScheduledAnnotationBeanPostProcessor] ====message: No TaskScheduler/ScheduledExecutorService bean found for scheduled processing
[INFO ] 2020-07-31 13:09:41 [restartedMain] [com.kams.KAMSApplication] ====message: Started KAMSApplication in 1.837 seconds (JVM running for 47649.687)
[INFO ] 2020-07-31 13:09:41 [restartedMain] [o.s.b.d.a.ConditionEvaluationDeltaLoggingListener] ====message: Condition evaluation unchanged
[INFO ] 2020-07-31 13:09:41 [http-nio-9082-exec-1] [o.a.c.c.C.[Tomcat].[localhost].[/]] ====message: Initializing Spring DispatcherServlet 'dispatcherServlet'
[INFO ] 2020-07-31 13:09:41 [http-nio-9082-exec-1] [o.s.web.servlet.DispatcherServlet] ====message: Initializing Servlet 'dispatcherServlet'
[INFO ] 2020-07-31 13:09:41 [http-nio-9082-exec-1] [o.s.web.servlet.DispatcherServlet] ====message: Completed initialization in 3 ms
[INFO ] 2020-07-31 13:09:41 [http-nio-9082-exec-7] [com.kams.service.ArticalService] ====message: 距离上次查阅是：182分钟
[INFO ] 2020-07-31 13:09:41 [http-nio-9082-exec-7] [com.kams.service.ArticalService] ====message: 距离上次查阅时间不足6小时，不累加时间！
[INFO ] 2020-07-31 13:09:41 [Thread-1081] [org.quartz.core.QuartzScheduler] ====message: Scheduler quartzScheduler_$_NON_CLUSTERED paused.
[INFO ] 2020-07-31 13:09:41 [Thread-1081] [o.s.s.quartz.SchedulerFactoryBean] ====message: Shutting down Quartz Scheduler
[INFO ] 2020-07-31 13:09:41 [Thread-1081] [org.quartz.core.QuartzScheduler] ====message: Scheduler quartzScheduler_$_NON_CLUSTERED shutting down.
[INFO ] 2020-07-31 13:09:41 [Thread-1081] [org.quartz.core.QuartzScheduler] ====message: Scheduler quartzScheduler_$_NON_CLUSTERED paused.
[INFO ] 2020-07-31 13:09:41 [Thread-1081] [org.quartz.core.QuartzScheduler] ====message: Scheduler quartzScheduler_$_NON_CLUSTERED shutdown complete.
[INFO ] 2020-07-31 13:09:41 [Thread-1081] [o.s.s.c.ThreadPoolTaskExecutor] ====message: Shutting down ExecutorService 'applicationTaskExecutor'
[INFO ] 2020-07-31 13:11:38 [restartedMain] [com.kams.KAMSApplication] ====message: Starting KAMSApplication on CNHTPYHZ2 with PID 13092 (D:\TFS\Local\KAMS\target\classes started by change in D:\TFS\Local\KAMS)
[INFO ] 2020-07-31 13:11:38 [restartedMain] [com.kams.KAMSApplication] ====message: The following profiles are active: uat
[INFO ] 2020-07-31 13:11:38 [restartedMain] [o.s.b.w.e.tomcat.TomcatWebServer] ====message: Tomcat initialized with port(s): 9082 (http)
[INFO ] 2020-07-31 13:11:38 [restartedMain] [o.a.coyote.http11.Http11NioProtocol] ====message: Initializing ProtocolHandler ["http-nio-9082"]
[INFO ] 2020-07-31 13:11:38 [restartedMain] [o.a.catalina.core.StandardService] ====message: Starting service [Tomcat]
[INFO ] 2020-07-31 13:11:38 [restartedMain] [o.a.catalina.core.StandardEngine] ====message: Starting Servlet engine: [Apache Tomcat/9.0.36]
[INFO ] 2020-07-31 13:11:38 [restartedMain] [o.a.c.c.C.[Tomcat].[localhost].[/]] ====message: Initializing Spring embedded WebApplicationContext
[INFO ] 2020-07-31 13:11:38 [restartedMain] [o.s.b.w.s.c.ServletWebServerApplicationContext] ====message: Root WebApplicationContext: initialization completed in 337 ms
[INFO ] 2020-07-31 13:11:38 [restartedMain] [o.s.s.c.ThreadPoolTaskExecutor] ====message: Initializing ExecutorService 'applicationTaskExecutor'
[INFO ] 2020-07-31 13:11:38 [restartedMain] [org.quartz.impl.StdSchedulerFactory] ====message: Using default implementation for ThreadExecutor
[INFO ] 2020-07-31 13:11:38 [restartedMain] [o.quartz.core.SchedulerSignalerImpl] ====message: Initialized Scheduler Signaller of type: class org.quartz.core.SchedulerSignalerImpl
[INFO ] 2020-07-31 13:11:38 [restartedMain] [org.quartz.core.QuartzScheduler] ====message: Quartz Scheduler v.2.3.2 created.
[INFO ] 2020-07-31 13:11:38 [restartedMain] [org.quartz.simpl.RAMJobStore] ====message: RAMJobStore initialized.
[INFO ] 2020-07-31 13:11:38 [restartedMain] [org.quartz.core.QuartzScheduler] ====message: Scheduler meta-data: Quartz Scheduler (v2.3.2) 'quartzScheduler' with instanceId 'NON_CLUSTERED'
  Scheduler class: 'org.quartz.core.QuartzScheduler' - running locally.
  NOT STARTED.
  Currently in standby mode.
  Number of jobs executed: 0
  Using thread pool 'org.quartz.simpl.SimpleThreadPool' - with 10 threads.
  Using job-store 'org.quartz.simpl.RAMJobStore' - which does not support persistence. and is not clustered.

[INFO ] 2020-07-31 13:11:38 [restartedMain] [org.quartz.impl.StdSchedulerFactory] ====message: Quartz scheduler 'quartzScheduler' initialized from an externally provided properties instance.
[INFO ] 2020-07-31 13:11:38 [restartedMain] [org.quartz.impl.StdSchedulerFactory] ====message: Quartz scheduler version: 2.3.2
[INFO ] 2020-07-31 13:11:38 [restartedMain] [org.quartz.core.QuartzScheduler] ====message: JobFactory set to: org.springframework.scheduling.quartz.SpringBeanJobFactory@7aaf95f5
[INFO ] 2020-07-31 13:11:38 [restartedMain] [o.s.b.d.a.OptionalLiveReloadServer] ====message: LiveReload server is running on port 35729
[INFO ] 2020-07-31 13:11:38 [restartedMain] [o.a.coyote.http11.Http11NioProtocol] ====message: Starting ProtocolHandler ["http-nio-9082"]
[INFO ] 2020-07-31 13:11:38 [restartedMain] [o.s.b.w.e.tomcat.TomcatWebServer] ====message: Tomcat started on port(s): 9082 (http) with context path ''
[INFO ] 2020-07-31 13:11:38 [restartedMain] [o.s.s.quartz.SchedulerFactoryBean] ====message: Starting Quartz Scheduler now
[INFO ] 2020-07-31 13:11:38 [restartedMain] [org.quartz.core.QuartzScheduler] ====message: Scheduler quartzScheduler_$_NON_CLUSTERED started.
[INFO ] 2020-07-31 13:11:38 [restartedMain] [c.m.v.c.i.AbstractPoolBackedDataSource] ====message: Initializing c3p0 pool... com.mchange.v2.c3p0.ComboPooledDataSource [ acquireIncrement -> 3, acquireRetryAttempts -> 30, acquireRetryDelay -> 1000, autoCommitOnClose -> false, automaticTestTable -> null, breakAfterAcquireFailure -> false, checkoutTimeout -> 0, connectionCustomizerClassName -> null, connectionTesterClassName -> com.mchange.v2.c3p0.impl.DefaultConnectionTester, contextClassLoaderSource -> caller, dataSourceName -> 2ybz0jab18ijtrt1vrkr8v|12962ba1, debugUnreturnedConnectionStackTraces -> false, description -> null, driverClass -> com.microsoft.sqlserver.jdbc.SQLServerDriver, extensions -> {}, factoryClassLocation -> null, forceIgnoreUnresolvedTransactions -> false, forceSynchronousCheckins -> false, forceUseNamedDriverClass -> false, identityToken -> 2ybz0jab18ijtrt1vrkr8v|12962ba1, idleConnectionTestPeriod -> 0, initialPoolSize -> 3, jdbcUrl -> jdbc:sqlserver://10.164.4.53:1433;DatabaseName=TestEnv, maxAdministrativeTaskTime -> 0, maxConnectionAge -> 0, maxIdleTime -> 0, maxIdleTimeExcessConnections -> 0, maxPoolSize -> 15, maxStatements -> 0, maxStatementsPerConnection -> 0, minPoolSize -> 3, numHelperThreads -> 3, preferredTestQuery -> null, privilegeSpawnedThreads -> false, properties -> {user=******, password=******}, propertyCycle -> 0, statementCacheNumDeferredCloseThreads -> 0, testConnectionOnCheckin -> false, testConnectionOnCheckout -> false, unreturnedConnectionTimeout -> 0, userOverrides -> {}, usesTraditionalReflectiveProxies -> false ]
[INFO ] 2020-07-31 13:11:38 [restartedMain] [o.s.s.a.ScheduledAnnotationBeanPostProcessor] ====message: No TaskScheduler/ScheduledExecutorService bean found for scheduled processing
[INFO ] 2020-07-31 13:11:38 [restartedMain] [com.kams.KAMSApplication] ====message: Started KAMSApplication in 0.863 seconds (JVM running for 47765.33)
[INFO ] 2020-07-31 13:11:38 [restartedMain] [o.s.b.d.a.ConditionEvaluationDeltaLoggingListener] ====message: Condition evaluation unchanged
[INFO ] 2020-07-31 13:11:38 [Thread-1260] [org.quartz.core.QuartzScheduler] ====message: Scheduler quartzScheduler_$_NON_CLUSTERED paused.
[INFO ] 2020-07-31 13:11:38 [Thread-1260] [o.s.s.quartz.SchedulerFactoryBean] ====message: Shutting down Quartz Scheduler
[INFO ] 2020-07-31 13:11:38 [Thread-1260] [org.quartz.core.QuartzScheduler] ====message: Scheduler quartzScheduler_$_NON_CLUSTERED shutting down.
[INFO ] 2020-07-31 13:11:38 [Thread-1260] [org.quartz.core.QuartzScheduler] ====message: Scheduler quartzScheduler_$_NON_CLUSTERED paused.
[INFO ] 2020-07-31 13:11:38 [Thread-1260] [org.quartz.core.QuartzScheduler] ====message: Scheduler quartzScheduler_$_NON_CLUSTERED shutdown complete.
[INFO ] 2020-07-31 13:11:38 [Thread-1260] [o.s.s.c.ThreadPoolTaskExecutor] ====message: Shutting down ExecutorService 'applicationTaskExecutor'
[INFO ] 2020-07-31 13:12:04 [restartedMain] [com.kams.KAMSApplication] ====message: Starting KAMSApplication on CNHTPYHZ2 with PID 13092 (D:\TFS\Local\KAMS\target\classes started by change in D:\TFS\Local\KAMS)
[INFO ] 2020-07-31 13:12:04 [restartedMain] [com.kams.KAMSApplication] ====message: The following profiles are active: uat
[INFO ] 2020-07-31 13:12:04 [restartedMain] [o.s.b.w.e.tomcat.TomcatWebServer] ====message: Tomcat initialized with port(s): 9082 (http)
[INFO ] 2020-07-31 13:12:04 [restartedMain] [o.a.coyote.http11.Http11NioProtocol] ====message: Initializing ProtocolHandler ["http-nio-9082"]
[INFO ] 2020-07-31 13:12:04 [restartedMain] [o.a.catalina.core.StandardService] ====message: Starting service [Tomcat]
[INFO ] 2020-07-31 13:12:04 [restartedMain] [o.a.catalina.core.StandardEngine] ====message: Starting Servlet engine: [Apache Tomcat/9.0.36]
[INFO ] 2020-07-31 13:12:04 [restartedMain] [o.a.c.c.C.[Tomcat].[localhost].[/]] ====message: Initializing Spring embedded WebApplicationContext
[INFO ] 2020-07-31 13:12:04 [restartedMain] [o.s.b.w.s.c.ServletWebServerApplicationContext] ====message: Root WebApplicationContext: initialization completed in 382 ms
[INFO ] 2020-07-31 13:12:04 [restartedMain] [o.s.s.c.ThreadPoolTaskExecutor] ====message: Initializing ExecutorService 'applicationTaskExecutor'
[INFO ] 2020-07-31 13:12:04 [restartedMain] [org.quartz.impl.StdSchedulerFactory] ====message: Using default implementation for ThreadExecutor
[INFO ] 2020-07-31 13:12:04 [restartedMain] [o.quartz.core.SchedulerSignalerImpl] ====message: Initialized Scheduler Signaller of type: class org.quartz.core.SchedulerSignalerImpl
[INFO ] 2020-07-31 13:12:04 [restartedMain] [org.quartz.core.QuartzScheduler] ====message: Quartz Scheduler v.2.3.2 created.
[INFO ] 2020-07-31 13:12:04 [restartedMain] [org.quartz.simpl.RAMJobStore] ====message: RAMJobStore initialized.
[INFO ] 2020-07-31 13:12:04 [restartedMain] [org.quartz.core.QuartzScheduler] ====message: Scheduler meta-data: Quartz Scheduler (v2.3.2) 'quartzScheduler' with instanceId 'NON_CLUSTERED'
  Scheduler class: 'org.quartz.core.QuartzScheduler' - running locally.
  NOT STARTED.
  Currently in standby mode.
  Number of jobs executed: 0
  Using thread pool 'org.quartz.simpl.SimpleThreadPool' - with 10 threads.
  Using job-store 'org.quartz.simpl.RAMJobStore' - which does not support persistence. and is not clustered.

[INFO ] 2020-07-31 13:12:04 [restartedMain] [org.quartz.impl.StdSchedulerFactory] ====message: Quartz scheduler 'quartzScheduler' initialized from an externally provided properties instance.
[INFO ] 2020-07-31 13:12:04 [restartedMain] [org.quartz.impl.StdSchedulerFactory] ====message: Quartz scheduler version: 2.3.2
[INFO ] 2020-07-31 13:12:04 [restartedMain] [org.quartz.core.QuartzScheduler] ====message: JobFactory set to: org.springframework.scheduling.quartz.SpringBeanJobFactory@1f049461
[INFO ] 2020-07-31 13:12:04 [restartedMain] [o.s.b.d.a.OptionalLiveReloadServer] ====message: LiveReload server is running on port 35729
[INFO ] 2020-07-31 13:12:04 [restartedMain] [o.a.coyote.http11.Http11NioProtocol] ====message: Starting ProtocolHandler ["http-nio-9082"]
[INFO ] 2020-07-31 13:12:04 [restartedMain] [o.s.b.w.e.tomcat.TomcatWebServer] ====message: Tomcat started on port(s): 9082 (http) with context path ''
[INFO ] 2020-07-31 13:12:04 [restartedMain] [o.s.s.quartz.SchedulerFactoryBean] ====message: Starting Quartz Scheduler now
[INFO ] 2020-07-31 13:12:04 [restartedMain] [org.quartz.core.QuartzScheduler] ====message: Scheduler quartzScheduler_$_NON_CLUSTERED started.
[INFO ] 2020-07-31 13:12:04 [restartedMain] [c.m.v.c.i.AbstractPoolBackedDataSource] ====message: Initializing c3p0 pool... com.mchange.v2.c3p0.ComboPooledDataSource [ acquireIncrement -> 3, acquireRetryAttempts -> 30, acquireRetryDelay -> 1000, autoCommitOnClose -> false, automaticTestTable -> null, breakAfterAcquireFailure -> false, checkoutTimeout -> 0, connectionCustomizerClassName -> null, connectionTesterClassName -> com.mchange.v2.c3p0.impl.DefaultConnectionTester, contextClassLoaderSource -> caller, dataSourceName -> 2ybz0jab18ijtrt1vrkr8v|52da742e, debugUnreturnedConnectionStackTraces -> false, description -> null, driverClass -> com.microsoft.sqlserver.jdbc.SQLServerDriver, extensions -> {}, factoryClassLocation -> null, forceIgnoreUnresolvedTransactions -> false, forceSynchronousCheckins -> false, forceUseNamedDriverClass -> false, identityToken -> 2ybz0jab18ijtrt1vrkr8v|52da742e, idleConnectionTestPeriod -> 0, initialPoolSize -> 3, jdbcUrl -> jdbc:sqlserver://10.164.4.53:1433;DatabaseName=TestEnv, maxAdministrativeTaskTime -> 0, maxConnectionAge -> 0, maxIdleTime -> 0, maxIdleTimeExcessConnections -> 0, maxPoolSize -> 15, maxStatements -> 0, maxStatementsPerConnection -> 0, minPoolSize -> 3, numHelperThreads -> 3, preferredTestQuery -> null, privilegeSpawnedThreads -> false, properties -> {user=******, password=******}, propertyCycle -> 0, statementCacheNumDeferredCloseThreads -> 0, testConnectionOnCheckin -> false, testConnectionOnCheckout -> false, unreturnedConnectionTimeout -> 0, userOverrides -> {}, usesTraditionalReflectiveProxies -> false ]
[INFO ] 2020-07-31 13:12:04 [restartedMain] [o.s.s.a.ScheduledAnnotationBeanPostProcessor] ====message: No TaskScheduler/ScheduledExecutorService bean found for scheduled processing
[INFO ] 2020-07-31 13:12:04 [restartedMain] [com.kams.KAMSApplication] ====message: Started KAMSApplication in 0.896 seconds (JVM running for 47791.721)
[INFO ] 2020-07-31 13:12:04 [restartedMain] [o.s.b.d.a.ConditionEvaluationDeltaLoggingListener] ====message: Condition evaluation unchanged
[INFO ] 2020-07-31 13:12:04 [Thread-1439] [org.quartz.core.QuartzScheduler] ====message: Scheduler quartzScheduler_$_NON_CLUSTERED paused.
[INFO ] 2020-07-31 13:12:04 [Thread-1439] [o.s.s.quartz.SchedulerFactoryBean] ====message: Shutting down Quartz Scheduler
[INFO ] 2020-07-31 13:12:04 [Thread-1439] [org.quartz.core.QuartzScheduler] ====message: Scheduler quartzScheduler_$_NON_CLUSTERED shutting down.
[INFO ] 2020-07-31 13:12:04 [Thread-1439] [org.quartz.core.QuartzScheduler] ====message: Scheduler quartzScheduler_$_NON_CLUSTERED paused.
[INFO ] 2020-07-31 13:12:04 [Thread-1439] [org.quartz.core.QuartzScheduler] ====message: Scheduler quartzScheduler_$_NON_CLUSTERED shutdown complete.
[INFO ] 2020-07-31 13:12:04 [Thread-1439] [o.s.s.c.ThreadPoolTaskExecutor] ====message: Shutting down ExecutorService 'applicationTaskExecutor'
[INFO ] 2020-07-31 13:12:18 [restartedMain] [com.kams.KAMSApplication] ====message: Starting KAMSApplication on CNHTPYHZ2 with PID 13092 (D:\TFS\Local\KAMS\target\classes started by change in D:\TFS\Local\KAMS)
[INFO ] 2020-07-31 13:12:18 [restartedMain] [com.kams.KAMSApplication] ====message: The following profiles are active: uat
[INFO ] 2020-07-31 13:12:18 [restartedMain] [o.s.b.w.e.tomcat.TomcatWebServer] ====message: Tomcat initialized with port(s): 9082 (http)
[INFO ] 2020-07-31 13:12:18 [restartedMain] [o.a.coyote.http11.Http11NioProtocol] ====message: Initializing ProtocolHandler ["http-nio-9082"]
[INFO ] 2020-07-31 13:12:18 [restartedMain] [o.a.catalina.core.StandardService] ====message: Starting service [Tomcat]
[INFO ] 2020-07-31 13:12:18 [restartedMain] [o.a.catalina.core.StandardEngine] ====message: Starting Servlet engine: [Apache Tomcat/9.0.36]
[INFO ] 2020-07-31 13:12:18 [restartedMain] [o.a.c.c.C.[Tomcat].[localhost].[/]] ====message: Initializing Spring embedded WebApplicationContext
[INFO ] 2020-07-31 13:12:18 [restartedMain] [o.s.b.w.s.c.ServletWebServerApplicationContext] ====message: Root WebApplicationContext: initialization completed in 383 ms
[INFO ] 2020-07-31 13:12:18 [restartedMain] [o.s.s.c.ThreadPoolTaskExecutor] ====message: Initializing ExecutorService 'applicationTaskExecutor'
[INFO ] 2020-07-31 13:12:18 [restartedMain] [org.quartz.impl.StdSchedulerFactory] ====message: Using default implementation for ThreadExecutor
[INFO ] 2020-07-31 13:12:18 [restartedMain] [o.quartz.core.SchedulerSignalerImpl] ====message: Initialized Scheduler Signaller of type: class org.quartz.core.SchedulerSignalerImpl
[INFO ] 2020-07-31 13:12:18 [restartedMain] [org.quartz.core.QuartzScheduler] ====message: Quartz Scheduler v.2.3.2 created.
[INFO ] 2020-07-31 13:12:18 [restartedMain] [org.quartz.simpl.RAMJobStore] ====message: RAMJobStore initialized.
[INFO ] 2020-07-31 13:12:18 [restartedMain] [org.quartz.core.QuartzScheduler] ====message: Scheduler meta-data: Quartz Scheduler (v2.3.2) 'quartzScheduler' with instanceId 'NON_CLUSTERED'
  Scheduler class: 'org.quartz.core.QuartzScheduler' - running locally.
  NOT STARTED.
  Currently in standby mode.
  Number of jobs executed: 0
  Using thread pool 'org.quartz.simpl.SimpleThreadPool' - with 10 threads.
  Using job-store 'org.quartz.simpl.RAMJobStore' - which does not support persistence. and is not clustered.

[INFO ] 2020-07-31 13:12:18 [restartedMain] [org.quartz.impl.StdSchedulerFactory] ====message: Quartz scheduler 'quartzScheduler' initialized from an externally provided properties instance.
[INFO ] 2020-07-31 13:12:18 [restartedMain] [org.quartz.impl.StdSchedulerFactory] ====message: Quartz scheduler version: 2.3.2
[INFO ] 2020-07-31 13:12:18 [restartedMain] [org.quartz.core.QuartzScheduler] ====message: JobFactory set to: org.springframework.scheduling.quartz.SpringBeanJobFactory@355c86f9
[INFO ] 2020-07-31 13:12:18 [restartedMain] [o.s.b.d.a.OptionalLiveReloadServer] ====message: LiveReload server is running on port 35729
[INFO ] 2020-07-31 13:12:18 [restartedMain] [o.a.coyote.http11.Http11NioProtocol] ====message: Starting ProtocolHandler ["http-nio-9082"]
[INFO ] 2020-07-31 13:12:18 [restartedMain] [o.s.b.w.e.tomcat.TomcatWebServer] ====message: Tomcat started on port(s): 9082 (http) with context path ''
[INFO ] 2020-07-31 13:12:18 [restartedMain] [o.s.s.quartz.SchedulerFactoryBean] ====message: Starting Quartz Scheduler now
[INFO ] 2020-07-31 13:12:18 [restartedMain] [org.quartz.core.QuartzScheduler] ====message: Scheduler quartzScheduler_$_NON_CLUSTERED started.
[INFO ] 2020-07-31 13:12:18 [restartedMain] [c.m.v.c.i.AbstractPoolBackedDataSource] ====message: Initializing c3p0 pool... com.mchange.v2.c3p0.ComboPooledDataSource [ acquireIncrement -> 3, acquireRetryAttempts -> 30, acquireRetryDelay -> 1000, autoCommitOnClose -> false, automaticTestTable -> null, breakAfterAcquireFailure -> false, checkoutTimeout -> 0, connectionCustomizerClassName -> null, connectionTesterClassName -> com.mchange.v2.c3p0.impl.DefaultConnectionTester, contextClassLoaderSource -> caller, dataSourceName -> 2ybz0jab18ijtrt1vrkr8v|39570caa, debugUnreturnedConnectionStackTraces -> false, description -> null, driverClass -> com.microsoft.sqlserver.jdbc.SQLServerDriver, extensions -> {}, factoryClassLocation -> null, forceIgnoreUnresolvedTransactions -> false, forceSynchronousCheckins -> false, forceUseNamedDriverClass -> false, identityToken -> 2ybz0jab18ijtrt1vrkr8v|39570caa, idleConnectionTestPeriod -> 0, initialPoolSize -> 3, jdbcUrl -> jdbc:sqlserver://10.164.4.53:1433;DatabaseName=TestEnv, maxAdministrativeTaskTime -> 0, maxConnectionAge -> 0, maxIdleTime -> 0, maxIdleTimeExcessConnections -> 0, maxPoolSize -> 15, maxStatements -> 0, maxStatementsPerConnection -> 0, minPoolSize -> 3, numHelperThreads -> 3, preferredTestQuery -> null, privilegeSpawnedThreads -> false, properties -> {user=******, password=******}, propertyCycle -> 0, statementCacheNumDeferredCloseThreads -> 0, testConnectionOnCheckin -> false, testConnectionOnCheckout -> false, unreturnedConnectionTimeout -> 0, userOverrides -> {}, usesTraditionalReflectiveProxies -> false ]
[INFO ] 2020-07-31 13:12:18 [restartedMain] [o.s.s.a.ScheduledAnnotationBeanPostProcessor] ====message: No TaskScheduler/ScheduledExecutorService bean found for scheduled processing
[INFO ] 2020-07-31 13:12:18 [restartedMain] [com.kams.KAMSApplication] ====message: Started KAMSApplication in 0.925 seconds (JVM running for 47805.563)
[INFO ] 2020-07-31 13:12:18 [restartedMain] [o.s.b.d.a.ConditionEvaluationDeltaLoggingListener] ====message: Condition evaluation unchanged
[INFO ] 2020-07-31 13:12:18 [http-nio-9082-exec-1] [o.a.c.c.C.[Tomcat].[localhost].[/]] ====message: Initializing Spring DispatcherServlet 'dispatcherServlet'
[INFO ] 2020-07-31 13:12:18 [http-nio-9082-exec-1] [o.s.web.servlet.DispatcherServlet] ====message: Initializing Servlet 'dispatcherServlet'
[INFO ] 2020-07-31 13:12:18 [http-nio-9082-exec-1] [o.s.web.servlet.DispatcherServlet] ====message: Completed initialization in 2 ms
[INFO ] 2020-07-31 13:12:18 [http-nio-9082-exec-6] [com.kams.service.ArticalService] ====message: 距离上次查阅是：185分钟
[INFO ] 2020-07-31 13:12:18 [http-nio-9082-exec-6] [com.kams.service.ArticalService] ====message: 距离上次查阅时间不足6小时，不累加时间！
[INFO ] 2020-07-31 13:12:18 [Thread-1618] [org.quartz.core.QuartzScheduler] ====message: Scheduler quartzScheduler_$_NON_CLUSTERED paused.
[INFO ] 2020-07-31 13:12:18 [Thread-1618] [o.s.s.quartz.SchedulerFactoryBean] ====message: Shutting down Quartz Scheduler
[INFO ] 2020-07-31 13:12:18 [Thread-1618] [org.quartz.core.QuartzScheduler] ====message: Scheduler quartzScheduler_$_NON_CLUSTERED shutting down.
[INFO ] 2020-07-31 13:12:18 [Thread-1618] [org.quartz.core.QuartzScheduler] ====message: Scheduler quartzScheduler_$_NON_CLUSTERED paused.
[INFO ] 2020-07-31 13:12:18 [Thread-1618] [org.quartz.core.QuartzScheduler] ====message: Scheduler quartzScheduler_$_NON_CLUSTERED shutdown complete.
[INFO ] 2020-07-31 13:12:18 [Thread-1618] [o.s.s.c.ThreadPoolTaskExecutor] ====message: Shutting down ExecutorService 'applicationTaskExecutor'
[INFO ] 2020-07-31 13:14:30 [restartedMain] [com.kams.KAMSApplication] ====message: Starting KAMSApplication on CNHTPYHZ2 with PID 13092 (D:\TFS\Local\KAMS\target\classes started by change in D:\TFS\Local\KAMS)
[INFO ] 2020-07-31 13:14:30 [restartedMain] [com.kams.KAMSApplication] ====message: The following profiles are active: uat
[INFO ] 2020-07-31 13:14:30 [restartedMain] [o.s.b.w.e.tomcat.TomcatWebServer] ====message: Tomcat initialized with port(s): 9082 (http)
[INFO ] 2020-07-31 13:14:30 [restartedMain] [o.a.coyote.http11.Http11NioProtocol] ====message: Initializing ProtocolHandler ["http-nio-9082"]
[INFO ] 2020-07-31 13:14:30 [restartedMain] [o.a.catalina.core.StandardService] ====message: Starting service [Tomcat]
[INFO ] 2020-07-31 13:14:30 [restartedMain] [o.a.catalina.core.StandardEngine] ====message: Starting Servlet engine: [Apache Tomcat/9.0.36]
[INFO ] 2020-07-31 13:14:30 [restartedMain] [o.a.c.c.C.[Tomcat].[localhost].[/]] ====message: Initializing Spring embedded WebApplicationContext
[INFO ] 2020-07-31 13:14:30 [restartedMain] [o.s.b.w.s.c.ServletWebServerApplicationContext] ====message: Root WebApplicationContext: initialization completed in 383 ms
[INFO ] 2020-07-31 13:14:30 [restartedMain] [o.s.s.c.ThreadPoolTaskExecutor] ====message: Initializing ExecutorService 'applicationTaskExecutor'
[INFO ] 2020-07-31 13:14:30 [restartedMain] [org.quartz.impl.StdSchedulerFactory] ====message: Using default implementation for ThreadExecutor
[INFO ] 2020-07-31 13:14:30 [restartedMain] [o.quartz.core.SchedulerSignalerImpl] ====message: Initialized Scheduler Signaller of type: class org.quartz.core.SchedulerSignalerImpl
[INFO ] 2020-07-31 13:14:30 [restartedMain] [org.quartz.core.QuartzScheduler] ====message: Quartz Scheduler v.2.3.2 created.
[INFO ] 2020-07-31 13:14:30 [restartedMain] [org.quartz.simpl.RAMJobStore] ====message: RAMJobStore initialized.
[INFO ] 2020-07-31 13:14:30 [restartedMain] [org.quartz.core.QuartzScheduler] ====message: Scheduler meta-data: Quartz Scheduler (v2.3.2) 'quartzScheduler' with instanceId 'NON_CLUSTERED'
  Scheduler class: 'org.quartz.core.QuartzScheduler' - running locally.
  NOT STARTED.
  Currently in standby mode.
  Number of jobs executed: 0
  Using thread pool 'org.quartz.simpl.SimpleThreadPool' - with 10 threads.
  Using job-store 'org.quartz.simpl.RAMJobStore' - which does not support persistence. and is not clustered.

[INFO ] 2020-07-31 13:14:30 [restartedMain] [org.quartz.impl.StdSchedulerFactory] ====message: Quartz scheduler 'quartzScheduler' initialized from an externally provided properties instance.
[INFO ] 2020-07-31 13:14:30 [restartedMain] [org.quartz.impl.StdSchedulerFactory] ====message: Quartz scheduler version: 2.3.2
[INFO ] 2020-07-31 13:14:30 [restartedMain] [org.quartz.core.QuartzScheduler] ====message: JobFactory set to: org.springframework.scheduling.quartz.SpringBeanJobFactory@2effafe7
[INFO ] 2020-07-31 13:14:30 [restartedMain] [o.s.b.d.a.OptionalLiveReloadServer] ====message: LiveReload server is running on port 35729
[INFO ] 2020-07-31 13:14:30 [restartedMain] [o.a.coyote.http11.Http11NioProtocol] ====message: Starting ProtocolHandler ["http-nio-9082"]
[INFO ] 2020-07-31 13:14:30 [restartedMain] [o.s.b.w.e.tomcat.TomcatWebServer] ====message: Tomcat started on port(s): 9082 (http) with context path ''
[INFO ] 2020-07-31 13:14:30 [restartedMain] [o.s.s.quartz.SchedulerFactoryBean] ====message: Starting Quartz Scheduler now
[INFO ] 2020-07-31 13:14:30 [restartedMain] [org.quartz.core.QuartzScheduler] ====message: Scheduler quartzScheduler_$_NON_CLUSTERED started.
[INFO ] 2020-07-31 13:14:30 [restartedMain] [c.m.v.c.i.AbstractPoolBackedDataSource] ====message: Initializing c3p0 pool... com.mchange.v2.c3p0.ComboPooledDataSource [ acquireIncrement -> 3, acquireRetryAttempts -> 30, acquireRetryDelay -> 1000, autoCommitOnClose -> false, automaticTestTable -> null, breakAfterAcquireFailure -> false, checkoutTimeout -> 0, connectionCustomizerClassName -> null, connectionTesterClassName -> com.mchange.v2.c3p0.impl.DefaultConnectionTester, contextClassLoaderSource -> caller, dataSourceName -> 2ybz0jab18ijtrt1vrkr8v|36bc5453, debugUnreturnedConnectionStackTraces -> false, description -> null, driverClass -> com.microsoft.sqlserver.jdbc.SQLServerDriver, extensions -> {}, factoryClassLocation -> null, forceIgnoreUnresolvedTransactions -> false, forceSynchronousCheckins -> false, forceUseNamedDriverClass -> false, identityToken -> 2ybz0jab18ijtrt1vrkr8v|36bc5453, idleConnectionTestPeriod -> 0, initialPoolSize -> 3, jdbcUrl -> jdbc:sqlserver://10.164.4.53:1433;DatabaseName=TestEnv, maxAdministrativeTaskTime -> 0, maxConnectionAge -> 0, maxIdleTime -> 0, maxIdleTimeExcessConnections -> 0, maxPoolSize -> 15, maxStatements -> 0, maxStatementsPerConnection -> 0, minPoolSize -> 3, numHelperThreads -> 3, preferredTestQuery -> null, privilegeSpawnedThreads -> false, properties -> {user=******, password=******}, propertyCycle -> 0, statementCacheNumDeferredCloseThreads -> 0, testConnectionOnCheckin -> false, testConnectionOnCheckout -> false, unreturnedConnectionTimeout -> 0, userOverrides -> {}, usesTraditionalReflectiveProxies -> false ]
[INFO ] 2020-07-31 13:14:30 [restartedMain] [o.s.s.a.ScheduledAnnotationBeanPostProcessor] ====message: No TaskScheduler/ScheduledExecutorService bean found for scheduled processing
[INFO ] 2020-07-31 13:14:30 [restartedMain] [com.kams.KAMSApplication] ====message: Started KAMSApplication in 0.936 seconds (JVM running for 47937.749)
[INFO ] 2020-07-31 13:14:30 [restartedMain] [o.s.b.d.a.ConditionEvaluationDeltaLoggingListener] ====message: Condition evaluation unchanged
[INFO ] 2020-07-31 13:14:30 [Thread-1797] [org.quartz.core.QuartzScheduler] ====message: Scheduler quartzScheduler_$_NON_CLUSTERED paused.
[INFO ] 2020-07-31 13:14:30 [Thread-1797] [o.s.s.quartz.SchedulerFactoryBean] ====message: Shutting down Quartz Scheduler
[INFO ] 2020-07-31 13:14:30 [Thread-1797] [org.quartz.core.QuartzScheduler] ====message: Scheduler quartzScheduler_$_NON_CLUSTERED shutting down.
[INFO ] 2020-07-31 13:14:30 [Thread-1797] [org.quartz.core.QuartzScheduler] ====message: Scheduler quartzScheduler_$_NON_CLUSTERED paused.
[INFO ] 2020-07-31 13:14:30 [Thread-1797] [org.quartz.core.QuartzScheduler] ====message: Scheduler quartzScheduler_$_NON_CLUSTERED shutdown complete.
[INFO ] 2020-07-31 13:14:30 [Thread-1797] [o.s.s.c.ThreadPoolTaskExecutor] ====message: Shutting down ExecutorService 'applicationTaskExecutor'
[INFO ] 2020-07-31 13:14:53 [restartedMain] [com.kams.KAMSApplication] ====message: Starting KAMSApplication on CNHTPYHZ2 with PID 13092 (D:\TFS\Local\KAMS\target\classes started by change in D:\TFS\Local\KAMS)
[INFO ] 2020-07-31 13:14:53 [restartedMain] [com.kams.KAMSApplication] ====message: The following profiles are active: uat
[INFO ] 2020-07-31 13:14:53 [restartedMain] [o.s.b.w.e.tomcat.TomcatWebServer] ====message: Tomcat initialized with port(s): 9082 (http)
[INFO ] 2020-07-31 13:14:53 [restartedMain] [o.a.coyote.http11.Http11NioProtocol] ====message: Initializing ProtocolHandler ["http-nio-9082"]
[INFO ] 2020-07-31 13:14:53 [restartedMain] [o.a.catalina.core.StandardService] ====message: Starting service [Tomcat]
[INFO ] 2020-07-31 13:14:53 [restartedMain] [o.a.catalina.core.StandardEngine] ====message: Starting Servlet engine: [Apache Tomcat/9.0.36]
[INFO ] 2020-07-31 13:14:53 [restartedMain] [o.a.c.c.C.[Tomcat].[localhost].[/]] ====message: Initializing Spring embedded WebApplicationContext
[INFO ] 2020-07-31 13:14:53 [restartedMain] [o.s.b.w.s.c.ServletWebServerApplicationContext] ====message: Root WebApplicationContext: initialization completed in 364 ms
[INFO ] 2020-07-31 13:14:53 [restartedMain] [o.s.s.c.ThreadPoolTaskExecutor] ====message: Initializing ExecutorService 'applicationTaskExecutor'
[INFO ] 2020-07-31 13:14:53 [restartedMain] [org.quartz.impl.StdSchedulerFactory] ====message: Using default implementation for ThreadExecutor
[INFO ] 2020-07-31 13:14:53 [restartedMain] [o.quartz.core.SchedulerSignalerImpl] ====message: Initialized Scheduler Signaller of type: class org.quartz.core.SchedulerSignalerImpl
[INFO ] 2020-07-31 13:14:53 [restartedMain] [org.quartz.core.QuartzScheduler] ====message: Quartz Scheduler v.2.3.2 created.
[INFO ] 2020-07-31 13:14:53 [restartedMain] [org.quartz.simpl.RAMJobStore] ====message: RAMJobStore initialized.
[INFO ] 2020-07-31 13:14:53 [restartedMain] [org.quartz.core.QuartzScheduler] ====message: Scheduler meta-data: Quartz Scheduler (v2.3.2) 'quartzScheduler' with instanceId 'NON_CLUSTERED'
  Scheduler class: 'org.quartz.core.QuartzScheduler' - running locally.
  NOT STARTED.
  Currently in standby mode.
  Number of jobs executed: 0
  Using thread pool 'org.quartz.simpl.SimpleThreadPool' - with 10 threads.
  Using job-store 'org.quartz.simpl.RAMJobStore' - which does not support persistence. and is not clustered.

[INFO ] 2020-07-31 13:14:53 [restartedMain] [org.quartz.impl.StdSchedulerFactory] ====message: Quartz scheduler 'quartzScheduler' initialized from an externally provided properties instance.
[INFO ] 2020-07-31 13:14:53 [restartedMain] [org.quartz.impl.StdSchedulerFactory] ====message: Quartz scheduler version: 2.3.2
[INFO ] 2020-07-31 13:14:53 [restartedMain] [org.quartz.core.QuartzScheduler] ====message: JobFactory set to: org.springframework.scheduling.quartz.SpringBeanJobFactory@5910a766
[INFO ] 2020-07-31 13:14:53 [restartedMain] [o.s.b.d.a.OptionalLiveReloadServer] ====message: LiveReload server is running on port 35729
[INFO ] 2020-07-31 13:14:53 [restartedMain] [o.a.coyote.http11.Http11NioProtocol] ====message: Starting ProtocolHandler ["http-nio-9082"]
[INFO ] 2020-07-31 13:14:53 [restartedMain] [o.s.b.w.e.tomcat.TomcatWebServer] ====message: Tomcat started on port(s): 9082 (http) with context path ''
[INFO ] 2020-07-31 13:14:53 [restartedMain] [o.s.s.quartz.SchedulerFactoryBean] ====message: Starting Quartz Scheduler now
[INFO ] 2020-07-31 13:14:53 [restartedMain] [org.quartz.core.QuartzScheduler] ====message: Scheduler quartzScheduler_$_NON_CLUSTERED started.
[INFO ] 2020-07-31 13:14:53 [restartedMain] [c.m.v.c.i.AbstractPoolBackedDataSource] ====message: Initializing c3p0 pool... com.mchange.v2.c3p0.ComboPooledDataSource [ acquireIncrement -> 3, acquireRetryAttempts -> 30, acquireRetryDelay -> 1000, autoCommitOnClose -> false, automaticTestTable -> null, breakAfterAcquireFailure -> false, checkoutTimeout -> 0, connectionCustomizerClassName -> null, connectionTesterClassName -> com.mchange.v2.c3p0.impl.DefaultConnectionTester, contextClassLoaderSource -> caller, dataSourceName -> 2ybz0jab18ijtrt1vrkr8v|3781f5ff, debugUnreturnedConnectionStackTraces -> false, description -> null, driverClass -> com.microsoft.sqlserver.jdbc.SQLServerDriver, extensions -> {}, factoryClassLocation -> null, forceIgnoreUnresolvedTransactions -> false, forceSynchronousCheckins -> false, forceUseNamedDriverClass -> false, identityToken -> 2ybz0jab18ijtrt1vrkr8v|3781f5ff, idleConnectionTestPeriod -> 0, initialPoolSize -> 3, jdbcUrl -> jdbc:sqlserver://10.164.4.53:1433;DatabaseName=TestEnv, maxAdministrativeTaskTime -> 0, maxConnectionAge -> 0, maxIdleTime -> 0, maxIdleTimeExcessConnections -> 0, maxPoolSize -> 15, maxStatements -> 0, maxStatementsPerConnection -> 0, minPoolSize -> 3, numHelperThreads -> 3, preferredTestQuery -> null, privilegeSpawnedThreads -> false, properties -> {user=******, password=******}, propertyCycle -> 0, statementCacheNumDeferredCloseThreads -> 0, testConnectionOnCheckin -> false, testConnectionOnCheckout -> false, unreturnedConnectionTimeout -> 0, userOverrides -> {}, usesTraditionalReflectiveProxies -> false ]
[INFO ] 2020-07-31 13:14:53 [restartedMain] [o.s.s.a.ScheduledAnnotationBeanPostProcessor] ====message: No TaskScheduler/ScheduledExecutorService bean found for scheduled processing
[INFO ] 2020-07-31 13:14:53 [restartedMain] [com.kams.KAMSApplication] ====message: Started KAMSApplication in 0.969 seconds (JVM running for 47960.833)
[INFO ] 2020-07-31 13:14:53 [restartedMain] [o.s.b.d.a.ConditionEvaluationDeltaLoggingListener] ====message: Condition evaluation unchanged
[INFO ] 2020-07-31 13:14:53 [http-nio-9082-exec-1] [o.a.c.c.C.[Tomcat].[localhost].[/]] ====message: Initializing Spring DispatcherServlet 'dispatcherServlet'
[INFO ] 2020-07-31 13:14:53 [http-nio-9082-exec-1] [o.s.web.servlet.DispatcherServlet] ====message: Initializing Servlet 'dispatcherServlet'
[INFO ] 2020-07-31 13:14:53 [http-nio-9082-exec-1] [o.s.web.servlet.DispatcherServlet] ====message: Completed initialization in 3 ms
[INFO ] 2020-07-31 13:14:53 [http-nio-9082-exec-8] [com.kams.service.ArticalService] ====message: 距离上次查阅是：188分钟
[INFO ] 2020-07-31 13:14:53 [http-nio-9082-exec-8] [com.kams.service.ArticalService] ====message: 距离上次查阅时间不足6小时，不累加时间！
[INFO ] 2020-07-31 13:14:53 [http-nio-9082-exec-8] [com.kams.service.ArticalService] ====message: 距离上次查阅是：249分钟
[INFO ] 2020-07-31 13:14:53 [http-nio-9082-exec-8] [com.kams.service.ArticalService] ====message: 距离上次查阅时间不足6小时，不累加时间！
[INFO ] 2020-07-31 13:14:53 [http-nio-9082-exec-4] [com.kams.service.ArticalService] ====message: 距离上次查阅是：250分钟
[INFO ] 2020-07-31 13:14:53 [http-nio-9082-exec-4] [com.kams.service.ArticalService] ====message: 距离上次查阅时间不足6小时，不累加时间！
[INFO ] 2020-07-31 13:14:53 [http-nio-9082-exec-10] [com.kams.service.ArticalService] ====message: 距离上次查阅是：251分钟
[INFO ] 2020-07-31 13:14:53 [http-nio-9082-exec-10] [com.kams.service.ArticalService] ====message: 距离上次查阅时间不足6小时，不累加时间！
[INFO ] 2020-07-31 13:14:53 [http-nio-9082-exec-4] [com.kams.service.ArticalService] ====message: 距离上次查阅是：256分钟
[INFO ] 2020-07-31 13:14:53 [http-nio-9082-exec-4] [com.kams.service.ArticalService] ====message: 距离上次查阅时间不足6小时，不累加时间！
[INFO ] 2020-07-31 13:14:53 [http-nio-9082-exec-6] [com.kams.service.ArticalService] ====message: 距离上次查阅是：259分钟
[INFO ] 2020-07-31 13:14:53 [http-nio-9082-exec-6] [com.kams.service.ArticalService] ====message: 距离上次查阅时间不足6小时，不累加时间！
[INFO ] 2020-07-31 13:14:53 [Thread-1976] [org.quartz.core.QuartzScheduler] ====message: Scheduler quartzScheduler_$_NON_CLUSTERED paused.
[INFO ] 2020-07-31 13:14:53 [Thread-1976] [o.s.s.quartz.SchedulerFactoryBean] ====message: Shutting down Quartz Scheduler
[INFO ] 2020-07-31 13:14:53 [Thread-1976] [org.quartz.core.QuartzScheduler] ====message: Scheduler quartzScheduler_$_NON_CLUSTERED shutting down.
[INFO ] 2020-07-31 13:14:53 [Thread-1976] [org.quartz.core.QuartzScheduler] ====message: Scheduler quartzScheduler_$_NON_CLUSTERED paused.
[INFO ] 2020-07-31 13:14:53 [Thread-1976] [org.quartz.core.QuartzScheduler] ====message: Scheduler quartzScheduler_$_NON_CLUSTERED shutdown complete.
[INFO ] 2020-07-31 13:14:53 [Thread-1976] [o.s.s.c.ThreadPoolTaskExecutor] ====message: Shutting down ExecutorService 'applicationTaskExecutor'
[INFO ] 2020-07-31 14:27:30 [restartedMain] [com.kams.KAMSApplication] ====message: Starting KAMSApplication on CNHTPYHZ2 with PID 13092 (D:\TFS\Local\KAMS\target\classes started by change in D:\TFS\Local\KAMS)
[INFO ] 2020-07-31 14:27:30 [restartedMain] [com.kams.KAMSApplication] ====message: The following profiles are active: uat
[INFO ] 2020-07-31 14:27:30 [restartedMain] [o.s.b.w.e.tomcat.TomcatWebServer] ====message: Tomcat initialized with port(s): 9082 (http)
[INFO ] 2020-07-31 14:27:30 [restartedMain] [o.a.coyote.http11.Http11NioProtocol] ====message: Initializing ProtocolHandler ["http-nio-9082"]
[INFO ] 2020-07-31 14:27:30 [restartedMain] [o.a.catalina.core.StandardService] ====message: Starting service [Tomcat]
[INFO ] 2020-07-31 14:27:30 [restartedMain] [o.a.catalina.core.StandardEngine] ====message: Starting Servlet engine: [Apache Tomcat/9.0.36]
[INFO ] 2020-07-31 14:27:30 [restartedMain] [o.a.c.c.C.[Tomcat].[localhost].[/]] ====message: Initializing Spring embedded WebApplicationContext
[INFO ] 2020-07-31 14:27:30 [restartedMain] [o.s.b.w.s.c.ServletWebServerApplicationContext] ====message: Root WebApplicationContext: initialization completed in 468 ms
[INFO ] 2020-07-31 14:27:30 [restartedMain] [o.s.s.c.ThreadPoolTaskExecutor] ====message: Initializing ExecutorService 'applicationTaskExecutor'
[INFO ] 2020-07-31 14:27:30 [restartedMain] [org.quartz.impl.StdSchedulerFactory] ====message: Using default implementation for ThreadExecutor
[INFO ] 2020-07-31 14:27:30 [restartedMain] [o.quartz.core.SchedulerSignalerImpl] ====message: Initialized Scheduler Signaller of type: class org.quartz.core.SchedulerSignalerImpl
[INFO ] 2020-07-31 14:27:30 [restartedMain] [org.quartz.core.QuartzScheduler] ====message: Quartz Scheduler v.2.3.2 created.
[INFO ] 2020-07-31 14:27:30 [restartedMain] [org.quartz.simpl.RAMJobStore] ====message: RAMJobStore initialized.
[INFO ] 2020-07-31 14:27:30 [restartedMain] [org.quartz.core.QuartzScheduler] ====message: Scheduler meta-data: Quartz Scheduler (v2.3.2) 'quartzScheduler' with instanceId 'NON_CLUSTERED'
  Scheduler class: 'org.quartz.core.QuartzScheduler' - running locally.
  NOT STARTED.
  Currently in standby mode.
  Number of jobs executed: 0
  Using thread pool 'org.quartz.simpl.SimpleThreadPool' - with 10 threads.
  Using job-store 'org.quartz.simpl.RAMJobStore' - which does not support persistence. and is not clustered.

[INFO ] 2020-07-31 14:27:30 [restartedMain] [org.quartz.impl.StdSchedulerFactory] ====message: Quartz scheduler 'quartzScheduler' initialized from an externally provided properties instance.
[INFO ] 2020-07-31 14:27:30 [restartedMain] [org.quartz.impl.StdSchedulerFactory] ====message: Quartz scheduler version: 2.3.2
[INFO ] 2020-07-31 14:27:30 [restartedMain] [org.quartz.core.QuartzScheduler] ====message: JobFactory set to: org.springframework.scheduling.quartz.SpringBeanJobFactory@7919aad0
[INFO ] 2020-07-31 14:27:30 [restartedMain] [o.s.b.d.a.OptionalLiveReloadServer] ====message: LiveReload server is running on port 35729
[INFO ] 2020-07-31 14:27:30 [restartedMain] [o.a.coyote.http11.Http11NioProtocol] ====message: Starting ProtocolHandler ["http-nio-9082"]
[INFO ] 2020-07-31 14:27:30 [restartedMain] [o.s.b.w.e.tomcat.TomcatWebServer] ====message: Tomcat started on port(s): 9082 (http) with context path ''
[INFO ] 2020-07-31 14:27:30 [restartedMain] [o.s.s.quartz.SchedulerFactoryBean] ====message: Starting Quartz Scheduler now
[INFO ] 2020-07-31 14:27:30 [restartedMain] [org.quartz.core.QuartzScheduler] ====message: Scheduler quartzScheduler_$_NON_CLUSTERED started.
[INFO ] 2020-07-31 14:27:30 [restartedMain] [c.m.v.c.i.AbstractPoolBackedDataSource] ====message: Initializing c3p0 pool... com.mchange.v2.c3p0.ComboPooledDataSource [ acquireIncrement -> 3, acquireRetryAttempts -> 30, acquireRetryDelay -> 1000, autoCommitOnClose -> false, automaticTestTable -> null, breakAfterAcquireFailure -> false, checkoutTimeout -> 0, connectionCustomizerClassName -> null, connectionTesterClassName -> com.mchange.v2.c3p0.impl.DefaultConnectionTester, contextClassLoaderSource -> caller, dataSourceName -> 2ybz0jab18ijtrt1vrkr8v|21cb84af, debugUnreturnedConnectionStackTraces -> false, description -> null, driverClass -> com.microsoft.sqlserver.jdbc.SQLServerDriver, extensions -> {}, factoryClassLocation -> null, forceIgnoreUnresolvedTransactions -> false, forceSynchronousCheckins -> false, forceUseNamedDriverClass -> false, identityToken -> 2ybz0jab18ijtrt1vrkr8v|21cb84af, idleConnectionTestPeriod -> 0, initialPoolSize -> 3, jdbcUrl -> jdbc:sqlserver://10.164.4.53:1433;DatabaseName=TestEnv, maxAdministrativeTaskTime -> 0, maxConnectionAge -> 0, maxIdleTime -> 0, maxIdleTimeExcessConnections -> 0, maxPoolSize -> 15, maxStatements -> 0, maxStatementsPerConnection -> 0, minPoolSize -> 3, numHelperThreads -> 3, preferredTestQuery -> null, privilegeSpawnedThreads -> false, properties -> {user=******, password=******}, propertyCycle -> 0, statementCacheNumDeferredCloseThreads -> 0, testConnectionOnCheckin -> false, testConnectionOnCheckout -> false, unreturnedConnectionTimeout -> 0, userOverrides -> {}, usesTraditionalReflectiveProxies -> false ]
[INFO ] 2020-07-31 14:27:30 [restartedMain] [o.s.s.a.ScheduledAnnotationBeanPostProcessor] ====message: No TaskScheduler/ScheduledExecutorService bean found for scheduled processing
[INFO ] 2020-07-31 14:27:30 [restartedMain] [com.kams.KAMSApplication] ====message: Started KAMSApplication in 1.057 seconds (JVM running for 52317.912)
[INFO ] 2020-07-31 14:27:30 [restartedMain] [o.s.b.d.a.ConditionEvaluationDeltaLoggingListener] ====message: Condition evaluation unchanged
[INFO ] 2020-07-31 14:27:30 [http-nio-9082-exec-2] [o.a.c.c.C.[Tomcat].[localhost].[/]] ====message: Initializing Spring DispatcherServlet 'dispatcherServlet'
[INFO ] 2020-07-31 14:27:30 [http-nio-9082-exec-2] [o.s.web.servlet.DispatcherServlet] ====message: Initializing Servlet 'dispatcherServlet'
[INFO ] 2020-07-31 14:27:30 [http-nio-9082-exec-2] [o.s.web.servlet.DispatcherServlet] ====message: Completed initialization in 3 ms
[INFO ] 2020-07-31 14:27:30 [http-nio-9082-exec-5] [com.kams.service.ArticalService] ====message: 距离上次查阅是：260分钟
[INFO ] 2020-07-31 14:27:30 [http-nio-9082-exec-5] [com.kams.service.ArticalService] ====message: 距离上次查阅时间不足6小时，不累加时间！
[INFO ] 2020-07-31 14:27:30 [Thread-2155] [org.quartz.core.QuartzScheduler] ====message: Scheduler quartzScheduler_$_NON_CLUSTERED paused.
[INFO ] 2020-07-31 14:27:30 [Thread-2155] [o.s.s.quartz.SchedulerFactoryBean] ====message: Shutting down Quartz Scheduler
[INFO ] 2020-07-31 14:27:30 [Thread-2155] [org.quartz.core.QuartzScheduler] ====message: Scheduler quartzScheduler_$_NON_CLUSTERED shutting down.
[INFO ] 2020-07-31 14:27:30 [Thread-2155] [org.quartz.core.QuartzScheduler] ====message: Scheduler quartzScheduler_$_NON_CLUSTERED paused.
[INFO ] 2020-07-31 14:27:30 [Thread-2155] [org.quartz.core.QuartzScheduler] ====message: Scheduler quartzScheduler_$_NON_CLUSTERED shutdown complete.
[INFO ] 2020-07-31 14:27:30 [Thread-2155] [o.s.s.c.ThreadPoolTaskExecutor] ====message: Shutting down ExecutorService 'applicationTaskExecutor'
