[INFO ] 2020-07-02 16:39:31 [Thread-182] [org.quartz.core.QuartzScheduler] ====message: Scheduler quartzScheduler_$_NON_CLUSTERED paused.
[INFO ] 2020-07-02 16:39:31 [Thread-182] [o.s.s.quartz.SchedulerFactoryBean] ====message: Shutting down Quartz Scheduler
[INFO ] 2020-07-02 16:39:31 [Thread-182] [org.quartz.core.QuartzScheduler] ====message: Scheduler quartzScheduler_$_NON_CLUSTERED shutting down.
[INFO ] 2020-07-02 16:39:31 [Thread-182] [org.quartz.core.QuartzScheduler] ====message: Scheduler quartzScheduler_$_NON_CLUSTERED paused.
[INFO ] 2020-07-02 16:39:31 [Thread-182] [org.quartz.core.QuartzScheduler] ====message: Scheduler quartzScheduler_$_NON_CLUSTERED shutdown complete.
[INFO ] 2020-07-02 16:39:31 [Thread-182] [o.s.s.c.ThreadPoolTaskExecutor] ====message: Shutting down ExecutorService 'applicationTaskExecutor'
[INFO ] 2020-07-03 00:03:54 [restartedMain] [com.kams.KAMSApplication] ====message: Starting KAMSApplication on CNHTPYHZ2 with PID 1176 (D:\JavaDevelopment\eclipse\workspace\KAMS\target\classes started by change in D:\JavaDevelopment\eclipse\workspace\KAMS)
[INFO ] 2020-07-03 00:03:54 [restartedMain] [com.kams.KAMSApplication] ====message: The following profiles are active: uat
[INFO ] 2020-07-03 00:03:54 [restartedMain] [o.s.b.w.e.tomcat.TomcatWebServer] ====message: Tomcat initialized with port(s): 8080 (http)
[INFO ] 2020-07-03 00:03:54 [restartedMain] [o.a.coyote.http11.Http11NioProtocol] ====message: Initializing ProtocolHandler ["http-nio-8080"]
[INFO ] 2020-07-03 00:03:54 [restartedMain] [o.a.catalina.core.StandardService] ====message: Starting service [Tomcat]
[INFO ] 2020-07-03 00:03:54 [restartedMain] [o.a.catalina.core.StandardEngine] ====message: Starting Servlet engine: [Apache Tomcat/9.0.36]
[INFO ] 2020-07-03 00:03:54 [restartedMain] [o.a.c.c.C.[Tomcat].[localhost].[/]] ====message: Initializing Spring embedded WebApplicationContext
[INFO ] 2020-07-03 00:03:54 [restartedMain] [o.s.b.w.s.c.ServletWebServerApplicationContext] ====message: Root WebApplicationContext: initialization completed in 1185 ms
[INFO ] 2020-07-03 00:03:54 [restartedMain] [o.s.s.c.ThreadPoolTaskExecutor] ====message: Initializing ExecutorService 'applicationTaskExecutor'
[INFO ] 2020-07-03 00:03:54 [restartedMain] [org.quartz.impl.StdSchedulerFactory] ====message: Using default implementation for ThreadExecutor
[INFO ] 2020-07-03 00:03:54 [restartedMain] [o.quartz.core.SchedulerSignalerImpl] ====message: Initialized Scheduler Signaller of type: class org.quartz.core.SchedulerSignalerImpl
[INFO ] 2020-07-03 00:03:54 [restartedMain] [org.quartz.core.QuartzScheduler] ====message: Quartz Scheduler v.2.3.2 created.
[INFO ] 2020-07-03 00:03:54 [restartedMain] [org.quartz.simpl.RAMJobStore] ====message: RAMJobStore initialized.
[INFO ] 2020-07-03 00:03:54 [restartedMain] [org.quartz.core.QuartzScheduler] ====message: Scheduler meta-data: Quartz Scheduler (v2.3.2) 'quartzScheduler' with instanceId 'NON_CLUSTERED'
  Scheduler class: 'org.quartz.core.QuartzScheduler' - running locally.
  NOT STARTED.
  Currently in standby mode.
  Number of jobs executed: 0
  Using thread pool 'org.quartz.simpl.SimpleThreadPool' - with 10 threads.
  Using job-store 'org.quartz.simpl.RAMJobStore' - which does not support persistence. and is not clustered.

[INFO ] 2020-07-03 00:03:54 [restartedMain] [org.quartz.impl.StdSchedulerFactory] ====message: Quartz scheduler 'quartzScheduler' initialized from an externally provided properties instance.
[INFO ] 2020-07-03 00:03:54 [restartedMain] [org.quartz.impl.StdSchedulerFactory] ====message: Quartz scheduler version: 2.3.2
[INFO ] 2020-07-03 00:03:54 [restartedMain] [org.quartz.core.QuartzScheduler] ====message: JobFactory set to: org.springframework.scheduling.quartz.SpringBeanJobFactory@390156d5
[INFO ] 2020-07-03 00:03:54 [restartedMain] [o.s.b.d.a.OptionalLiveReloadServer] ====message: LiveReload server is running on port 35729
[INFO ] 2020-07-03 00:03:54 [restartedMain] [o.a.coyote.http11.Http11NioProtocol] ====message: Starting ProtocolHandler ["http-nio-8080"]
[INFO ] 2020-07-03 00:03:54 [restartedMain] [o.s.b.w.e.tomcat.TomcatWebServer] ====message: Tomcat started on port(s): 8080 (http) with context path ''
[INFO ] 2020-07-03 00:03:54 [restartedMain] [o.s.s.quartz.SchedulerFactoryBean] ====message: Starting Quartz Scheduler now
[INFO ] 2020-07-03 00:03:54 [restartedMain] [org.quartz.core.QuartzScheduler] ====message: Scheduler quartzScheduler_$_NON_CLUSTERED started.
[INFO ] 2020-07-03 00:03:54 [restartedMain] [c.m.v.c.i.AbstractPoolBackedDataSource] ====message: Initializing c3p0 pool... com.mchange.v2.c3p0.ComboPooledDataSource [ acquireIncrement -> 3, acquireRetryAttempts -> 30, acquireRetryDelay -> 1000, autoCommitOnClose -> false, automaticTestTable -> null, breakAfterAcquireFailure -> false, checkoutTimeout -> 0, connectionCustomizerClassName -> null, connectionTesterClassName -> com.mchange.v2.c3p0.impl.DefaultConnectionTester, contextClassLoaderSource -> caller, dataSourceName -> 2ybz0jab4240n219te0dz|72717a7a, debugUnreturnedConnectionStackTraces -> false, description -> null, driverClass -> com.microsoft.sqlserver.jdbc.SQLServerDriver, extensions -> {}, factoryClassLocation -> null, forceIgnoreUnresolvedTransactions -> false, forceSynchronousCheckins -> false, forceUseNamedDriverClass -> false, identityToken -> 2ybz0jab4240n219te0dz|72717a7a, idleConnectionTestPeriod -> 0, initialPoolSize -> 3, jdbcUrl -> jdbc:sqlserver://10.164.4.53:1433;DatabaseName=TestEnv, maxAdministrativeTaskTime -> 0, maxConnectionAge -> 0, maxIdleTime -> 0, maxIdleTimeExcessConnections -> 0, maxPoolSize -> 15, maxStatements -> 0, maxStatementsPerConnection -> 0, minPoolSize -> 3, numHelperThreads -> 3, preferredTestQuery -> null, privilegeSpawnedThreads -> false, properties -> {user=******, password=******}, propertyCycle -> 0, statementCacheNumDeferredCloseThreads -> 0, testConnectionOnCheckin -> false, testConnectionOnCheckout -> false, unreturnedConnectionTimeout -> 0, userOverrides -> {}, usesTraditionalReflectiveProxies -> false ]
[INFO ] 2020-07-03 00:03:54 [restartedMain] [com.kams.KAMSApplication] ====message: Started KAMSApplication in 1.87 seconds (JVM running for 27561.693)
[INFO ] 2020-07-03 00:03:54 [restartedMain] [o.s.b.d.a.ConditionEvaluationDeltaLoggingListener] ====message: Condition evaluation unchanged
[INFO ] 2020-07-03 00:03:54 [http-nio-8080-exec-1] [o.a.c.c.C.[Tomcat].[localhost].[/]] ====message: Initializing Spring DispatcherServlet 'dispatcherServlet'
[INFO ] 2020-07-03 00:03:54 [http-nio-8080-exec-1] [o.s.web.servlet.DispatcherServlet] ====message: Initializing Servlet 'dispatcherServlet'
[INFO ] 2020-07-03 00:03:54 [http-nio-8080-exec-1] [o.s.web.servlet.DispatcherServlet] ====message: Completed initialization in 3 ms
[INFO ] 2020-07-03 00:03:54 [Thread-362] [org.quartz.core.QuartzScheduler] ====message: Scheduler quartzScheduler_$_NON_CLUSTERED paused.
[INFO ] 2020-07-03 00:03:54 [Thread-362] [o.s.s.quartz.SchedulerFactoryBean] ====message: Shutting down Quartz Scheduler
[INFO ] 2020-07-03 00:03:54 [Thread-362] [org.quartz.core.QuartzScheduler] ====message: Scheduler quartzScheduler_$_NON_CLUSTERED shutting down.
[INFO ] 2020-07-03 00:03:54 [Thread-362] [org.quartz.core.QuartzScheduler] ====message: Scheduler quartzScheduler_$_NON_CLUSTERED paused.
[INFO ] 2020-07-03 00:03:54 [Thread-362] [org.quartz.core.QuartzScheduler] ====message: Scheduler quartzScheduler_$_NON_CLUSTERED shutdown complete.
[INFO ] 2020-07-03 00:03:54 [Thread-362] [o.s.s.c.ThreadPoolTaskExecutor] ====message: Shutting down ExecutorService 'applicationTaskExecutor'
[INFO ] 2020-07-03 00:05:10 [restartedMain] [com.kams.KAMSApplication] ====message: Starting KAMSApplication on CNHTPYHZ2 with PID 1176 (D:\JavaDevelopment\eclipse\workspace\KAMS\target\classes started by change in D:\JavaDevelopment\eclipse\workspace\KAMS)
[INFO ] 2020-07-03 00:05:10 [restartedMain] [com.kams.KAMSApplication] ====message: The following profiles are active: uat
[INFO ] 2020-07-03 00:05:10 [restartedMain] [o.s.b.w.e.tomcat.TomcatWebServer] ====message: Tomcat initialized with port(s): 8080 (http)
[INFO ] 2020-07-03 00:05:10 [restartedMain] [o.a.coyote.http11.Http11NioProtocol] ====message: Initializing ProtocolHandler ["http-nio-8080"]
[INFO ] 2020-07-03 00:05:10 [restartedMain] [o.a.catalina.core.StandardService] ====message: Starting service [Tomcat]
[INFO ] 2020-07-03 00:05:10 [restartedMain] [o.a.catalina.core.StandardEngine] ====message: Starting Servlet engine: [Apache Tomcat/9.0.36]
[INFO ] 2020-07-03 00:05:10 [restartedMain] [o.a.c.c.C.[Tomcat].[localhost].[/]] ====message: Initializing Spring embedded WebApplicationContext
[INFO ] 2020-07-03 00:05:10 [restartedMain] [o.s.b.w.s.c.ServletWebServerApplicationContext] ====message: Root WebApplicationContext: initialization completed in 1027 ms
[INFO ] 2020-07-03 00:05:10 [restartedMain] [o.s.s.c.ThreadPoolTaskExecutor] ====message: Initializing ExecutorService 'applicationTaskExecutor'
[INFO ] 2020-07-03 00:05:10 [restartedMain] [org.quartz.impl.StdSchedulerFactory] ====message: Using default implementation for ThreadExecutor
[INFO ] 2020-07-03 00:05:10 [restartedMain] [o.quartz.core.SchedulerSignalerImpl] ====message: Initialized Scheduler Signaller of type: class org.quartz.core.SchedulerSignalerImpl
[INFO ] 2020-07-03 00:05:10 [restartedMain] [org.quartz.core.QuartzScheduler] ====message: Quartz Scheduler v.2.3.2 created.
[INFO ] 2020-07-03 00:05:10 [restartedMain] [org.quartz.simpl.RAMJobStore] ====message: RAMJobStore initialized.
[INFO ] 2020-07-03 00:05:10 [restartedMain] [org.quartz.core.QuartzScheduler] ====message: Scheduler meta-data: Quartz Scheduler (v2.3.2) 'quartzScheduler' with instanceId 'NON_CLUSTERED'
  Scheduler class: 'org.quartz.core.QuartzScheduler' - running locally.
  NOT STARTED.
  Currently in standby mode.
  Number of jobs executed: 0
  Using thread pool 'org.quartz.simpl.SimpleThreadPool' - with 10 threads.
  Using job-store 'org.quartz.simpl.RAMJobStore' - which does not support persistence. and is not clustered.

[INFO ] 2020-07-03 00:05:10 [restartedMain] [org.quartz.impl.StdSchedulerFactory] ====message: Quartz scheduler 'quartzScheduler' initialized from an externally provided properties instance.
[INFO ] 2020-07-03 00:05:10 [restartedMain] [org.quartz.impl.StdSchedulerFactory] ====message: Quartz scheduler version: 2.3.2
[INFO ] 2020-07-03 00:05:10 [restartedMain] [org.quartz.core.QuartzScheduler] ====message: JobFactory set to: org.springframework.scheduling.quartz.SpringBeanJobFactory@44d05abc
[INFO ] 2020-07-03 00:05:10 [restartedMain] [o.s.b.d.a.OptionalLiveReloadServer] ====message: LiveReload server is running on port 35729
[INFO ] 2020-07-03 00:05:10 [restartedMain] [o.a.coyote.http11.Http11NioProtocol] ====message: Starting ProtocolHandler ["http-nio-8080"]
[INFO ] 2020-07-03 00:05:10 [restartedMain] [o.s.b.w.e.tomcat.TomcatWebServer] ====message: Tomcat started on port(s): 8080 (http) with context path ''
[INFO ] 2020-07-03 00:05:10 [restartedMain] [o.s.s.quartz.SchedulerFactoryBean] ====message: Starting Quartz Scheduler now
[INFO ] 2020-07-03 00:05:10 [restartedMain] [org.quartz.core.QuartzScheduler] ====message: Scheduler quartzScheduler_$_NON_CLUSTERED started.
[INFO ] 2020-07-03 00:05:10 [restartedMain] [c.m.v.c.i.AbstractPoolBackedDataSource] ====message: Initializing c3p0 pool... com.mchange.v2.c3p0.ComboPooledDataSource [ acquireIncrement -> 3, acquireRetryAttempts -> 30, acquireRetryDelay -> 1000, autoCommitOnClose -> false, automaticTestTable -> null, breakAfterAcquireFailure -> false, checkoutTimeout -> 0, connectionCustomizerClassName -> null, connectionTesterClassName -> com.mchange.v2.c3p0.impl.DefaultConnectionTester, contextClassLoaderSource -> caller, dataSourceName -> 2ybz0jab4240n219te0dz|e1ec806, debugUnreturnedConnectionStackTraces -> false, description -> null, driverClass -> com.microsoft.sqlserver.jdbc.SQLServerDriver, extensions -> {}, factoryClassLocation -> null, forceIgnoreUnresolvedTransactions -> false, forceSynchronousCheckins -> false, forceUseNamedDriverClass -> false, identityToken -> 2ybz0jab4240n219te0dz|e1ec806, idleConnectionTestPeriod -> 0, initialPoolSize -> 3, jdbcUrl -> jdbc:sqlserver://10.164.4.53:1433;DatabaseName=TestEnv, maxAdministrativeTaskTime -> 0, maxConnectionAge -> 0, maxIdleTime -> 0, maxIdleTimeExcessConnections -> 0, maxPoolSize -> 15, maxStatements -> 0, maxStatementsPerConnection -> 0, minPoolSize -> 3, numHelperThreads -> 3, preferredTestQuery -> null, privilegeSpawnedThreads -> false, properties -> {user=******, password=******}, propertyCycle -> 0, statementCacheNumDeferredCloseThreads -> 0, testConnectionOnCheckin -> false, testConnectionOnCheckout -> false, unreturnedConnectionTimeout -> 0, userOverrides -> {}, usesTraditionalReflectiveProxies -> false ]
[INFO ] 2020-07-03 00:05:10 [restartedMain] [com.kams.KAMSApplication] ====message: Started KAMSApplication in 1.528 seconds (JVM running for 27636.99)
[INFO ] 2020-07-03 00:05:10 [restartedMain] [o.s.b.d.a.ConditionEvaluationDeltaLoggingListener] ====message: Condition evaluation unchanged
[INFO ] 2020-07-03 00:05:10 [http-nio-8080-exec-2] [o.a.c.c.C.[Tomcat].[localhost].[/]] ====message: Initializing Spring DispatcherServlet 'dispatcherServlet'
[INFO ] 2020-07-03 00:05:10 [http-nio-8080-exec-2] [o.s.web.servlet.DispatcherServlet] ====message: Initializing Servlet 'dispatcherServlet'
[INFO ] 2020-07-03 00:05:10 [http-nio-8080-exec-2] [o.s.web.servlet.DispatcherServlet] ====message: Completed initialization in 3 ms
[INFO ] 2020-07-03 00:05:10 [Thread-539] [org.quartz.core.QuartzScheduler] ====message: Scheduler quartzScheduler_$_NON_CLUSTERED paused.
[INFO ] 2020-07-03 00:05:10 [Thread-539] [o.s.s.quartz.SchedulerFactoryBean] ====message: Shutting down Quartz Scheduler
[INFO ] 2020-07-03 00:05:10 [Thread-539] [org.quartz.core.QuartzScheduler] ====message: Scheduler quartzScheduler_$_NON_CLUSTERED shutting down.
[INFO ] 2020-07-03 00:05:10 [Thread-539] [org.quartz.core.QuartzScheduler] ====message: Scheduler quartzScheduler_$_NON_CLUSTERED paused.
[INFO ] 2020-07-03 00:05:10 [Thread-539] [org.quartz.core.QuartzScheduler] ====message: Scheduler quartzScheduler_$_NON_CLUSTERED shutdown complete.
[INFO ] 2020-07-03 00:05:10 [Thread-539] [o.s.s.c.ThreadPoolTaskExecutor] ====message: Shutting down ExecutorService 'applicationTaskExecutor'
[INFO ] 2020-07-03 14:43:09 [restartedMain] [com.kams.KAMSApplication] ====message: Starting KAMSApplication on CNHTPYHZ2 with PID 1176 (D:\JavaDevelopment\eclipse\workspace\KAMS\target\classes started by change in D:\JavaDevelopment\eclipse\workspace\KAMS)
[INFO ] 2020-07-03 14:43:09 [restartedMain] [com.kams.KAMSApplication] ====message: The following profiles are active: uat
[INFO ] 2020-07-03 14:43:09 [restartedMain] [o.s.b.w.e.tomcat.TomcatWebServer] ====message: Tomcat initialized with port(s): 8080 (http)
[INFO ] 2020-07-03 14:43:09 [restartedMain] [o.a.coyote.http11.Http11NioProtocol] ====message: Initializing ProtocolHandler ["http-nio-8080"]
[INFO ] 2020-07-03 14:43:09 [restartedMain] [o.a.catalina.core.StandardService] ====message: Starting service [Tomcat]
[INFO ] 2020-07-03 14:43:09 [restartedMain] [o.a.catalina.core.StandardEngine] ====message: Starting Servlet engine: [Apache Tomcat/9.0.36]
[INFO ] 2020-07-03 14:43:09 [restartedMain] [o.a.c.c.C.[Tomcat].[localhost].[/]] ====message: Initializing Spring embedded WebApplicationContext
[INFO ] 2020-07-03 14:43:09 [restartedMain] [o.s.b.w.s.c.ServletWebServerApplicationContext] ====message: Root WebApplicationContext: initialization completed in 1071 ms
[INFO ] 2020-07-03 14:43:09 [restartedMain] [o.s.s.c.ThreadPoolTaskExecutor] ====message: Initializing ExecutorService 'applicationTaskExecutor'
[INFO ] 2020-07-03 14:43:09 [restartedMain] [org.quartz.impl.StdSchedulerFactory] ====message: Using default implementation for ThreadExecutor
[INFO ] 2020-07-03 14:43:09 [restartedMain] [o.quartz.core.SchedulerSignalerImpl] ====message: Initialized Scheduler Signaller of type: class org.quartz.core.SchedulerSignalerImpl
[INFO ] 2020-07-03 14:43:09 [restartedMain] [org.quartz.core.QuartzScheduler] ====message: Quartz Scheduler v.2.3.2 created.
[INFO ] 2020-07-03 14:43:09 [restartedMain] [org.quartz.simpl.RAMJobStore] ====message: RAMJobStore initialized.
[INFO ] 2020-07-03 14:43:09 [restartedMain] [org.quartz.core.QuartzScheduler] ====message: Scheduler meta-data: Quartz Scheduler (v2.3.2) 'quartzScheduler' with instanceId 'NON_CLUSTERED'
  Scheduler class: 'org.quartz.core.QuartzScheduler' - running locally.
  NOT STARTED.
  Currently in standby mode.
  Number of jobs executed: 0
  Using thread pool 'org.quartz.simpl.SimpleThreadPool' - with 10 threads.
  Using job-store 'org.quartz.simpl.RAMJobStore' - which does not support persistence. and is not clustered.

[INFO ] 2020-07-03 14:43:09 [restartedMain] [org.quartz.impl.StdSchedulerFactory] ====message: Quartz scheduler 'quartzScheduler' initialized from an externally provided properties instance.
[INFO ] 2020-07-03 14:43:09 [restartedMain] [org.quartz.impl.StdSchedulerFactory] ====message: Quartz scheduler version: 2.3.2
[INFO ] 2020-07-03 14:43:09 [restartedMain] [org.quartz.core.QuartzScheduler] ====message: JobFactory set to: org.springframework.scheduling.quartz.SpringBeanJobFactory@1f3b6322
[INFO ] 2020-07-03 14:43:09 [restartedMain] [o.s.b.d.a.OptionalLiveReloadServer] ====message: LiveReload server is running on port 35729
[INFO ] 2020-07-03 14:43:09 [restartedMain] [o.a.coyote.http11.Http11NioProtocol] ====message: Starting ProtocolHandler ["http-nio-8080"]
[INFO ] 2020-07-03 14:43:09 [restartedMain] [o.s.b.w.e.tomcat.TomcatWebServer] ====message: Tomcat started on port(s): 8080 (http) with context path ''
[INFO ] 2020-07-03 14:43:09 [restartedMain] [o.s.s.quartz.SchedulerFactoryBean] ====message: Starting Quartz Scheduler now
[INFO ] 2020-07-03 14:43:09 [restartedMain] [org.quartz.core.QuartzScheduler] ====message: Scheduler quartzScheduler_$_NON_CLUSTERED started.
[INFO ] 2020-07-03 14:43:09 [restartedMain] [c.m.v.c.i.AbstractPoolBackedDataSource] ====message: Initializing c3p0 pool... com.mchange.v2.c3p0.ComboPooledDataSource [ acquireIncrement -> 3, acquireRetryAttempts -> 30, acquireRetryDelay -> 1000, autoCommitOnClose -> false, automaticTestTable -> null, breakAfterAcquireFailure -> false, checkoutTimeout -> 0, connectionCustomizerClassName -> null, connectionTesterClassName -> com.mchange.v2.c3p0.impl.DefaultConnectionTester, contextClassLoaderSource -> caller, dataSourceName -> 2ybz0jab4240n219te0dz|2ba01494, debugUnreturnedConnectionStackTraces -> false, description -> null, driverClass -> com.microsoft.sqlserver.jdbc.SQLServerDriver, extensions -> {}, factoryClassLocation -> null, forceIgnoreUnresolvedTransactions -> false, forceSynchronousCheckins -> false, forceUseNamedDriverClass -> false, identityToken -> 2ybz0jab4240n219te0dz|2ba01494, idleConnectionTestPeriod -> 0, initialPoolSize -> 3, jdbcUrl -> jdbc:sqlserver://10.164.4.53:1433;DatabaseName=TestEnv, maxAdministrativeTaskTime -> 0, maxConnectionAge -> 0, maxIdleTime -> 0, maxIdleTimeExcessConnections -> 0, maxPoolSize -> 15, maxStatements -> 0, maxStatementsPerConnection -> 0, minPoolSize -> 3, numHelperThreads -> 3, preferredTestQuery -> null, privilegeSpawnedThreads -> false, properties -> {user=******, password=******}, propertyCycle -> 0, statementCacheNumDeferredCloseThreads -> 0, testConnectionOnCheckin -> false, testConnectionOnCheckout -> false, unreturnedConnectionTimeout -> 0, userOverrides -> {}, usesTraditionalReflectiveProxies -> false ]
[INFO ] 2020-07-03 14:43:09 [restartedMain] [com.kams.KAMSApplication] ====message: Started KAMSApplication in 1.769 seconds (JVM running for 80316.558)
[INFO ] 2020-07-03 14:43:09 [restartedMain] [o.s.b.d.a.ConditionEvaluationDeltaLoggingListener] ====message: Condition evaluation unchanged
[INFO ] 2020-07-03 14:43:09 [http-nio-8080-exec-2] [o.a.c.c.C.[Tomcat].[localhost].[/]] ====message: Initializing Spring DispatcherServlet 'dispatcherServlet'
[INFO ] 2020-07-03 14:43:09 [http-nio-8080-exec-2] [o.s.web.servlet.DispatcherServlet] ====message: Initializing Servlet 'dispatcherServlet'
[INFO ] 2020-07-03 14:43:09 [http-nio-8080-exec-2] [o.s.web.servlet.DispatcherServlet] ====message: Completed initialization in 4 ms
[INFO ] 2020-07-03 14:43:09 [Thread-716] [org.quartz.core.QuartzScheduler] ====message: Scheduler quartzScheduler_$_NON_CLUSTERED paused.
[INFO ] 2020-07-03 14:43:09 [Thread-716] [o.s.s.quartz.SchedulerFactoryBean] ====message: Shutting down Quartz Scheduler
[INFO ] 2020-07-03 14:43:09 [Thread-716] [org.quartz.core.QuartzScheduler] ====message: Scheduler quartzScheduler_$_NON_CLUSTERED shutting down.
[INFO ] 2020-07-03 14:43:09 [Thread-716] [org.quartz.core.QuartzScheduler] ====message: Scheduler quartzScheduler_$_NON_CLUSTERED paused.
[INFO ] 2020-07-03 14:43:09 [Thread-716] [org.quartz.core.QuartzScheduler] ====message: Scheduler quartzScheduler_$_NON_CLUSTERED shutdown complete.
[INFO ] 2020-07-03 14:43:09 [Thread-716] [o.s.s.c.ThreadPoolTaskExecutor] ====message: Shutting down ExecutorService 'applicationTaskExecutor'
[INFO ] 2020-07-03 14:43:58 [restartedMain] [com.kams.KAMSApplication] ====message: Starting KAMSApplication on CNHTPYHZ2 with PID 1176 (D:\JavaDevelopment\eclipse\workspace\KAMS\target\classes started by change in D:\JavaDevelopment\eclipse\workspace\KAMS)
[INFO ] 2020-07-03 14:43:58 [restartedMain] [com.kams.KAMSApplication] ====message: The following profiles are active: uat
[INFO ] 2020-07-03 14:43:58 [restartedMain] [o.s.b.w.e.tomcat.TomcatWebServer] ====message: Tomcat initialized with port(s): 8080 (http)
[INFO ] 2020-07-03 14:43:58 [restartedMain] [o.a.coyote.http11.Http11NioProtocol] ====message: Initializing ProtocolHandler ["http-nio-8080"]
[INFO ] 2020-07-03 14:43:58 [restartedMain] [o.a.catalina.core.StandardService] ====message: Starting service [Tomcat]
[INFO ] 2020-07-03 14:43:58 [restartedMain] [o.a.catalina.core.StandardEngine] ====message: Starting Servlet engine: [Apache Tomcat/9.0.36]
[INFO ] 2020-07-03 14:43:58 [restartedMain] [o.a.c.c.C.[Tomcat].[localhost].[/]] ====message: Initializing Spring embedded WebApplicationContext
[INFO ] 2020-07-03 14:43:58 [restartedMain] [o.s.b.w.s.c.ServletWebServerApplicationContext] ====message: Root WebApplicationContext: initialization completed in 379 ms
[INFO ] 2020-07-03 14:43:58 [restartedMain] [o.s.s.c.ThreadPoolTaskExecutor] ====message: Initializing ExecutorService 'applicationTaskExecutor'
[INFO ] 2020-07-03 14:43:58 [restartedMain] [org.quartz.impl.StdSchedulerFactory] ====message: Using default implementation for ThreadExecutor
[INFO ] 2020-07-03 14:43:58 [restartedMain] [o.quartz.core.SchedulerSignalerImpl] ====message: Initialized Scheduler Signaller of type: class org.quartz.core.SchedulerSignalerImpl
[INFO ] 2020-07-03 14:43:58 [restartedMain] [org.quartz.core.QuartzScheduler] ====message: Quartz Scheduler v.2.3.2 created.
[INFO ] 2020-07-03 14:43:58 [restartedMain] [org.quartz.simpl.RAMJobStore] ====message: RAMJobStore initialized.
[INFO ] 2020-07-03 14:43:58 [restartedMain] [org.quartz.core.QuartzScheduler] ====message: Scheduler meta-data: Quartz Scheduler (v2.3.2) 'quartzScheduler' with instanceId 'NON_CLUSTERED'
  Scheduler class: 'org.quartz.core.QuartzScheduler' - running locally.
  NOT STARTED.
  Currently in standby mode.
  Number of jobs executed: 0
  Using thread pool 'org.quartz.simpl.SimpleThreadPool' - with 10 threads.
  Using job-store 'org.quartz.simpl.RAMJobStore' - which does not support persistence. and is not clustered.

[INFO ] 2020-07-03 14:43:58 [restartedMain] [org.quartz.impl.StdSchedulerFactory] ====message: Quartz scheduler 'quartzScheduler' initialized from an externally provided properties instance.
[INFO ] 2020-07-03 14:43:58 [restartedMain] [org.quartz.impl.StdSchedulerFactory] ====message: Quartz scheduler version: 2.3.2
[INFO ] 2020-07-03 14:43:58 [restartedMain] [org.quartz.core.QuartzScheduler] ====message: JobFactory set to: org.springframework.scheduling.quartz.SpringBeanJobFactory@4c76a5f7
[INFO ] 2020-07-03 14:43:58 [restartedMain] [o.s.b.d.a.OptionalLiveReloadServer] ====message: LiveReload server is running on port 35729
[INFO ] 2020-07-03 14:43:58 [restartedMain] [o.a.coyote.http11.Http11NioProtocol] ====message: Starting ProtocolHandler ["http-nio-8080"]
[INFO ] 2020-07-03 14:43:58 [restartedMain] [o.s.b.w.e.tomcat.TomcatWebServer] ====message: Tomcat started on port(s): 8080 (http) with context path ''
[INFO ] 2020-07-03 14:43:58 [restartedMain] [o.s.s.quartz.SchedulerFactoryBean] ====message: Starting Quartz Scheduler now
[INFO ] 2020-07-03 14:43:58 [restartedMain] [org.quartz.core.QuartzScheduler] ====message: Scheduler quartzScheduler_$_NON_CLUSTERED started.
[INFO ] 2020-07-03 14:43:58 [restartedMain] [c.m.v.c.i.AbstractPoolBackedDataSource] ====message: Initializing c3p0 pool... com.mchange.v2.c3p0.ComboPooledDataSource [ acquireIncrement -> 3, acquireRetryAttempts -> 30, acquireRetryDelay -> 1000, autoCommitOnClose -> false, automaticTestTable -> null, breakAfterAcquireFailure -> false, checkoutTimeout -> 0, connectionCustomizerClassName -> null, connectionTesterClassName -> com.mchange.v2.c3p0.impl.DefaultConnectionTester, contextClassLoaderSource -> caller, dataSourceName -> 2ybz0jab4240n219te0dz|6a4c456b, debugUnreturnedConnectionStackTraces -> false, description -> null, driverClass -> com.microsoft.sqlserver.jdbc.SQLServerDriver, extensions -> {}, factoryClassLocation -> null, forceIgnoreUnresolvedTransactions -> false, forceSynchronousCheckins -> false, forceUseNamedDriverClass -> false, identityToken -> 2ybz0jab4240n219te0dz|6a4c456b, idleConnectionTestPeriod -> 0, initialPoolSize -> 3, jdbcUrl -> jdbc:sqlserver://10.164.4.53:1433;DatabaseName=TestEnv, maxAdministrativeTaskTime -> 0, maxConnectionAge -> 0, maxIdleTime -> 0, maxIdleTimeExcessConnections -> 0, maxPoolSize -> 15, maxStatements -> 0, maxStatementsPerConnection -> 0, minPoolSize -> 3, numHelperThreads -> 3, preferredTestQuery -> null, privilegeSpawnedThreads -> false, properties -> {user=******, password=******}, propertyCycle -> 0, statementCacheNumDeferredCloseThreads -> 0, testConnectionOnCheckin -> false, testConnectionOnCheckout -> false, unreturnedConnectionTimeout -> 0, userOverrides -> {}, usesTraditionalReflectiveProxies -> false ]
[INFO ] 2020-07-03 14:43:58 [restartedMain] [com.kams.KAMSApplication] ====message: Started KAMSApplication in 0.89 seconds (JVM running for 80365.097)
[INFO ] 2020-07-03 14:43:58 [restartedMain] [o.s.b.d.a.ConditionEvaluationDeltaLoggingListener] ====message: Condition evaluation unchanged
[INFO ] 2020-07-03 14:43:58 [http-nio-8080-exec-1] [o.a.c.c.C.[Tomcat].[localhost].[/]] ====message: Initializing Spring DispatcherServlet 'dispatcherServlet'
[INFO ] 2020-07-03 14:43:58 [http-nio-8080-exec-1] [o.s.web.servlet.DispatcherServlet] ====message: Initializing Servlet 'dispatcherServlet'
[INFO ] 2020-07-03 14:43:58 [http-nio-8080-exec-1] [o.s.web.servlet.DispatcherServlet] ====message: Completed initialization in 2 ms
[INFO ] 2020-07-03 14:43:58 [Thread-893] [org.quartz.core.QuartzScheduler] ====message: Scheduler quartzScheduler_$_NON_CLUSTERED paused.
[INFO ] 2020-07-03 14:43:58 [Thread-893] [o.s.s.quartz.SchedulerFactoryBean] ====message: Shutting down Quartz Scheduler
[INFO ] 2020-07-03 14:43:58 [Thread-893] [org.quartz.core.QuartzScheduler] ====message: Scheduler quartzScheduler_$_NON_CLUSTERED shutting down.
[INFO ] 2020-07-03 14:43:58 [Thread-893] [org.quartz.core.QuartzScheduler] ====message: Scheduler quartzScheduler_$_NON_CLUSTERED paused.
[INFO ] 2020-07-03 14:43:58 [Thread-893] [org.quartz.core.QuartzScheduler] ====message: Scheduler quartzScheduler_$_NON_CLUSTERED shutdown complete.
[INFO ] 2020-07-03 14:43:58 [Thread-893] [o.s.s.c.ThreadPoolTaskExecutor] ====message: Shutting down ExecutorService 'applicationTaskExecutor'
[INFO ] 2020-07-03 14:46:57 [restartedMain] [com.kams.KAMSApplication] ====message: Starting KAMSApplication on CNHTPYHZ2 with PID 1176 (D:\JavaDevelopment\eclipse\workspace\KAMS\target\classes started by change in D:\JavaDevelopment\eclipse\workspace\KAMS)
[INFO ] 2020-07-03 14:46:57 [restartedMain] [com.kams.KAMSApplication] ====message: The following profiles are active: uat
[INFO ] 2020-07-03 14:46:57 [restartedMain] [o.s.b.w.e.tomcat.TomcatWebServer] ====message: Tomcat initialized with port(s): 8080 (http)
[INFO ] 2020-07-03 14:46:57 [restartedMain] [o.a.coyote.http11.Http11NioProtocol] ====message: Initializing ProtocolHandler ["http-nio-8080"]
[INFO ] 2020-07-03 14:46:57 [restartedMain] [o.a.catalina.core.StandardService] ====message: Starting service [Tomcat]
[INFO ] 2020-07-03 14:46:57 [restartedMain] [o.a.catalina.core.StandardEngine] ====message: Starting Servlet engine: [Apache Tomcat/9.0.36]
[INFO ] 2020-07-03 14:46:57 [restartedMain] [o.a.c.c.C.[Tomcat].[localhost].[/]] ====message: Initializing Spring embedded WebApplicationContext
[INFO ] 2020-07-03 14:46:57 [restartedMain] [o.s.b.w.s.c.ServletWebServerApplicationContext] ====message: Root WebApplicationContext: initialization completed in 423 ms
[INFO ] 2020-07-03 14:46:57 [restartedMain] [o.s.s.c.ThreadPoolTaskExecutor] ====message: Initializing ExecutorService 'applicationTaskExecutor'
[INFO ] 2020-07-03 14:46:57 [restartedMain] [org.quartz.impl.StdSchedulerFactory] ====message: Using default implementation for ThreadExecutor
[INFO ] 2020-07-03 14:46:57 [restartedMain] [o.quartz.core.SchedulerSignalerImpl] ====message: Initialized Scheduler Signaller of type: class org.quartz.core.SchedulerSignalerImpl
[INFO ] 2020-07-03 14:46:57 [restartedMain] [org.quartz.core.QuartzScheduler] ====message: Quartz Scheduler v.2.3.2 created.
[INFO ] 2020-07-03 14:46:57 [restartedMain] [org.quartz.simpl.RAMJobStore] ====message: RAMJobStore initialized.
[INFO ] 2020-07-03 14:46:57 [restartedMain] [org.quartz.core.QuartzScheduler] ====message: Scheduler meta-data: Quartz Scheduler (v2.3.2) 'quartzScheduler' with instanceId 'NON_CLUSTERED'
  Scheduler class: 'org.quartz.core.QuartzScheduler' - running locally.
  NOT STARTED.
  Currently in standby mode.
  Number of jobs executed: 0
  Using thread pool 'org.quartz.simpl.SimpleThreadPool' - with 10 threads.
  Using job-store 'org.quartz.simpl.RAMJobStore' - which does not support persistence. and is not clustered.

[INFO ] 2020-07-03 14:46:57 [restartedMain] [org.quartz.impl.StdSchedulerFactory] ====message: Quartz scheduler 'quartzScheduler' initialized from an externally provided properties instance.
[INFO ] 2020-07-03 14:46:57 [restartedMain] [org.quartz.impl.StdSchedulerFactory] ====message: Quartz scheduler version: 2.3.2
[INFO ] 2020-07-03 14:46:57 [restartedMain] [org.quartz.core.QuartzScheduler] ====message: JobFactory set to: org.springframework.scheduling.quartz.SpringBeanJobFactory@5cd2a9d2
[INFO ] 2020-07-03 14:46:57 [restartedMain] [o.s.b.d.a.OptionalLiveReloadServer] ====message: LiveReload server is running on port 35729
[INFO ] 2020-07-03 14:46:57 [restartedMain] [o.a.coyote.http11.Http11NioProtocol] ====message: Starting ProtocolHandler ["http-nio-8080"]
[INFO ] 2020-07-03 14:46:57 [restartedMain] [o.s.b.w.e.tomcat.TomcatWebServer] ====message: Tomcat started on port(s): 8080 (http) with context path ''
[INFO ] 2020-07-03 14:46:57 [restartedMain] [o.s.s.quartz.SchedulerFactoryBean] ====message: Starting Quartz Scheduler now
[INFO ] 2020-07-03 14:46:57 [restartedMain] [org.quartz.core.QuartzScheduler] ====message: Scheduler quartzScheduler_$_NON_CLUSTERED started.
[INFO ] 2020-07-03 14:46:57 [restartedMain] [c.m.v.c.i.AbstractPoolBackedDataSource] ====message: Initializing c3p0 pool... com.mchange.v2.c3p0.ComboPooledDataSource [ acquireIncrement -> 3, acquireRetryAttempts -> 30, acquireRetryDelay -> 1000, autoCommitOnClose -> false, automaticTestTable -> null, breakAfterAcquireFailure -> false, checkoutTimeout -> 0, connectionCustomizerClassName -> null, connectionTesterClassName -> com.mchange.v2.c3p0.impl.DefaultConnectionTester, contextClassLoaderSource -> caller, dataSourceName -> 2ybz0jab4240n219te0dz|3ed21fc7, debugUnreturnedConnectionStackTraces -> false, description -> null, driverClass -> com.microsoft.sqlserver.jdbc.SQLServerDriver, extensions -> {}, factoryClassLocation -> null, forceIgnoreUnresolvedTransactions -> false, forceSynchronousCheckins -> false, forceUseNamedDriverClass -> false, identityToken -> 2ybz0jab4240n219te0dz|3ed21fc7, idleConnectionTestPeriod -> 0, initialPoolSize -> 3, jdbcUrl -> jdbc:sqlserver://10.164.4.53:1433;DatabaseName=TestEnv, maxAdministrativeTaskTime -> 0, maxConnectionAge -> 0, maxIdleTime -> 0, maxIdleTimeExcessConnections -> 0, maxPoolSize -> 15, maxStatements -> 0, maxStatementsPerConnection -> 0, minPoolSize -> 3, numHelperThreads -> 3, preferredTestQuery -> null, privilegeSpawnedThreads -> false, properties -> {user=******, password=******}, propertyCycle -> 0, statementCacheNumDeferredCloseThreads -> 0, testConnectionOnCheckin -> false, testConnectionOnCheckout -> false, unreturnedConnectionTimeout -> 0, userOverrides -> {}, usesTraditionalReflectiveProxies -> false ]
[INFO ] 2020-07-03 14:46:57 [restartedMain] [com.kams.KAMSApplication] ====message: Started KAMSApplication in 0.887 seconds (JVM running for 80543.83)
[INFO ] 2020-07-03 14:46:57 [restartedMain] [o.s.b.d.a.ConditionEvaluationDeltaLoggingListener] ====message: Condition evaluation unchanged
[INFO ] 2020-07-03 14:46:57 [http-nio-8080-exec-1] [o.a.c.c.C.[Tomcat].[localhost].[/]] ====message: Initializing Spring DispatcherServlet 'dispatcherServlet'
[INFO ] 2020-07-03 14:46:57 [http-nio-8080-exec-1] [o.s.web.servlet.DispatcherServlet] ====message: Initializing Servlet 'dispatcherServlet'
[INFO ] 2020-07-03 14:46:57 [http-nio-8080-exec-1] [o.s.web.servlet.DispatcherServlet] ====message: Completed initialization in 1 ms
[INFO ] 2020-07-03 14:46:57 [Thread-1070] [org.quartz.core.QuartzScheduler] ====message: Scheduler quartzScheduler_$_NON_CLUSTERED paused.
[INFO ] 2020-07-03 14:46:57 [Thread-1070] [o.s.s.quartz.SchedulerFactoryBean] ====message: Shutting down Quartz Scheduler
[INFO ] 2020-07-03 14:46:57 [Thread-1070] [org.quartz.core.QuartzScheduler] ====message: Scheduler quartzScheduler_$_NON_CLUSTERED shutting down.
[INFO ] 2020-07-03 14:46:57 [Thread-1070] [org.quartz.core.QuartzScheduler] ====message: Scheduler quartzScheduler_$_NON_CLUSTERED paused.
[INFO ] 2020-07-03 14:46:57 [Thread-1070] [org.quartz.core.QuartzScheduler] ====message: Scheduler quartzScheduler_$_NON_CLUSTERED shutdown complete.
[INFO ] 2020-07-03 14:46:57 [Thread-1070] [o.s.s.c.ThreadPoolTaskExecutor] ====message: Shutting down ExecutorService 'applicationTaskExecutor'
[INFO ] 2020-07-03 14:50:09 [restartedMain] [com.kams.KAMSApplication] ====message: Starting KAMSApplication on CNHTPYHZ2 with PID 1176 (D:\JavaDevelopment\eclipse\workspace\KAMS\target\classes started by change in D:\JavaDevelopment\eclipse\workspace\KAMS)
[INFO ] 2020-07-03 14:50:09 [restartedMain] [com.kams.KAMSApplication] ====message: The following profiles are active: uat
[INFO ] 2020-07-03 14:50:09 [restartedMain] [o.s.b.w.e.tomcat.TomcatWebServer] ====message: Tomcat initialized with port(s): 8080 (http)
[INFO ] 2020-07-03 14:50:09 [restartedMain] [o.a.coyote.http11.Http11NioProtocol] ====message: Initializing ProtocolHandler ["http-nio-8080"]
[INFO ] 2020-07-03 14:50:09 [restartedMain] [o.a.catalina.core.StandardService] ====message: Starting service [Tomcat]
[INFO ] 2020-07-03 14:50:09 [restartedMain] [o.a.catalina.core.StandardEngine] ====message: Starting Servlet engine: [Apache Tomcat/9.0.36]
[INFO ] 2020-07-03 14:50:09 [restartedMain] [o.a.c.c.C.[Tomcat].[localhost].[/]] ====message: Initializing Spring embedded WebApplicationContext
[INFO ] 2020-07-03 14:50:09 [restartedMain] [o.s.b.w.s.c.ServletWebServerApplicationContext] ====message: Root WebApplicationContext: initialization completed in 349 ms
[INFO ] 2020-07-03 14:50:09 [restartedMain] [o.s.s.c.ThreadPoolTaskExecutor] ====message: Initializing ExecutorService 'applicationTaskExecutor'
[INFO ] 2020-07-03 14:50:09 [restartedMain] [org.quartz.impl.StdSchedulerFactory] ====message: Using default implementation for ThreadExecutor
[INFO ] 2020-07-03 14:50:09 [restartedMain] [o.quartz.core.SchedulerSignalerImpl] ====message: Initialized Scheduler Signaller of type: class org.quartz.core.SchedulerSignalerImpl
[INFO ] 2020-07-03 14:50:09 [restartedMain] [org.quartz.core.QuartzScheduler] ====message: Quartz Scheduler v.2.3.2 created.
[INFO ] 2020-07-03 14:50:09 [restartedMain] [org.quartz.simpl.RAMJobStore] ====message: RAMJobStore initialized.
[INFO ] 2020-07-03 14:50:09 [restartedMain] [org.quartz.core.QuartzScheduler] ====message: Scheduler meta-data: Quartz Scheduler (v2.3.2) 'quartzScheduler' with instanceId 'NON_CLUSTERED'
  Scheduler class: 'org.quartz.core.QuartzScheduler' - running locally.
  NOT STARTED.
  Currently in standby mode.
  Number of jobs executed: 0
  Using thread pool 'org.quartz.simpl.SimpleThreadPool' - with 10 threads.
  Using job-store 'org.quartz.simpl.RAMJobStore' - which does not support persistence. and is not clustered.

[INFO ] 2020-07-03 14:50:09 [restartedMain] [org.quartz.impl.StdSchedulerFactory] ====message: Quartz scheduler 'quartzScheduler' initialized from an externally provided properties instance.
[INFO ] 2020-07-03 14:50:09 [restartedMain] [org.quartz.impl.StdSchedulerFactory] ====message: Quartz scheduler version: 2.3.2
[INFO ] 2020-07-03 14:50:09 [restartedMain] [org.quartz.core.QuartzScheduler] ====message: JobFactory set to: org.springframework.scheduling.quartz.SpringBeanJobFactory@499404d1
[INFO ] 2020-07-03 14:50:09 [restartedMain] [o.s.b.d.a.OptionalLiveReloadServer] ====message: LiveReload server is running on port 35729
[INFO ] 2020-07-03 14:50:09 [restartedMain] [o.a.coyote.http11.Http11NioProtocol] ====message: Starting ProtocolHandler ["http-nio-8080"]
[INFO ] 2020-07-03 14:50:09 [restartedMain] [o.s.b.w.e.tomcat.TomcatWebServer] ====message: Tomcat started on port(s): 8080 (http) with context path ''
[INFO ] 2020-07-03 14:50:09 [restartedMain] [o.s.s.quartz.SchedulerFactoryBean] ====message: Starting Quartz Scheduler now
[INFO ] 2020-07-03 14:50:09 [restartedMain] [org.quartz.core.QuartzScheduler] ====message: Scheduler quartzScheduler_$_NON_CLUSTERED started.
[INFO ] 2020-07-03 14:50:09 [restartedMain] [c.m.v.c.i.AbstractPoolBackedDataSource] ====message: Initializing c3p0 pool... com.mchange.v2.c3p0.ComboPooledDataSource [ acquireIncrement -> 3, acquireRetryAttempts -> 30, acquireRetryDelay -> 1000, autoCommitOnClose -> false, automaticTestTable -> null, breakAfterAcquireFailure -> false, checkoutTimeout -> 0, connectionCustomizerClassName -> null, connectionTesterClassName -> com.mchange.v2.c3p0.impl.DefaultConnectionTester, contextClassLoaderSource -> caller, dataSourceName -> 2ybz0jab4240n219te0dz|1a9bf8b5, debugUnreturnedConnectionStackTraces -> false, description -> null, driverClass -> com.microsoft.sqlserver.jdbc.SQLServerDriver, extensions -> {}, factoryClassLocation -> null, forceIgnoreUnresolvedTransactions -> false, forceSynchronousCheckins -> false, forceUseNamedDriverClass -> false, identityToken -> 2ybz0jab4240n219te0dz|1a9bf8b5, idleConnectionTestPeriod -> 0, initialPoolSize -> 3, jdbcUrl -> jdbc:sqlserver://10.164.4.53:1433;DatabaseName=TestEnv, maxAdministrativeTaskTime -> 0, maxConnectionAge -> 0, maxIdleTime -> 0, maxIdleTimeExcessConnections -> 0, maxPoolSize -> 15, maxStatements -> 0, maxStatementsPerConnection -> 0, minPoolSize -> 3, numHelperThreads -> 3, preferredTestQuery -> null, privilegeSpawnedThreads -> false, properties -> {user=******, password=******}, propertyCycle -> 0, statementCacheNumDeferredCloseThreads -> 0, testConnectionOnCheckin -> false, testConnectionOnCheckout -> false, unreturnedConnectionTimeout -> 0, userOverrides -> {}, usesTraditionalReflectiveProxies -> false ]
[INFO ] 2020-07-03 14:50:09 [restartedMain] [com.kams.KAMSApplication] ====message: Started KAMSApplication in 0.812 seconds (JVM running for 80735.56)
[INFO ] 2020-07-03 14:50:09 [restartedMain] [o.s.b.d.a.ConditionEvaluationDeltaLoggingListener] ====message: Condition evaluation unchanged
[INFO ] 2020-07-03 14:50:09 [Thread-1247] [org.quartz.core.QuartzScheduler] ====message: Scheduler quartzScheduler_$_NON_CLUSTERED paused.
[INFO ] 2020-07-03 14:50:09 [Thread-1247] [o.s.s.quartz.SchedulerFactoryBean] ====message: Shutting down Quartz Scheduler
[INFO ] 2020-07-03 14:50:09 [Thread-1247] [org.quartz.core.QuartzScheduler] ====message: Scheduler quartzScheduler_$_NON_CLUSTERED shutting down.
[INFO ] 2020-07-03 14:50:09 [Thread-1247] [org.quartz.core.QuartzScheduler] ====message: Scheduler quartzScheduler_$_NON_CLUSTERED paused.
[INFO ] 2020-07-03 14:50:09 [Thread-1247] [org.quartz.core.QuartzScheduler] ====message: Scheduler quartzScheduler_$_NON_CLUSTERED shutdown complete.
[INFO ] 2020-07-03 14:50:09 [Thread-1247] [o.s.s.c.ThreadPoolTaskExecutor] ====message: Shutting down ExecutorService 'applicationTaskExecutor'
[INFO ] 2020-07-03 14:50:38 [restartedMain] [com.kams.KAMSApplication] ====message: Starting KAMSApplication on CNHTPYHZ2 with PID 1176 (D:\JavaDevelopment\eclipse\workspace\KAMS\target\classes started by change in D:\JavaDevelopment\eclipse\workspace\KAMS)
[INFO ] 2020-07-03 14:50:38 [restartedMain] [com.kams.KAMSApplication] ====message: The following profiles are active: uat
[INFO ] 2020-07-03 14:50:38 [restartedMain] [o.s.b.w.e.tomcat.TomcatWebServer] ====message: Tomcat initialized with port(s): 8080 (http)
[INFO ] 2020-07-03 14:50:38 [restartedMain] [o.a.coyote.http11.Http11NioProtocol] ====message: Initializing ProtocolHandler ["http-nio-8080"]
[INFO ] 2020-07-03 14:50:38 [restartedMain] [o.a.catalina.core.StandardService] ====message: Starting service [Tomcat]
[INFO ] 2020-07-03 14:50:38 [restartedMain] [o.a.catalina.core.StandardEngine] ====message: Starting Servlet engine: [Apache Tomcat/9.0.36]
[INFO ] 2020-07-03 14:50:38 [restartedMain] [o.a.c.c.C.[Tomcat].[localhost].[/]] ====message: Initializing Spring embedded WebApplicationContext
[INFO ] 2020-07-03 14:50:38 [restartedMain] [o.s.b.w.s.c.ServletWebServerApplicationContext] ====message: Root WebApplicationContext: initialization completed in 404 ms
[INFO ] 2020-07-03 14:50:38 [restartedMain] [o.s.s.c.ThreadPoolTaskExecutor] ====message: Initializing ExecutorService 'applicationTaskExecutor'
[INFO ] 2020-07-03 14:50:38 [restartedMain] [org.quartz.impl.StdSchedulerFactory] ====message: Using default implementation for ThreadExecutor
[INFO ] 2020-07-03 14:50:38 [restartedMain] [o.quartz.core.SchedulerSignalerImpl] ====message: Initialized Scheduler Signaller of type: class org.quartz.core.SchedulerSignalerImpl
[INFO ] 2020-07-03 14:50:38 [restartedMain] [org.quartz.core.QuartzScheduler] ====message: Quartz Scheduler v.2.3.2 created.
[INFO ] 2020-07-03 14:50:38 [restartedMain] [org.quartz.simpl.RAMJobStore] ====message: RAMJobStore initialized.
[INFO ] 2020-07-03 14:50:38 [restartedMain] [org.quartz.core.QuartzScheduler] ====message: Scheduler meta-data: Quartz Scheduler (v2.3.2) 'quartzScheduler' with instanceId 'NON_CLUSTERED'
  Scheduler class: 'org.quartz.core.QuartzScheduler' - running locally.
  NOT STARTED.
  Currently in standby mode.
  Number of jobs executed: 0
  Using thread pool 'org.quartz.simpl.SimpleThreadPool' - with 10 threads.
  Using job-store 'org.quartz.simpl.RAMJobStore' - which does not support persistence. and is not clustered.

[INFO ] 2020-07-03 14:50:38 [restartedMain] [org.quartz.impl.StdSchedulerFactory] ====message: Quartz scheduler 'quartzScheduler' initialized from an externally provided properties instance.
[INFO ] 2020-07-03 14:50:38 [restartedMain] [org.quartz.impl.StdSchedulerFactory] ====message: Quartz scheduler version: 2.3.2
[INFO ] 2020-07-03 14:50:38 [restartedMain] [org.quartz.core.QuartzScheduler] ====message: JobFactory set to: org.springframework.scheduling.quartz.SpringBeanJobFactory@2b668088
[INFO ] 2020-07-03 14:50:38 [restartedMain] [o.s.b.d.a.OptionalLiveReloadServer] ====message: LiveReload server is running on port 35729
[INFO ] 2020-07-03 14:50:38 [restartedMain] [o.a.coyote.http11.Http11NioProtocol] ====message: Starting ProtocolHandler ["http-nio-8080"]
[INFO ] 2020-07-03 14:50:38 [restartedMain] [o.s.b.w.e.tomcat.TomcatWebServer] ====message: Tomcat started on port(s): 8080 (http) with context path ''
[INFO ] 2020-07-03 14:50:38 [restartedMain] [o.s.s.quartz.SchedulerFactoryBean] ====message: Starting Quartz Scheduler now
[INFO ] 2020-07-03 14:50:38 [restartedMain] [org.quartz.core.QuartzScheduler] ====message: Scheduler quartzScheduler_$_NON_CLUSTERED started.
[INFO ] 2020-07-03 14:50:38 [restartedMain] [c.m.v.c.i.AbstractPoolBackedDataSource] ====message: Initializing c3p0 pool... com.mchange.v2.c3p0.ComboPooledDataSource [ acquireIncrement -> 3, acquireRetryAttempts -> 30, acquireRetryDelay -> 1000, autoCommitOnClose -> false, automaticTestTable -> null, breakAfterAcquireFailure -> false, checkoutTimeout -> 0, connectionCustomizerClassName -> null, connectionTesterClassName -> com.mchange.v2.c3p0.impl.DefaultConnectionTester, contextClassLoaderSource -> caller, dataSourceName -> 2ybz0jab4240n219te0dz|469f9d3d, debugUnreturnedConnectionStackTraces -> false, description -> null, driverClass -> com.microsoft.sqlserver.jdbc.SQLServerDriver, extensions -> {}, factoryClassLocation -> null, forceIgnoreUnresolvedTransactions -> false, forceSynchronousCheckins -> false, forceUseNamedDriverClass -> false, identityToken -> 2ybz0jab4240n219te0dz|469f9d3d, idleConnectionTestPeriod -> 0, initialPoolSize -> 3, jdbcUrl -> jdbc:sqlserver://10.164.4.53:1433;DatabaseName=TestEnv, maxAdministrativeTaskTime -> 0, maxConnectionAge -> 0, maxIdleTime -> 0, maxIdleTimeExcessConnections -> 0, maxPoolSize -> 15, maxStatements -> 0, maxStatementsPerConnection -> 0, minPoolSize -> 3, numHelperThreads -> 3, preferredTestQuery -> null, privilegeSpawnedThreads -> false, properties -> {user=******, password=******}, propertyCycle -> 0, statementCacheNumDeferredCloseThreads -> 0, testConnectionOnCheckin -> false, testConnectionOnCheckout -> false, unreturnedConnectionTimeout -> 0, userOverrides -> {}, usesTraditionalReflectiveProxies -> false ]
[INFO ] 2020-07-03 14:50:38 [restartedMain] [com.kams.KAMSApplication] ====message: Started KAMSApplication in 0.841 seconds (JVM running for 80765.239)
[INFO ] 2020-07-03 14:50:38 [restartedMain] [o.s.b.d.a.ConditionEvaluationDeltaLoggingListener] ====message: Condition evaluation unchanged
[INFO ] 2020-07-03 14:50:38 [Thread-1424] [org.quartz.core.QuartzScheduler] ====message: Scheduler quartzScheduler_$_NON_CLUSTERED paused.
[INFO ] 2020-07-03 14:50:38 [Thread-1424] [o.s.s.quartz.SchedulerFactoryBean] ====message: Shutting down Quartz Scheduler
[INFO ] 2020-07-03 14:50:38 [Thread-1424] [org.quartz.core.QuartzScheduler] ====message: Scheduler quartzScheduler_$_NON_CLUSTERED shutting down.
[INFO ] 2020-07-03 14:50:38 [Thread-1424] [org.quartz.core.QuartzScheduler] ====message: Scheduler quartzScheduler_$_NON_CLUSTERED paused.
[INFO ] 2020-07-03 14:50:38 [Thread-1424] [org.quartz.core.QuartzScheduler] ====message: Scheduler quartzScheduler_$_NON_CLUSTERED shutdown complete.
[INFO ] 2020-07-03 14:50:38 [Thread-1424] [o.s.s.c.ThreadPoolTaskExecutor] ====message: Shutting down ExecutorService 'applicationTaskExecutor'
[INFO ] 2020-07-03 14:50:59 [restartedMain] [com.kams.KAMSApplication] ====message: Starting KAMSApplication on CNHTPYHZ2 with PID 1176 (D:\JavaDevelopment\eclipse\workspace\KAMS\target\classes started by change in D:\JavaDevelopment\eclipse\workspace\KAMS)
[INFO ] 2020-07-03 14:50:59 [restartedMain] [com.kams.KAMSApplication] ====message: The following profiles are active: uat
[INFO ] 2020-07-03 14:50:59 [restartedMain] [o.s.b.w.e.tomcat.TomcatWebServer] ====message: Tomcat initialized with port(s): 8080 (http)
[INFO ] 2020-07-03 14:50:59 [restartedMain] [o.a.coyote.http11.Http11NioProtocol] ====message: Initializing ProtocolHandler ["http-nio-8080"]
[INFO ] 2020-07-03 14:50:59 [restartedMain] [o.a.catalina.core.StandardService] ====message: Starting service [Tomcat]
[INFO ] 2020-07-03 14:50:59 [restartedMain] [o.a.catalina.core.StandardEngine] ====message: Starting Servlet engine: [Apache Tomcat/9.0.36]
[INFO ] 2020-07-03 14:50:59 [restartedMain] [o.a.c.c.C.[Tomcat].[localhost].[/]] ====message: Initializing Spring embedded WebApplicationContext
[INFO ] 2020-07-03 14:50:59 [restartedMain] [o.s.b.w.s.c.ServletWebServerApplicationContext] ====message: Root WebApplicationContext: initialization completed in 416 ms
[INFO ] 2020-07-03 14:50:59 [restartedMain] [o.s.s.c.ThreadPoolTaskExecutor] ====message: Initializing ExecutorService 'applicationTaskExecutor'
[INFO ] 2020-07-03 14:50:59 [restartedMain] [org.quartz.impl.StdSchedulerFactory] ====message: Using default implementation for ThreadExecutor
[INFO ] 2020-07-03 14:50:59 [restartedMain] [o.quartz.core.SchedulerSignalerImpl] ====message: Initialized Scheduler Signaller of type: class org.quartz.core.SchedulerSignalerImpl
[INFO ] 2020-07-03 14:50:59 [restartedMain] [org.quartz.core.QuartzScheduler] ====message: Quartz Scheduler v.2.3.2 created.
[INFO ] 2020-07-03 14:50:59 [restartedMain] [org.quartz.simpl.RAMJobStore] ====message: RAMJobStore initialized.
[INFO ] 2020-07-03 14:50:59 [restartedMain] [org.quartz.core.QuartzScheduler] ====message: Scheduler meta-data: Quartz Scheduler (v2.3.2) 'quartzScheduler' with instanceId 'NON_CLUSTERED'
  Scheduler class: 'org.quartz.core.QuartzScheduler' - running locally.
  NOT STARTED.
  Currently in standby mode.
  Number of jobs executed: 0
  Using thread pool 'org.quartz.simpl.SimpleThreadPool' - with 10 threads.
  Using job-store 'org.quartz.simpl.RAMJobStore' - which does not support persistence. and is not clustered.

[INFO ] 2020-07-03 14:50:59 [restartedMain] [org.quartz.impl.StdSchedulerFactory] ====message: Quartz scheduler 'quartzScheduler' initialized from an externally provided properties instance.
[INFO ] 2020-07-03 14:50:59 [restartedMain] [org.quartz.impl.StdSchedulerFactory] ====message: Quartz scheduler version: 2.3.2
[INFO ] 2020-07-03 14:50:59 [restartedMain] [org.quartz.core.QuartzScheduler] ====message: JobFactory set to: org.springframework.scheduling.quartz.SpringBeanJobFactory@3cb3a26e
[INFO ] 2020-07-03 14:50:59 [restartedMain] [o.s.b.d.a.OptionalLiveReloadServer] ====message: LiveReload server is running on port 35729
[INFO ] 2020-07-03 14:50:59 [restartedMain] [o.a.coyote.http11.Http11NioProtocol] ====message: Starting ProtocolHandler ["http-nio-8080"]
[INFO ] 2020-07-03 14:50:59 [restartedMain] [o.s.b.w.e.tomcat.TomcatWebServer] ====message: Tomcat started on port(s): 8080 (http) with context path ''
[INFO ] 2020-07-03 14:50:59 [restartedMain] [o.s.s.quartz.SchedulerFactoryBean] ====message: Starting Quartz Scheduler now
[INFO ] 2020-07-03 14:50:59 [restartedMain] [org.quartz.core.QuartzScheduler] ====message: Scheduler quartzScheduler_$_NON_CLUSTERED started.
[INFO ] 2020-07-03 14:50:59 [restartedMain] [c.m.v.c.i.AbstractPoolBackedDataSource] ====message: Initializing c3p0 pool... com.mchange.v2.c3p0.ComboPooledDataSource [ acquireIncrement -> 3, acquireRetryAttempts -> 30, acquireRetryDelay -> 1000, autoCommitOnClose -> false, automaticTestTable -> null, breakAfterAcquireFailure -> false, checkoutTimeout -> 0, connectionCustomizerClassName -> null, connectionTesterClassName -> com.mchange.v2.c3p0.impl.DefaultConnectionTester, contextClassLoaderSource -> caller, dataSourceName -> 2ybz0jab4240n219te0dz|3c1492b5, debugUnreturnedConnectionStackTraces -> false, description -> null, driverClass -> com.microsoft.sqlserver.jdbc.SQLServerDriver, extensions -> {}, factoryClassLocation -> null, forceIgnoreUnresolvedTransactions -> false, forceSynchronousCheckins -> false, forceUseNamedDriverClass -> false, identityToken -> 2ybz0jab4240n219te0dz|3c1492b5, idleConnectionTestPeriod -> 0, initialPoolSize -> 3, jdbcUrl -> jdbc:sqlserver://10.164.4.53:1433;DatabaseName=TestEnv, maxAdministrativeTaskTime -> 0, maxConnectionAge -> 0, maxIdleTime -> 0, maxIdleTimeExcessConnections -> 0, maxPoolSize -> 15, maxStatements -> 0, maxStatementsPerConnection -> 0, minPoolSize -> 3, numHelperThreads -> 3, preferredTestQuery -> null, privilegeSpawnedThreads -> false, properties -> {user=******, password=******}, propertyCycle -> 0, statementCacheNumDeferredCloseThreads -> 0, testConnectionOnCheckin -> false, testConnectionOnCheckout -> false, unreturnedConnectionTimeout -> 0, userOverrides -> {}, usesTraditionalReflectiveProxies -> false ]
[INFO ] 2020-07-03 14:50:59 [restartedMain] [com.kams.KAMSApplication] ====message: Started KAMSApplication in 0.86 seconds (JVM running for 80785.551)
[INFO ] 2020-07-03 14:50:59 [restartedMain] [o.s.b.d.a.ConditionEvaluationDeltaLoggingListener] ====message: Condition evaluation unchanged
[INFO ] 2020-07-03 14:50:59 [http-nio-8080-exec-1] [o.a.c.c.C.[Tomcat].[localhost].[/]] ====message: Initializing Spring DispatcherServlet 'dispatcherServlet'
[INFO ] 2020-07-03 14:50:59 [http-nio-8080-exec-1] [o.s.web.servlet.DispatcherServlet] ====message: Initializing Servlet 'dispatcherServlet'
[INFO ] 2020-07-03 14:50:59 [http-nio-8080-exec-1] [o.s.web.servlet.DispatcherServlet] ====message: Completed initialization in 2 ms
[INFO ] 2020-07-03 14:50:59 [Thread-1601] [org.quartz.core.QuartzScheduler] ====message: Scheduler quartzScheduler_$_NON_CLUSTERED paused.
[INFO ] 2020-07-03 14:50:59 [Thread-1601] [o.s.s.quartz.SchedulerFactoryBean] ====message: Shutting down Quartz Scheduler
[INFO ] 2020-07-03 14:50:59 [Thread-1601] [org.quartz.core.QuartzScheduler] ====message: Scheduler quartzScheduler_$_NON_CLUSTERED shutting down.
[INFO ] 2020-07-03 14:50:59 [Thread-1601] [org.quartz.core.QuartzScheduler] ====message: Scheduler quartzScheduler_$_NON_CLUSTERED paused.
[INFO ] 2020-07-03 14:50:59 [Thread-1601] [org.quartz.core.QuartzScheduler] ====message: Scheduler quartzScheduler_$_NON_CLUSTERED shutdown complete.
[INFO ] 2020-07-03 14:50:59 [Thread-1601] [o.s.s.c.ThreadPoolTaskExecutor] ====message: Shutting down ExecutorService 'applicationTaskExecutor'
[INFO ] 2020-07-03 14:51:34 [restartedMain] [com.kams.KAMSApplication] ====message: Starting KAMSApplication on CNHTPYHZ2 with PID 1176 (D:\JavaDevelopment\eclipse\workspace\KAMS\target\classes started by change in D:\JavaDevelopment\eclipse\workspace\KAMS)
[INFO ] 2020-07-03 14:51:34 [restartedMain] [com.kams.KAMSApplication] ====message: The following profiles are active: uat
[INFO ] 2020-07-03 14:51:34 [restartedMain] [o.s.b.w.e.tomcat.TomcatWebServer] ====message: Tomcat initialized with port(s): 8080 (http)
[INFO ] 2020-07-03 14:51:34 [restartedMain] [o.a.coyote.http11.Http11NioProtocol] ====message: Initializing ProtocolHandler ["http-nio-8080"]
[INFO ] 2020-07-03 14:51:34 [restartedMain] [o.a.catalina.core.StandardService] ====message: Starting service [Tomcat]
[INFO ] 2020-07-03 14:51:34 [restartedMain] [o.a.catalina.core.StandardEngine] ====message: Starting Servlet engine: [Apache Tomcat/9.0.36]
[INFO ] 2020-07-03 14:51:34 [restartedMain] [o.a.c.c.C.[Tomcat].[localhost].[/]] ====message: Initializing Spring embedded WebApplicationContext
[INFO ] 2020-07-03 14:51:34 [restartedMain] [o.s.b.w.s.c.ServletWebServerApplicationContext] ====message: Root WebApplicationContext: initialization completed in 356 ms
[INFO ] 2020-07-03 14:51:34 [restartedMain] [o.s.s.c.ThreadPoolTaskExecutor] ====message: Initializing ExecutorService 'applicationTaskExecutor'
[INFO ] 2020-07-03 14:51:34 [restartedMain] [org.quartz.impl.StdSchedulerFactory] ====message: Using default implementation for ThreadExecutor
[INFO ] 2020-07-03 14:51:34 [restartedMain] [o.quartz.core.SchedulerSignalerImpl] ====message: Initialized Scheduler Signaller of type: class org.quartz.core.SchedulerSignalerImpl
[INFO ] 2020-07-03 14:51:34 [restartedMain] [org.quartz.core.QuartzScheduler] ====message: Quartz Scheduler v.2.3.2 created.
[INFO ] 2020-07-03 14:51:34 [restartedMain] [org.quartz.simpl.RAMJobStore] ====message: RAMJobStore initialized.
[INFO ] 2020-07-03 14:51:34 [restartedMain] [org.quartz.core.QuartzScheduler] ====message: Scheduler meta-data: Quartz Scheduler (v2.3.2) 'quartzScheduler' with instanceId 'NON_CLUSTERED'
  Scheduler class: 'org.quartz.core.QuartzScheduler' - running locally.
  NOT STARTED.
  Currently in standby mode.
  Number of jobs executed: 0
  Using thread pool 'org.quartz.simpl.SimpleThreadPool' - with 10 threads.
  Using job-store 'org.quartz.simpl.RAMJobStore' - which does not support persistence. and is not clustered.

[INFO ] 2020-07-03 14:51:34 [restartedMain] [org.quartz.impl.StdSchedulerFactory] ====message: Quartz scheduler 'quartzScheduler' initialized from an externally provided properties instance.
[INFO ] 2020-07-03 14:51:34 [restartedMain] [org.quartz.impl.StdSchedulerFactory] ====message: Quartz scheduler version: 2.3.2
[INFO ] 2020-07-03 14:51:34 [restartedMain] [org.quartz.core.QuartzScheduler] ====message: JobFactory set to: org.springframework.scheduling.quartz.SpringBeanJobFactory@2291d059
[INFO ] 2020-07-03 14:51:34 [restartedMain] [o.s.b.d.a.OptionalLiveReloadServer] ====message: LiveReload server is running on port 35729
[INFO ] 2020-07-03 14:51:34 [restartedMain] [o.a.coyote.http11.Http11NioProtocol] ====message: Starting ProtocolHandler ["http-nio-8080"]
[INFO ] 2020-07-03 14:51:34 [restartedMain] [o.s.b.w.e.tomcat.TomcatWebServer] ====message: Tomcat started on port(s): 8080 (http) with context path ''
[INFO ] 2020-07-03 14:51:34 [restartedMain] [o.s.s.quartz.SchedulerFactoryBean] ====message: Starting Quartz Scheduler now
[INFO ] 2020-07-03 14:51:34 [restartedMain] [org.quartz.core.QuartzScheduler] ====message: Scheduler quartzScheduler_$_NON_CLUSTERED started.
[INFO ] 2020-07-03 14:51:34 [restartedMain] [c.m.v.c.i.AbstractPoolBackedDataSource] ====message: Initializing c3p0 pool... com.mchange.v2.c3p0.ComboPooledDataSource [ acquireIncrement -> 3, acquireRetryAttempts -> 30, acquireRetryDelay -> 1000, autoCommitOnClose -> false, automaticTestTable -> null, breakAfterAcquireFailure -> false, checkoutTimeout -> 0, connectionCustomizerClassName -> null, connectionTesterClassName -> com.mchange.v2.c3p0.impl.DefaultConnectionTester, contextClassLoaderSource -> caller, dataSourceName -> 2ybz0jab4240n219te0dz|5034e82a, debugUnreturnedConnectionStackTraces -> false, description -> null, driverClass -> com.microsoft.sqlserver.jdbc.SQLServerDriver, extensions -> {}, factoryClassLocation -> null, forceIgnoreUnresolvedTransactions -> false, forceSynchronousCheckins -> false, forceUseNamedDriverClass -> false, identityToken -> 2ybz0jab4240n219te0dz|5034e82a, idleConnectionTestPeriod -> 0, initialPoolSize -> 3, jdbcUrl -> jdbc:sqlserver://10.164.4.53:1433;DatabaseName=TestEnv, maxAdministrativeTaskTime -> 0, maxConnectionAge -> 0, maxIdleTime -> 0, maxIdleTimeExcessConnections -> 0, maxPoolSize -> 15, maxStatements -> 0, maxStatementsPerConnection -> 0, minPoolSize -> 3, numHelperThreads -> 3, preferredTestQuery -> null, privilegeSpawnedThreads -> false, properties -> {user=******, password=******}, propertyCycle -> 0, statementCacheNumDeferredCloseThreads -> 0, testConnectionOnCheckin -> false, testConnectionOnCheckout -> false, unreturnedConnectionTimeout -> 0, userOverrides -> {}, usesTraditionalReflectiveProxies -> false ]
[INFO ] 2020-07-03 14:51:34 [restartedMain] [com.kams.KAMSApplication] ====message: Started KAMSApplication in 0.837 seconds (JVM running for 80820.416)
[INFO ] 2020-07-03 14:51:34 [restartedMain] [o.s.b.d.a.ConditionEvaluationDeltaLoggingListener] ====message: Condition evaluation unchanged
[INFO ] 2020-07-03 14:51:34 [http-nio-8080-exec-2] [o.a.c.c.C.[Tomcat].[localhost].[/]] ====message: Initializing Spring DispatcherServlet 'dispatcherServlet'
[INFO ] 2020-07-03 14:51:34 [http-nio-8080-exec-2] [o.s.web.servlet.DispatcherServlet] ====message: Initializing Servlet 'dispatcherServlet'
[INFO ] 2020-07-03 14:51:34 [http-nio-8080-exec-2] [o.s.web.servlet.DispatcherServlet] ====message: Completed initialization in 3 ms
[INFO ] 2020-07-03 14:51:34 [Thread-1778] [org.quartz.core.QuartzScheduler] ====message: Scheduler quartzScheduler_$_NON_CLUSTERED paused.
[INFO ] 2020-07-03 14:51:34 [Thread-1778] [o.s.s.quartz.SchedulerFactoryBean] ====message: Shutting down Quartz Scheduler
[INFO ] 2020-07-03 14:51:34 [Thread-1778] [org.quartz.core.QuartzScheduler] ====message: Scheduler quartzScheduler_$_NON_CLUSTERED shutting down.
[INFO ] 2020-07-03 14:51:34 [Thread-1778] [org.quartz.core.QuartzScheduler] ====message: Scheduler quartzScheduler_$_NON_CLUSTERED paused.
[INFO ] 2020-07-03 14:51:34 [Thread-1778] [org.quartz.core.QuartzScheduler] ====message: Scheduler quartzScheduler_$_NON_CLUSTERED shutdown complete.
[INFO ] 2020-07-03 14:51:34 [Thread-1778] [o.s.s.c.ThreadPoolTaskExecutor] ====message: Shutting down ExecutorService 'applicationTaskExecutor'
[INFO ] 2020-07-03 21:39:14 [restartedMain] [com.kams.KAMSApplication] ====message: Starting KAMSApplication on CNHTPYHZ2 with PID 1176 (D:\JavaDevelopment\eclipse\workspace\KAMS\target\classes started by change in D:\JavaDevelopment\eclipse\workspace\KAMS)
[INFO ] 2020-07-03 21:39:14 [restartedMain] [com.kams.KAMSApplication] ====message: The following profiles are active: uat
[INFO ] 2020-07-03 21:39:14 [restartedMain] [o.s.b.w.e.tomcat.TomcatWebServer] ====message: Tomcat initialized with port(s): 8080 (http)
[INFO ] 2020-07-03 21:39:14 [restartedMain] [o.a.coyote.http11.Http11NioProtocol] ====message: Initializing ProtocolHandler ["http-nio-8080"]
[INFO ] 2020-07-03 21:39:14 [restartedMain] [o.a.catalina.core.StandardService] ====message: Starting service [Tomcat]
[INFO ] 2020-07-03 21:39:14 [restartedMain] [o.a.catalina.core.StandardEngine] ====message: Starting Servlet engine: [Apache Tomcat/9.0.36]
[INFO ] 2020-07-03 21:39:14 [restartedMain] [o.a.c.c.C.[Tomcat].[localhost].[/]] ====message: Initializing Spring embedded WebApplicationContext
[INFO ] 2020-07-03 21:39:14 [restartedMain] [o.s.b.w.s.c.ServletWebServerApplicationContext] ====message: Root WebApplicationContext: initialization completed in 1000 ms
[INFO ] 2020-07-03 21:39:14 [restartedMain] [o.s.s.c.ThreadPoolTaskExecutor] ====message: Initializing ExecutorService 'applicationTaskExecutor'
[INFO ] 2020-07-03 21:39:14 [restartedMain] [org.quartz.impl.StdSchedulerFactory] ====message: Using default implementation for ThreadExecutor
[INFO ] 2020-07-03 21:39:14 [restartedMain] [o.quartz.core.SchedulerSignalerImpl] ====message: Initialized Scheduler Signaller of type: class org.quartz.core.SchedulerSignalerImpl
[INFO ] 2020-07-03 21:39:14 [restartedMain] [org.quartz.core.QuartzScheduler] ====message: Quartz Scheduler v.2.3.2 created.
[INFO ] 2020-07-03 21:39:14 [restartedMain] [org.quartz.simpl.RAMJobStore] ====message: RAMJobStore initialized.
[INFO ] 2020-07-03 21:39:14 [restartedMain] [org.quartz.core.QuartzScheduler] ====message: Scheduler meta-data: Quartz Scheduler (v2.3.2) 'quartzScheduler' with instanceId 'NON_CLUSTERED'
  Scheduler class: 'org.quartz.core.QuartzScheduler' - running locally.
  NOT STARTED.
  Currently in standby mode.
  Number of jobs executed: 0
  Using thread pool 'org.quartz.simpl.SimpleThreadPool' - with 10 threads.
  Using job-store 'org.quartz.simpl.RAMJobStore' - which does not support persistence. and is not clustered.

[INFO ] 2020-07-03 21:39:14 [restartedMain] [org.quartz.impl.StdSchedulerFactory] ====message: Quartz scheduler 'quartzScheduler' initialized from an externally provided properties instance.
[INFO ] 2020-07-03 21:39:14 [restartedMain] [org.quartz.impl.StdSchedulerFactory] ====message: Quartz scheduler version: 2.3.2
[INFO ] 2020-07-03 21:39:14 [restartedMain] [org.quartz.core.QuartzScheduler] ====message: JobFactory set to: org.springframework.scheduling.quartz.SpringBeanJobFactory@31b64b4c
[INFO ] 2020-07-03 21:39:14 [restartedMain] [o.s.b.d.a.OptionalLiveReloadServer] ====message: LiveReload server is running on port 35729
[INFO ] 2020-07-03 21:39:14 [restartedMain] [o.a.coyote.http11.Http11NioProtocol] ====message: Starting ProtocolHandler ["http-nio-8080"]
[INFO ] 2020-07-03 21:39:14 [restartedMain] [o.s.b.w.e.tomcat.TomcatWebServer] ====message: Tomcat started on port(s): 8080 (http) with context path ''
[INFO ] 2020-07-03 21:39:14 [restartedMain] [o.s.s.quartz.SchedulerFactoryBean] ====message: Starting Quartz Scheduler now
[INFO ] 2020-07-03 21:39:14 [restartedMain] [org.quartz.core.QuartzScheduler] ====message: Scheduler quartzScheduler_$_NON_CLUSTERED started.
[INFO ] 2020-07-03 21:39:14 [restartedMain] [c.m.v.c.i.AbstractPoolBackedDataSource] ====message: Initializing c3p0 pool... com.mchange.v2.c3p0.ComboPooledDataSource [ acquireIncrement -> 3, acquireRetryAttempts -> 30, acquireRetryDelay -> 1000, autoCommitOnClose -> false, automaticTestTable -> null, breakAfterAcquireFailure -> false, checkoutTimeout -> 0, connectionCustomizerClassName -> null, connectionTesterClassName -> com.mchange.v2.c3p0.impl.DefaultConnectionTester, contextClassLoaderSource -> caller, dataSourceName -> 2ybz0jab4240n219te0dz|2db640d3, debugUnreturnedConnectionStackTraces -> false, description -> null, driverClass -> com.microsoft.sqlserver.jdbc.SQLServerDriver, extensions -> {}, factoryClassLocation -> null, forceIgnoreUnresolvedTransactions -> false, forceSynchronousCheckins -> false, forceUseNamedDriverClass -> false, identityToken -> 2ybz0jab4240n219te0dz|2db640d3, idleConnectionTestPeriod -> 0, initialPoolSize -> 3, jdbcUrl -> jdbc:sqlserver://10.164.4.53:1433;DatabaseName=TestEnv, maxAdministrativeTaskTime -> 0, maxConnectionAge -> 0, maxIdleTime -> 0, maxIdleTimeExcessConnections -> 0, maxPoolSize -> 15, maxStatements -> 0, maxStatementsPerConnection -> 0, minPoolSize -> 3, numHelperThreads -> 3, preferredTestQuery -> null, privilegeSpawnedThreads -> false, properties -> {user=******, password=******}, propertyCycle -> 0, statementCacheNumDeferredCloseThreads -> 0, testConnectionOnCheckin -> false, testConnectionOnCheckout -> false, unreturnedConnectionTimeout -> 0, userOverrides -> {}, usesTraditionalReflectiveProxies -> false ]
[INFO ] 2020-07-03 21:39:14 [restartedMain] [com.kams.KAMSApplication] ====message: Started KAMSApplication in 1.656 seconds (JVM running for 105281.466)
[INFO ] 2020-07-03 21:39:14 [restartedMain] [o.s.b.d.a.ConditionEvaluationDeltaLoggingListener] ====message: Condition evaluation unchanged
[INFO ] 2020-07-03 21:39:14 [http-nio-8080-exec-1] [o.a.c.c.C.[Tomcat].[localhost].[/]] ====message: Initializing Spring DispatcherServlet 'dispatcherServlet'
[INFO ] 2020-07-03 21:39:14 [http-nio-8080-exec-1] [o.s.web.servlet.DispatcherServlet] ====message: Initializing Servlet 'dispatcherServlet'
[INFO ] 2020-07-03 21:39:14 [http-nio-8080-exec-1] [o.s.web.servlet.DispatcherServlet] ====message: Completed initialization in 2 ms
